<!DOCTYPE html PUBLIC "-//W3C//DTD XHTML 1.1//EN" "http://www.w3.org/TR/xhtml11/DTD/xhtml11.dtd">
<html xmlns="http://www.w3.org/1999/xhtml">
<head>
<meta http-equiv="content-type" content="text/html; charset=UTF-8"/>
<title>TestNG Report</title>
<style type="text/css">table {margin-bottom:10px;border-collapse:collapse;empty-cells:show}th,td {border:1px solid #009;padding:.25em .5em}th {vertical-align:bottom}td {vertical-align:top}table a {font-weight:bold}.stripe td {background-color: #E6EBF9}.num {text-align:right}.passedodd td {background-color: #3F3}.passedeven td {background-color: #0A0}.skippedodd td {background-color: #DDD}.skippedeven td {background-color: #CCC}.failedodd td,.attn {background-color: #F33}.failedeven td,.stripe .attn {background-color: #D00}.stacktrace {white-space:pre;font-family:monospace}.totop {font-size:85%;text-align:center;border-bottom:2px solid #000}.invisible {display:none}</style>
</head>
<body>
<table>
<tr><th>Test</th><th># Passed</th><th># Skipped</th><th># Retried</th><th># Failed</th><th>Time (ms)</th><th>Included Groups</th><th>Excluded Groups</th></tr>
<tr><th colspan="8">Suite</th></tr>
<tr><td><a href="#t0">Test</a></td><td class="num">0</td><td class="num attn">7</td><td class="num">0</td><td class="num">0</td><td class="num">10,965</td><td></td><td></td></tr>
</table>
<table id='summary'><thead><tr><th>Class</th><th>Method</th><th>Start</th><th>Time (ms)</th></tr></thead><tbody><tr><th colspan="4">Suite</th></tr></tbody><tbody id="t0"><tr><th colspan="4">Test &#8212; failed (configuration methods)</th></tr><tr class="failedeven"><td rowspan="1">one.globalenglish.testCases.TC_Accent_003</td><td><a href="#m0">setup</a></td><td rowspan="1">1616084702016</td><td rowspan="1">2698</td></tr><tr class="failedodd"><td rowspan="1">one.globalenglish.testCases.TC_Culture_004</td><td><a href="#m1">setup</a></td><td rowspan="1">1616084704753</td><td rowspan="1">1578</td></tr><tr class="failedeven"><td rowspan="1">one.globalenglish.testCases.TC_EmailTemplate_005</td><td><a href="#m2">setup</a></td><td rowspan="1">1616084706339</td><td rowspan="1">1569</td></tr><tr class="failedodd"><td rowspan="1">one.globalenglish.testCases.TC_GCTutorial_012</td><td><a href="#m3">setup</a></td><td rowspan="1">1616084711156</td><td rowspan="1">1641</td></tr><tr class="failedeven"><td rowspan="1">one.globalenglish.testCases.TC_NewsFeed_006</td><td><a href="#m4">setup</a></td><td rowspan="1">1616084707912</td><td rowspan="1">1628</td></tr><tr class="failedodd"><td rowspan="1">one.globalenglish.testCases.TC_SystemCheck_010</td><td><a href="#m5">setup</a></td><td rowspan="1">1616084709543</td><td rowspan="1">1610</td></tr><tr><th colspan="4">Test &#8212; skipped (configuration methods)</th></tr><tr class="skippedeven"><td rowspan="1">one.globalenglish.testCases.TC_Accent_003</td><td><a href="#m6">close</a></td><td rowspan="1">1616084704751</td><td rowspan="1">-1616084704751</td></tr><tr class="skippedodd"><td rowspan="1">one.globalenglish.testCases.TC_Culture_004</td><td><a href="#m7">close</a></td><td rowspan="1">1616084706339</td><td rowspan="1">-1616084706339</td></tr><tr class="skippedeven"><td rowspan="1">one.globalenglish.testCases.TC_EmailTemplate_005</td><td><a href="#m8">close</a></td><td rowspan="1">1616084707911</td><td rowspan="1">-1616084707911</td></tr><tr class="skippedodd"><td rowspan="1">one.globalenglish.testCases.TC_GCTutorial_012</td><td><a href="#m9">close</a></td><td rowspan="1">1616084712801</td><td rowspan="1">-1616084712801</td></tr><tr class="skippedeven"><td rowspan="1">one.globalenglish.testCases.TC_NewsFeed_006</td><td><a href="#m10">close</a></td><td rowspan="1">1616084709543</td><td rowspan="1">-1616084709543</td></tr><tr class="skippedodd"><td rowspan="1">one.globalenglish.testCases.TC_SystemCheck_010</td><td><a href="#m11">close</a></td><td rowspan="1">1616084711156</td><td rowspan="1">-1616084711156</td></tr><tr><th colspan="4">Test &#8212; skipped</th></tr><tr class="skippedeven"><td rowspan="1">one.globalenglish.testCases.TC_Accent_003</td><td><a href="#m12">accent</a></td><td rowspan="1">1616084704738</td><td rowspan="1">0</td></tr><tr class="skippedodd"><td rowspan="1">one.globalenglish.testCases.TC_Culture_004</td><td><a href="#m13">Cultures</a></td><td rowspan="1">1616084706336</td><td rowspan="1">0</td></tr><tr class="skippedeven"><td rowspan="1">one.globalenglish.testCases.TC_EmailTemplate_005</td><td><a href="#m14">EmailTempValidation</a></td><td rowspan="1">1616084707911</td><td rowspan="1">0</td></tr><tr class="skippedodd"><td rowspan="2">one.globalenglish.testCases.TC_GCTutorial_012</td><td><a href="#m15">GCTutorial</a></td><td rowspan="1">1616084712799</td><td rowspan="1">0</td></tr><tr class="skippedodd"><td><a href="#m16">GCTutorial1</a></td><td rowspan="1">1616084712800</td><td rowspan="1">0</td></tr><tr class="skippedeven"><td rowspan="1">one.globalenglish.testCases.TC_NewsFeed_006</td><td><a href="#m17">NewsFeedValidation1</a></td><td rowspan="1">1616084709543</td><td rowspan="1">0</td></tr><tr class="skippedodd"><td rowspan="1">one.globalenglish.testCases.TC_SystemCheck_010</td><td><a href="#m18">SystemCheckValidation</a></td><td rowspan="1">1616084711155</td><td rowspan="1">0</td></tr></tbody>
</table>
<h2>Test</h2><h3 id="m0">one.globalenglish.testCases.TC_Accent_003#setup</h3><table class="result"><tr class="param"><th>Parameter #1</th></tr><tr class="param stripe"><td>chrome</td></tr><tr><th>Exception</th></tr><tr><td><div class="stacktrace">org.openqa.selenium.SessionNotCreatedException: session not created: This version of ChromeDriver only supports Chrome version 87
Current browser version is 89.0.4389.90 with binary path C:\Program Files (x86)\Google\Chrome\Application\chrome.exe
Build info: version: &apos;3.141.59&apos;, revision: &apos;e82be7d358&apos;, time: &apos;2018-11-14T08:17:03&apos;
System info: host: &apos;441SN13&apos;, ip: &apos;192.168.29.207&apos;, os.name: &apos;Windows 10&apos;, os.arch: &apos;amd64&apos;, os.version: &apos;10.0&apos;, java.version: &apos;1.8.0_271&apos;
Driver info: driver.version: ChromeDriver
remote stacktrace: Backtrace:
	Ordinal0 [0x00AFC0C3+3326147]
	Ordinal0 [0x009E0851+2164817]
	Ordinal0 [0x00867298+619160]
	Ordinal0 [0x007E1D92+73106]
	Ordinal0 [0x007DE119+57625]
	Ordinal0 [0x007DC38A+50058]
	Ordinal0 [0x00805F3E+220990]
	Ordinal0 [0x00805CAC+220332]
	Ordinal0 [0x0080189B+202907]
	Ordinal0 [0x007E3DF4+81396]
	Ordinal0 [0x007E4DEE+85486]
	Ordinal0 [0x007E4D79+85369]
	Ordinal0 [0x009F85DC+2262492]
	GetHandleVerifier [0x00C82874+1487204]
	GetHandleVerifier [0x00C823CD+1486013]
	GetHandleVerifier [0x00C8A368+1518680]
	GetHandleVerifier [0x00C82F4E+1488958]
	Ordinal0 [0x009EED0D+2223373]
	Ordinal0 [0x009FA12B+2269483]
	Ordinal0 [0x009FA26F+2269807]
	Ordinal0 [0x00A0ECB8+2354360]
	BaseThreadInitThunk [0x750DF989+25]
	RtlGetAppContainerNamedObjectPath [0x76FC7084+228]
	RtlGetAppContainerNamedObjectPath [0x76FC7054+180]

	at org.openqa.selenium.remote.W3CHandshakeResponse.lambda$errorHandler$0(W3CHandshakeResponse.java:62)
	at org.openqa.selenium.remote.HandshakeResponse.lambda$getResponseFunction$0(HandshakeResponse.java:30)
	at org.openqa.selenium.remote.ProtocolHandshake.lambda$createSession$0(ProtocolHandshake.java:126)
	at java.util.stream.ReferencePipeline$3$1.accept(ReferencePipeline.java:193)
	at java.util.Spliterators$ArraySpliterator.tryAdvance(Spliterators.java:958)
	at java.util.stream.ReferencePipeline.forEachWithCancel(ReferencePipeline.java:126)
	at java.util.stream.AbstractPipeline.copyIntoWithCancel(AbstractPipeline.java:499)
	at java.util.stream.AbstractPipeline.copyInto(AbstractPipeline.java:486)
	at java.util.stream.AbstractPipeline.wrapAndCopyInto(AbstractPipeline.java:472)
	at java.util.stream.FindOps$FindOp.evaluateSequential(FindOps.java:152)
	at java.util.stream.AbstractPipeline.evaluate(AbstractPipeline.java:234)
	at java.util.stream.ReferencePipeline.findFirst(ReferencePipeline.java:464)
	at org.openqa.selenium.remote.ProtocolHandshake.createSession(ProtocolHandshake.java:128)
	at org.openqa.selenium.remote.ProtocolHandshake.createSession(ProtocolHandshake.java:74)
	at org.openqa.selenium.remote.HttpCommandExecutor.execute(HttpCommandExecutor.java:136)
	at org.openqa.selenium.remote.service.DriverCommandExecutor.execute(DriverCommandExecutor.java:83)
	at org.openqa.selenium.remote.RemoteWebDriver.execute(RemoteWebDriver.java:552)
	at org.openqa.selenium.remote.RemoteWebDriver.startSession(RemoteWebDriver.java:213)
	at org.openqa.selenium.remote.RemoteWebDriver.&lt;init&gt;(RemoteWebDriver.java:131)
	at org.openqa.selenium.chrome.ChromeDriver.&lt;init&gt;(ChromeDriver.java:181)
	at org.openqa.selenium.chrome.ChromeDriver.&lt;init&gt;(ChromeDriver.java:168)
	at org.openqa.selenium.chrome.ChromeDriver.&lt;init&gt;(ChromeDriver.java:123)
	at one.globalenglish.testCases.BaseClass.setup(BaseClass.java:55)
	at java.util.ArrayList.forEach(ArrayList.java:1259)
... Removed 32 stack frames</div></td></tr></table><p class="totop"><a href="#summary">back to summary</a></p>
<h3 id="m1">one.globalenglish.testCases.TC_Culture_004#setup</h3><table class="result"><tr class="param"><th>Parameter #1</th></tr><tr class="param stripe"><td>chrome</td></tr><tr><th>Exception</th></tr><tr><td><div class="stacktrace">org.openqa.selenium.SessionNotCreatedException: session not created: This version of ChromeDriver only supports Chrome version 87
Current browser version is 89.0.4389.90 with binary path C:\Program Files (x86)\Google\Chrome\Application\chrome.exe
Build info: version: &apos;3.141.59&apos;, revision: &apos;e82be7d358&apos;, time: &apos;2018-11-14T08:17:03&apos;
System info: host: &apos;441SN13&apos;, ip: &apos;192.168.29.207&apos;, os.name: &apos;Windows 10&apos;, os.arch: &apos;amd64&apos;, os.version: &apos;10.0&apos;, java.version: &apos;1.8.0_271&apos;
Driver info: driver.version: ChromeDriver
remote stacktrace: Backtrace:
	Ordinal0 [0x00AFC0C3+3326147]
	Ordinal0 [0x009E0851+2164817]
	Ordinal0 [0x00867298+619160]
	Ordinal0 [0x007E1D92+73106]
	Ordinal0 [0x007DE119+57625]
	Ordinal0 [0x007DC38A+50058]
	Ordinal0 [0x00805F3E+220990]
	Ordinal0 [0x00805CAC+220332]
	Ordinal0 [0x0080189B+202907]
	Ordinal0 [0x007E3DF4+81396]
	Ordinal0 [0x007E4DEE+85486]
	Ordinal0 [0x007E4D79+85369]
	Ordinal0 [0x009F85DC+2262492]
	GetHandleVerifier [0x00C82874+1487204]
	GetHandleVerifier [0x00C823CD+1486013]
	GetHandleVerifier [0x00C8A368+1518680]
	GetHandleVerifier [0x00C82F4E+1488958]
	Ordinal0 [0x009EED0D+2223373]
	Ordinal0 [0x009FA12B+2269483]
	Ordinal0 [0x009FA26F+2269807]
	Ordinal0 [0x00A0ECB8+2354360]
	BaseThreadInitThunk [0x750DF989+25]
	RtlGetAppContainerNamedObjectPath [0x76FC7084+228]
	RtlGetAppContainerNamedObjectPath [0x76FC7054+180]

	at org.openqa.selenium.remote.W3CHandshakeResponse.lambda$errorHandler$0(W3CHandshakeResponse.java:62)
	at org.openqa.selenium.remote.HandshakeResponse.lambda$getResponseFunction$0(HandshakeResponse.java:30)
	at org.openqa.selenium.remote.ProtocolHandshake.lambda$createSession$0(ProtocolHandshake.java:126)
	at java.util.stream.ReferencePipeline$3$1.accept(ReferencePipeline.java:193)
	at java.util.Spliterators$ArraySpliterator.tryAdvance(Spliterators.java:958)
	at java.util.stream.ReferencePipeline.forEachWithCancel(ReferencePipeline.java:126)
	at java.util.stream.AbstractPipeline.copyIntoWithCancel(AbstractPipeline.java:499)
	at java.util.stream.AbstractPipeline.copyInto(AbstractPipeline.java:486)
	at java.util.stream.AbstractPipeline.wrapAndCopyInto(AbstractPipeline.java:472)
	at java.util.stream.FindOps$FindOp.evaluateSequential(FindOps.java:152)
	at java.util.stream.AbstractPipeline.evaluate(AbstractPipeline.java:234)
	at java.util.stream.ReferencePipeline.findFirst(ReferencePipeline.java:464)
	at org.openqa.selenium.remote.ProtocolHandshake.createSession(ProtocolHandshake.java:128)
	at org.openqa.selenium.remote.ProtocolHandshake.createSession(ProtocolHandshake.java:74)
	at org.openqa.selenium.remote.HttpCommandExecutor.execute(HttpCommandExecutor.java:136)
	at org.openqa.selenium.remote.service.DriverCommandExecutor.execute(DriverCommandExecutor.java:83)
	at org.openqa.selenium.remote.RemoteWebDriver.execute(RemoteWebDriver.java:552)
	at org.openqa.selenium.remote.RemoteWebDriver.startSession(RemoteWebDriver.java:213)
	at org.openqa.selenium.remote.RemoteWebDriver.&lt;init&gt;(RemoteWebDriver.java:131)
	at org.openqa.selenium.chrome.ChromeDriver.&lt;init&gt;(ChromeDriver.java:181)
	at org.openqa.selenium.chrome.ChromeDriver.&lt;init&gt;(ChromeDriver.java:168)
	at org.openqa.selenium.chrome.ChromeDriver.&lt;init&gt;(ChromeDriver.java:123)
	at one.globalenglish.testCases.BaseClass.setup(BaseClass.java:55)
	at java.util.ArrayList.forEach(ArrayList.java:1259)
... Removed 32 stack frames</div></td></tr></table><p class="totop"><a href="#summary">back to summary</a></p>
<h3 id="m2">one.globalenglish.testCases.TC_EmailTemplate_005#setup</h3><table class="result"><tr class="param"><th>Parameter #1</th></tr><tr class="param stripe"><td>chrome</td></tr><tr><th>Exception</th></tr><tr><td><div class="stacktrace">org.openqa.selenium.SessionNotCreatedException: session not created: This version of ChromeDriver only supports Chrome version 87
Current browser version is 89.0.4389.90 with binary path C:\Program Files (x86)\Google\Chrome\Application\chrome.exe
Build info: version: &apos;3.141.59&apos;, revision: &apos;e82be7d358&apos;, time: &apos;2018-11-14T08:17:03&apos;
System info: host: &apos;441SN13&apos;, ip: &apos;192.168.29.207&apos;, os.name: &apos;Windows 10&apos;, os.arch: &apos;amd64&apos;, os.version: &apos;10.0&apos;, java.version: &apos;1.8.0_271&apos;
Driver info: driver.version: ChromeDriver
remote stacktrace: Backtrace:
	Ordinal0 [0x00AFC0C3+3326147]
	Ordinal0 [0x009E0851+2164817]
	Ordinal0 [0x00867298+619160]
	Ordinal0 [0x007E1D92+73106]
	Ordinal0 [0x007DE119+57625]
	Ordinal0 [0x007DC38A+50058]
	Ordinal0 [0x00805F3E+220990]
	Ordinal0 [0x00805CAC+220332]
	Ordinal0 [0x0080189B+202907]
	Ordinal0 [0x007E3DF4+81396]
	Ordinal0 [0x007E4DEE+85486]
	Ordinal0 [0x007E4D79+85369]
	Ordinal0 [0x009F85DC+2262492]
	GetHandleVerifier [0x00C82874+1487204]
	GetHandleVerifier [0x00C823CD+1486013]
	GetHandleVerifier [0x00C8A368+1518680]
	GetHandleVerifier [0x00C82F4E+1488958]
	Ordinal0 [0x009EED0D+2223373]
	Ordinal0 [0x009FA12B+2269483]
	Ordinal0 [0x009FA26F+2269807]
	Ordinal0 [0x00A0ECB8+2354360]
	BaseThreadInitThunk [0x750DF989+25]
	RtlGetAppContainerNamedObjectPath [0x76FC7084+228]
	RtlGetAppContainerNamedObjectPath [0x76FC7054+180]

	at org.openqa.selenium.remote.W3CHandshakeResponse.lambda$errorHandler$0(W3CHandshakeResponse.java:62)
	at org.openqa.selenium.remote.HandshakeResponse.lambda$getResponseFunction$0(HandshakeResponse.java:30)
	at org.openqa.selenium.remote.ProtocolHandshake.lambda$createSession$0(ProtocolHandshake.java:126)
	at java.util.stream.ReferencePipeline$3$1.accept(ReferencePipeline.java:193)
	at java.util.Spliterators$ArraySpliterator.tryAdvance(Spliterators.java:958)
	at java.util.stream.ReferencePipeline.forEachWithCancel(ReferencePipeline.java:126)
	at java.util.stream.AbstractPipeline.copyIntoWithCancel(AbstractPipeline.java:499)
	at java.util.stream.AbstractPipeline.copyInto(AbstractPipeline.java:486)
	at java.util.stream.AbstractPipeline.wrapAndCopyInto(AbstractPipeline.java:472)
	at java.util.stream.FindOps$FindOp.evaluateSequential(FindOps.java:152)
	at java.util.stream.AbstractPipeline.evaluate(AbstractPipeline.java:234)
	at java.util.stream.ReferencePipeline.findFirst(ReferencePipeline.java:464)
	at org.openqa.selenium.remote.ProtocolHandshake.createSession(ProtocolHandshake.java:128)
	at org.openqa.selenium.remote.ProtocolHandshake.createSession(ProtocolHandshake.java:74)
	at org.openqa.selenium.remote.HttpCommandExecutor.execute(HttpCommandExecutor.java:136)
	at org.openqa.selenium.remote.service.DriverCommandExecutor.execute(DriverCommandExecutor.java:83)
	at org.openqa.selenium.remote.RemoteWebDriver.execute(RemoteWebDriver.java:552)
	at org.openqa.selenium.remote.RemoteWebDriver.startSession(RemoteWebDriver.java:213)
	at org.openqa.selenium.remote.RemoteWebDriver.&lt;init&gt;(RemoteWebDriver.java:131)
	at org.openqa.selenium.chrome.ChromeDriver.&lt;init&gt;(ChromeDriver.java:181)
	at org.openqa.selenium.chrome.ChromeDriver.&lt;init&gt;(ChromeDriver.java:168)
	at org.openqa.selenium.chrome.ChromeDriver.&lt;init&gt;(ChromeDriver.java:123)
	at one.globalenglish.testCases.BaseClass.setup(BaseClass.java:55)
	at java.util.ArrayList.forEach(ArrayList.java:1259)
... Removed 32 stack frames</div></td></tr></table><p class="totop"><a href="#summary">back to summary</a></p>
<h3 id="m3">one.globalenglish.testCases.TC_GCTutorial_012#setup</h3><table class="result"><tr class="param"><th>Parameter #1</th></tr><tr class="param stripe"><td>chrome</td></tr><tr><th>Exception</th></tr><tr><td><div class="stacktrace">org.openqa.selenium.SessionNotCreatedException: session not created: This version of ChromeDriver only supports Chrome version 87
Current browser version is 89.0.4389.90 with binary path C:\Program Files (x86)\Google\Chrome\Application\chrome.exe
Build info: version: &apos;3.141.59&apos;, revision: &apos;e82be7d358&apos;, time: &apos;2018-11-14T08:17:03&apos;
System info: host: &apos;441SN13&apos;, ip: &apos;192.168.29.207&apos;, os.name: &apos;Windows 10&apos;, os.arch: &apos;amd64&apos;, os.version: &apos;10.0&apos;, java.version: &apos;1.8.0_271&apos;
Driver info: driver.version: ChromeDriver
remote stacktrace: Backtrace:
	Ordinal0 [0x00AFC0C3+3326147]
	Ordinal0 [0x009E0851+2164817]
	Ordinal0 [0x00867298+619160]
	Ordinal0 [0x007E1D92+73106]
	Ordinal0 [0x007DE119+57625]
	Ordinal0 [0x007DC38A+50058]
	Ordinal0 [0x00805F3E+220990]
	Ordinal0 [0x00805CAC+220332]
	Ordinal0 [0x0080189B+202907]
	Ordinal0 [0x007E3DF4+81396]
	Ordinal0 [0x007E4DEE+85486]
	Ordinal0 [0x007E4D79+85369]
	Ordinal0 [0x009F85DC+2262492]
	GetHandleVerifier [0x00C82874+1487204]
	GetHandleVerifier [0x00C823CD+1486013]
	GetHandleVerifier [0x00C8A368+1518680]
	GetHandleVerifier [0x00C82F4E+1488958]
	Ordinal0 [0x009EED0D+2223373]
	Ordinal0 [0x009FA12B+2269483]
	Ordinal0 [0x009FA26F+2269807]
	Ordinal0 [0x00A0ECB8+2354360]
	BaseThreadInitThunk [0x750DF989+25]
	RtlGetAppContainerNamedObjectPath [0x76FC7084+228]
	RtlGetAppContainerNamedObjectPath [0x76FC7054+180]

	at org.openqa.selenium.remote.W3CHandshakeResponse.lambda$errorHandler$0(W3CHandshakeResponse.java:62)
	at org.openqa.selenium.remote.HandshakeResponse.lambda$getResponseFunction$0(HandshakeResponse.java:30)
	at org.openqa.selenium.remote.ProtocolHandshake.lambda$createSession$0(ProtocolHandshake.java:126)
	at java.util.stream.ReferencePipeline$3$1.accept(ReferencePipeline.java:193)
	at java.util.Spliterators$ArraySpliterator.tryAdvance(Spliterators.java:958)
	at java.util.stream.ReferencePipeline.forEachWithCancel(ReferencePipeline.java:126)
	at java.util.stream.AbstractPipeline.copyIntoWithCancel(AbstractPipeline.java:499)
	at java.util.stream.AbstractPipeline.copyInto(AbstractPipeline.java:486)
	at java.util.stream.AbstractPipeline.wrapAndCopyInto(AbstractPipeline.java:472)
	at java.util.stream.FindOps$FindOp.evaluateSequential(FindOps.java:152)
	at java.util.stream.AbstractPipeline.evaluate(AbstractPipeline.java:234)
	at java.util.stream.ReferencePipeline.findFirst(ReferencePipeline.java:464)
	at org.openqa.selenium.remote.ProtocolHandshake.createSession(ProtocolHandshake.java:128)
	at org.openqa.selenium.remote.ProtocolHandshake.createSession(ProtocolHandshake.java:74)
	at org.openqa.selenium.remote.HttpCommandExecutor.execute(HttpCommandExecutor.java:136)
	at org.openqa.selenium.remote.service.DriverCommandExecutor.execute(DriverCommandExecutor.java:83)
	at org.openqa.selenium.remote.RemoteWebDriver.execute(RemoteWebDriver.java:552)
	at org.openqa.selenium.remote.RemoteWebDriver.startSession(RemoteWebDriver.java:213)
	at org.openqa.selenium.remote.RemoteWebDriver.&lt;init&gt;(RemoteWebDriver.java:131)
	at org.openqa.selenium.chrome.ChromeDriver.&lt;init&gt;(ChromeDriver.java:181)
	at org.openqa.selenium.chrome.ChromeDriver.&lt;init&gt;(ChromeDriver.java:168)
	at org.openqa.selenium.chrome.ChromeDriver.&lt;init&gt;(ChromeDriver.java:123)
	at one.globalenglish.testCases.BaseClass.setup(BaseClass.java:55)
	at java.util.ArrayList.forEach(ArrayList.java:1259)
... Removed 32 stack frames</div></td></tr></table><p class="totop"><a href="#summary">back to summary</a></p>
<h3 id="m4">one.globalenglish.testCases.TC_NewsFeed_006#setup</h3><table class="result"><tr class="param"><th>Parameter #1</th></tr><tr class="param stripe"><td>chrome</td></tr><tr><th>Exception</th></tr><tr><td><div class="stacktrace">org.openqa.selenium.SessionNotCreatedException: session not created: This version of ChromeDriver only supports Chrome version 87
Current browser version is 89.0.4389.90 with binary path C:\Program Files (x86)\Google\Chrome\Application\chrome.exe
Build info: version: &apos;3.141.59&apos;, revision: &apos;e82be7d358&apos;, time: &apos;2018-11-14T08:17:03&apos;
System info: host: &apos;441SN13&apos;, ip: &apos;192.168.29.207&apos;, os.name: &apos;Windows 10&apos;, os.arch: &apos;amd64&apos;, os.version: &apos;10.0&apos;, java.version: &apos;1.8.0_271&apos;
Driver info: driver.version: ChromeDriver
remote stacktrace: Backtrace:
	Ordinal0 [0x00AFC0C3+3326147]
	Ordinal0 [0x009E0851+2164817]
	Ordinal0 [0x00867298+619160]
	Ordinal0 [0x007E1D92+73106]
	Ordinal0 [0x007DE119+57625]
	Ordinal0 [0x007DC38A+50058]
	Ordinal0 [0x00805F3E+220990]
	Ordinal0 [0x00805CAC+220332]
	Ordinal0 [0x0080189B+202907]
	Ordinal0 [0x007E3DF4+81396]
	Ordinal0 [0x007E4DEE+85486]
	Ordinal0 [0x007E4D79+85369]
	Ordinal0 [0x009F85DC+2262492]
	GetHandleVerifier [0x00C82874+1487204]
	GetHandleVerifier [0x00C823CD+1486013]
	GetHandleVerifier [0x00C8A368+1518680]
	GetHandleVerifier [0x00C82F4E+1488958]
	Ordinal0 [0x009EED0D+2223373]
	Ordinal0 [0x009FA12B+2269483]
	Ordinal0 [0x009FA26F+2269807]
	Ordinal0 [0x00A0ECB8+2354360]
	BaseThreadInitThunk [0x750DF989+25]
	RtlGetAppContainerNamedObjectPath [0x76FC7084+228]
	RtlGetAppContainerNamedObjectPath [0x76FC7054+180]

	at org.openqa.selenium.remote.W3CHandshakeResponse.lambda$errorHandler$0(W3CHandshakeResponse.java:62)
	at org.openqa.selenium.remote.HandshakeResponse.lambda$getResponseFunction$0(HandshakeResponse.java:30)
	at org.openqa.selenium.remote.ProtocolHandshake.lambda$createSession$0(ProtocolHandshake.java:126)
	at java.util.stream.ReferencePipeline$3$1.accept(ReferencePipeline.java:193)
	at java.util.Spliterators$ArraySpliterator.tryAdvance(Spliterators.java:958)
	at java.util.stream.ReferencePipeline.forEachWithCancel(ReferencePipeline.java:126)
	at java.util.stream.AbstractPipeline.copyIntoWithCancel(AbstractPipeline.java:499)
	at java.util.stream.AbstractPipeline.copyInto(AbstractPipeline.java:486)
	at java.util.stream.AbstractPipeline.wrapAndCopyInto(AbstractPipeline.java:472)
	at java.util.stream.FindOps$FindOp.evaluateSequential(FindOps.java:152)
	at java.util.stream.AbstractPipeline.evaluate(AbstractPipeline.java:234)
	at java.util.stream.ReferencePipeline.findFirst(ReferencePipeline.java:464)
	at org.openqa.selenium.remote.ProtocolHandshake.createSession(ProtocolHandshake.java:128)
	at org.openqa.selenium.remote.ProtocolHandshake.createSession(ProtocolHandshake.java:74)
	at org.openqa.selenium.remote.HttpCommandExecutor.execute(HttpCommandExecutor.java:136)
	at org.openqa.selenium.remote.service.DriverCommandExecutor.execute(DriverCommandExecutor.java:83)
	at org.openqa.selenium.remote.RemoteWebDriver.execute(RemoteWebDriver.java:552)
	at org.openqa.selenium.remote.RemoteWebDriver.startSession(RemoteWebDriver.java:213)
	at org.openqa.selenium.remote.RemoteWebDriver.&lt;init&gt;(RemoteWebDriver.java:131)
	at org.openqa.selenium.chrome.ChromeDriver.&lt;init&gt;(ChromeDriver.java:181)
	at org.openqa.selenium.chrome.ChromeDriver.&lt;init&gt;(ChromeDriver.java:168)
	at org.openqa.selenium.chrome.ChromeDriver.&lt;init&gt;(ChromeDriver.java:123)
	at one.globalenglish.testCases.BaseClass.setup(BaseClass.java:55)
	at java.util.ArrayList.forEach(ArrayList.java:1259)
... Removed 32 stack frames</div></td></tr></table><p class="totop"><a href="#summary">back to summary</a></p>
<h3 id="m5">one.globalenglish.testCases.TC_SystemCheck_010#setup</h3><table class="result"><tr class="param"><th>Parameter #1</th></tr><tr class="param stripe"><td>chrome</td></tr><tr><th>Exception</th></tr><tr><td><div class="stacktrace">org.openqa.selenium.SessionNotCreatedException: session not created: This version of ChromeDriver only supports Chrome version 87
Current browser version is 89.0.4389.90 with binary path C:\Program Files (x86)\Google\Chrome\Application\chrome.exe
Build info: version: &apos;3.141.59&apos;, revision: &apos;e82be7d358&apos;, time: &apos;2018-11-14T08:17:03&apos;
System info: host: &apos;441SN13&apos;, ip: &apos;192.168.29.207&apos;, os.name: &apos;Windows 10&apos;, os.arch: &apos;amd64&apos;, os.version: &apos;10.0&apos;, java.version: &apos;1.8.0_271&apos;
Driver info: driver.version: ChromeDriver
remote stacktrace: Backtrace:
	Ordinal0 [0x00AFC0C3+3326147]
	Ordinal0 [0x009E0851+2164817]
	Ordinal0 [0x00867298+619160]
	Ordinal0 [0x007E1D92+73106]
	Ordinal0 [0x007DE119+57625]
	Ordinal0 [0x007DC38A+50058]
	Ordinal0 [0x00805F3E+220990]
	Ordinal0 [0x00805CAC+220332]
	Ordinal0 [0x0080189B+202907]
	Ordinal0 [0x007E3DF4+81396]
	Ordinal0 [0x007E4DEE+85486]
	Ordinal0 [0x007E4D79+85369]
	Ordinal0 [0x009F85DC+2262492]
	GetHandleVerifier [0x00C82874+1487204]
	GetHandleVerifier [0x00C823CD+1486013]
	GetHandleVerifier [0x00C8A368+1518680]
	GetHandleVerifier [0x00C82F4E+1488958]
	Ordinal0 [0x009EED0D+2223373]
	Ordinal0 [0x009FA12B+2269483]
	Ordinal0 [0x009FA26F+2269807]
	Ordinal0 [0x00A0ECB8+2354360]
	BaseThreadInitThunk [0x750DF989+25]
	RtlGetAppContainerNamedObjectPath [0x76FC7084+228]
	RtlGetAppContainerNamedObjectPath [0x76FC7054+180]

	at org.openqa.selenium.remote.W3CHandshakeResponse.lambda$errorHandler$0(W3CHandshakeResponse.java:62)
	at org.openqa.selenium.remote.HandshakeResponse.lambda$getResponseFunction$0(HandshakeResponse.java:30)
	at org.openqa.selenium.remote.ProtocolHandshake.lambda$createSession$0(ProtocolHandshake.java:126)
	at java.util.stream.ReferencePipeline$3$1.accept(ReferencePipeline.java:193)
	at java.util.Spliterators$ArraySpliterator.tryAdvance(Spliterators.java:958)
	at java.util.stream.ReferencePipeline.forEachWithCancel(ReferencePipeline.java:126)
	at java.util.stream.AbstractPipeline.copyIntoWithCancel(AbstractPipeline.java:499)
	at java.util.stream.AbstractPipeline.copyInto(AbstractPipeline.java:486)
	at java.util.stream.AbstractPipeline.wrapAndCopyInto(AbstractPipeline.java:472)
	at java.util.stream.FindOps$FindOp.evaluateSequential(FindOps.java:152)
	at java.util.stream.AbstractPipeline.evaluate(AbstractPipeline.java:234)
	at java.util.stream.ReferencePipeline.findFirst(ReferencePipeline.java:464)
	at org.openqa.selenium.remote.ProtocolHandshake.createSession(ProtocolHandshake.java:128)
	at org.openqa.selenium.remote.ProtocolHandshake.createSession(ProtocolHandshake.java:74)
	at org.openqa.selenium.remote.HttpCommandExecutor.execute(HttpCommandExecutor.java:136)
	at org.openqa.selenium.remote.service.DriverCommandExecutor.execute(DriverCommandExecutor.java:83)
	at org.openqa.selenium.remote.RemoteWebDriver.execute(RemoteWebDriver.java:552)
	at org.openqa.selenium.remote.RemoteWebDriver.startSession(RemoteWebDriver.java:213)
	at org.openqa.selenium.remote.RemoteWebDriver.&lt;init&gt;(RemoteWebDriver.java:131)
	at org.openqa.selenium.chrome.ChromeDriver.&lt;init&gt;(ChromeDriver.java:181)
	at org.openqa.selenium.chrome.ChromeDriver.&lt;init&gt;(ChromeDriver.java:168)
	at org.openqa.selenium.chrome.ChromeDriver.&lt;init&gt;(ChromeDriver.java:123)
	at one.globalenglish.testCases.BaseClass.setup(BaseClass.java:55)
	at java.util.ArrayList.forEach(ArrayList.java:1259)
... Removed 32 stack frames</div></td></tr></table><p class="totop"><a href="#summary">back to summary</a></p>
<h3 id="m6">one.globalenglish.testCases.TC_Accent_003#close</h3><table class="result"><tr><th class="invisible"/></tr></table><p class="totop"><a href="#summary">back to summary</a></p>
<h3 id="m7">one.globalenglish.testCases.TC_Culture_004#close</h3><table class="result"><tr><th class="invisible"/></tr></table><p class="totop"><a href="#summary">back to summary</a></p>
<h3 id="m8">one.globalenglish.testCases.TC_EmailTemplate_005#close</h3><table class="result"><tr><th class="invisible"/></tr></table><p class="totop"><a href="#summary">back to summary</a></p>
<h3 id="m9">one.globalenglish.testCases.TC_GCTutorial_012#close</h3><table class="result"><tr><th class="invisible"/></tr></table><p class="totop"><a href="#summary">back to summary</a></p>
<h3 id="m10">one.globalenglish.testCases.TC_NewsFeed_006#close</h3><table class="result"><tr><th class="invisible"/></tr></table><p class="totop"><a href="#summary">back to summary</a></p>
<h3 id="m11">one.globalenglish.testCases.TC_SystemCheck_010#close</h3><table class="result"><tr><th class="invisible"/></tr></table><p class="totop"><a href="#summary">back to summary</a></p>
<h3 id="m12">one.globalenglish.testCases.TC_Accent_003#accent</h3><table class="result"><tr><th>Exception</th></tr><tr><td><div class="stacktrace">org.openqa.selenium.SessionNotCreatedException: session not created: This version of ChromeDriver only supports Chrome version 87
Current browser version is 89.0.4389.90 with binary path C:\Program Files (x86)\Google\Chrome\Application\chrome.exe
Build info: version: &apos;3.141.59&apos;, revision: &apos;e82be7d358&apos;, time: &apos;2018-11-14T08:17:03&apos;
System info: host: &apos;441SN13&apos;, ip: &apos;192.168.29.207&apos;, os.name: &apos;Windows 10&apos;, os.arch: &apos;amd64&apos;, os.version: &apos;10.0&apos;, java.version: &apos;1.8.0_271&apos;
Driver info: driver.version: ChromeDriver
remote stacktrace: Backtrace:
	Ordinal0 [0x00AFC0C3+3326147]
	Ordinal0 [0x009E0851+2164817]
	Ordinal0 [0x00867298+619160]
	Ordinal0 [0x007E1D92+73106]
	Ordinal0 [0x007DE119+57625]
	Ordinal0 [0x007DC38A+50058]
	Ordinal0 [0x00805F3E+220990]
	Ordinal0 [0x00805CAC+220332]
	Ordinal0 [0x0080189B+202907]
	Ordinal0 [0x007E3DF4+81396]
	Ordinal0 [0x007E4DEE+85486]
	Ordinal0 [0x007E4D79+85369]
	Ordinal0 [0x009F85DC+2262492]
	GetHandleVerifier [0x00C82874+1487204]
	GetHandleVerifier [0x00C823CD+1486013]
	GetHandleVerifier [0x00C8A368+1518680]
	GetHandleVerifier [0x00C82F4E+1488958]
	Ordinal0 [0x009EED0D+2223373]
	Ordinal0 [0x009FA12B+2269483]
	Ordinal0 [0x009FA26F+2269807]
	Ordinal0 [0x00A0ECB8+2354360]
	BaseThreadInitThunk [0x750DF989+25]
	RtlGetAppContainerNamedObjectPath [0x76FC7084+228]
	RtlGetAppContainerNamedObjectPath [0x76FC7054+180]

	at org.openqa.selenium.remote.W3CHandshakeResponse.lambda$errorHandler$0(W3CHandshakeResponse.java:62)
	at org.openqa.selenium.remote.HandshakeResponse.lambda$getResponseFunction$0(HandshakeResponse.java:30)
	at org.openqa.selenium.remote.ProtocolHandshake.lambda$createSession$0(ProtocolHandshake.java:126)
	at java.util.stream.ReferencePipeline$3$1.accept(ReferencePipeline.java:193)
	at java.util.Spliterators$ArraySpliterator.tryAdvance(Spliterators.java:958)
	at java.util.stream.ReferencePipeline.forEachWithCancel(ReferencePipeline.java:126)
	at java.util.stream.AbstractPipeline.copyIntoWithCancel(AbstractPipeline.java:499)
	at java.util.stream.AbstractPipeline.copyInto(AbstractPipeline.java:486)
	at java.util.stream.AbstractPipeline.wrapAndCopyInto(AbstractPipeline.java:472)
	at java.util.stream.FindOps$FindOp.evaluateSequential(FindOps.java:152)
	at java.util.stream.AbstractPipeline.evaluate(AbstractPipeline.java:234)
	at java.util.stream.ReferencePipeline.findFirst(ReferencePipeline.java:464)
	at org.openqa.selenium.remote.ProtocolHandshake.createSession(ProtocolHandshake.java:128)
	at org.openqa.selenium.remote.ProtocolHandshake.createSession(ProtocolHandshake.java:74)
	at org.openqa.selenium.remote.HttpCommandExecutor.execute(HttpCommandExecutor.java:136)
	at org.openqa.selenium.remote.service.DriverCommandExecutor.execute(DriverCommandExecutor.java:83)
	at org.openqa.selenium.remote.RemoteWebDriver.execute(RemoteWebDriver.java:552)
	at org.openqa.selenium.remote.RemoteWebDriver.startSession(RemoteWebDriver.java:213)
	at org.openqa.selenium.remote.RemoteWebDriver.&lt;init&gt;(RemoteWebDriver.java:131)
	at org.openqa.selenium.chrome.ChromeDriver.&lt;init&gt;(ChromeDriver.java:181)
	at org.openqa.selenium.chrome.ChromeDriver.&lt;init&gt;(ChromeDriver.java:168)
	at org.openqa.selenium.chrome.ChromeDriver.&lt;init&gt;(ChromeDriver.java:123)
	at one.globalenglish.testCases.BaseClass.setup(BaseClass.java:55)
	at java.util.ArrayList.forEach(ArrayList.java:1259)
... Removed 32 stack frames</div></td></tr></table><p class="totop"><a href="#summary">back to summary</a></p>
<h3 id="m13">one.globalenglish.testCases.TC_Culture_004#Cultures</h3><table class="result"><tr><th>Exception</th></tr><tr><td><div class="stacktrace">org.openqa.selenium.SessionNotCreatedException: session not created: This version of ChromeDriver only supports Chrome version 87
Current browser version is 89.0.4389.90 with binary path C:\Program Files (x86)\Google\Chrome\Application\chrome.exe
Build info: version: &apos;3.141.59&apos;, revision: &apos;e82be7d358&apos;, time: &apos;2018-11-14T08:17:03&apos;
System info: host: &apos;441SN13&apos;, ip: &apos;192.168.29.207&apos;, os.name: &apos;Windows 10&apos;, os.arch: &apos;amd64&apos;, os.version: &apos;10.0&apos;, java.version: &apos;1.8.0_271&apos;
Driver info: driver.version: ChromeDriver
remote stacktrace: Backtrace:
	Ordinal0 [0x00AFC0C3+3326147]
	Ordinal0 [0x009E0851+2164817]
	Ordinal0 [0x00867298+619160]
	Ordinal0 [0x007E1D92+73106]
	Ordinal0 [0x007DE119+57625]
	Ordinal0 [0x007DC38A+50058]
	Ordinal0 [0x00805F3E+220990]
	Ordinal0 [0x00805CAC+220332]
	Ordinal0 [0x0080189B+202907]
	Ordinal0 [0x007E3DF4+81396]
	Ordinal0 [0x007E4DEE+85486]
	Ordinal0 [0x007E4D79+85369]
	Ordinal0 [0x009F85DC+2262492]
	GetHandleVerifier [0x00C82874+1487204]
	GetHandleVerifier [0x00C823CD+1486013]
	GetHandleVerifier [0x00C8A368+1518680]
	GetHandleVerifier [0x00C82F4E+1488958]
	Ordinal0 [0x009EED0D+2223373]
	Ordinal0 [0x009FA12B+2269483]
	Ordinal0 [0x009FA26F+2269807]
	Ordinal0 [0x00A0ECB8+2354360]
	BaseThreadInitThunk [0x750DF989+25]
	RtlGetAppContainerNamedObjectPath [0x76FC7084+228]
	RtlGetAppContainerNamedObjectPath [0x76FC7054+180]

	at org.openqa.selenium.remote.W3CHandshakeResponse.lambda$errorHandler$0(W3CHandshakeResponse.java:62)
	at org.openqa.selenium.remote.HandshakeResponse.lambda$getResponseFunction$0(HandshakeResponse.java:30)
	at org.openqa.selenium.remote.ProtocolHandshake.lambda$createSession$0(ProtocolHandshake.java:126)
	at java.util.stream.ReferencePipeline$3$1.accept(ReferencePipeline.java:193)
	at java.util.Spliterators$ArraySpliterator.tryAdvance(Spliterators.java:958)
	at java.util.stream.ReferencePipeline.forEachWithCancel(ReferencePipeline.java:126)
	at java.util.stream.AbstractPipeline.copyIntoWithCancel(AbstractPipeline.java:499)
	at java.util.stream.AbstractPipeline.copyInto(AbstractPipeline.java:486)
	at java.util.stream.AbstractPipeline.wrapAndCopyInto(AbstractPipeline.java:472)
	at java.util.stream.FindOps$FindOp.evaluateSequential(FindOps.java:152)
	at java.util.stream.AbstractPipeline.evaluate(AbstractPipeline.java:234)
	at java.util.stream.ReferencePipeline.findFirst(ReferencePipeline.java:464)
	at org.openqa.selenium.remote.ProtocolHandshake.createSession(ProtocolHandshake.java:128)
	at org.openqa.selenium.remote.ProtocolHandshake.createSession(ProtocolHandshake.java:74)
	at org.openqa.selenium.remote.HttpCommandExecutor.execute(HttpCommandExecutor.java:136)
	at org.openqa.selenium.remote.service.DriverCommandExecutor.execute(DriverCommandExecutor.java:83)
	at org.openqa.selenium.remote.RemoteWebDriver.execute(RemoteWebDriver.java:552)
	at org.openqa.selenium.remote.RemoteWebDriver.startSession(RemoteWebDriver.java:213)
	at org.openqa.selenium.remote.RemoteWebDriver.&lt;init&gt;(RemoteWebDriver.java:131)
	at org.openqa.selenium.chrome.ChromeDriver.&lt;init&gt;(ChromeDriver.java:181)
	at org.openqa.selenium.chrome.ChromeDriver.&lt;init&gt;(ChromeDriver.java:168)
	at org.openqa.selenium.chrome.ChromeDriver.&lt;init&gt;(ChromeDriver.java:123)
	at one.globalenglish.testCases.BaseClass.setup(BaseClass.java:55)
	at java.util.ArrayList.forEach(ArrayList.java:1259)
... Removed 32 stack frames</div></td></tr></table><p class="totop"><a href="#summary">back to summary</a></p>
<h3 id="m14">one.globalenglish.testCases.TC_EmailTemplate_005#EmailTempValidation</h3><table class="result"><tr><th>Exception</th></tr><tr><td><div class="stacktrace">org.openqa.selenium.SessionNotCreatedException: session not created: This version of ChromeDriver only supports Chrome version 87
Current browser version is 89.0.4389.90 with binary path C:\Program Files (x86)\Google\Chrome\Application\chrome.exe
Build info: version: &apos;3.141.59&apos;, revision: &apos;e82be7d358&apos;, time: &apos;2018-11-14T08:17:03&apos;
System info: host: &apos;441SN13&apos;, ip: &apos;192.168.29.207&apos;, os.name: &apos;Windows 10&apos;, os.arch: &apos;amd64&apos;, os.version: &apos;10.0&apos;, java.version: &apos;1.8.0_271&apos;
Driver info: driver.version: ChromeDriver
remote stacktrace: Backtrace:
	Ordinal0 [0x00AFC0C3+3326147]
	Ordinal0 [0x009E0851+2164817]
	Ordinal0 [0x00867298+619160]
	Ordinal0 [0x007E1D92+73106]
	Ordinal0 [0x007DE119+57625]
	Ordinal0 [0x007DC38A+50058]
	Ordinal0 [0x00805F3E+220990]
	Ordinal0 [0x00805CAC+220332]
	Ordinal0 [0x0080189B+202907]
	Ordinal0 [0x007E3DF4+81396]
	Ordinal0 [0x007E4DEE+85486]
	Ordinal0 [0x007E4D79+85369]
	Ordinal0 [0x009F85DC+2262492]
	GetHandleVerifier [0x00C82874+1487204]
	GetHandleVerifier [0x00C823CD+1486013]
	GetHandleVerifier [0x00C8A368+1518680]
	GetHandleVerifier [0x00C82F4E+1488958]
	Ordinal0 [0x009EED0D+2223373]
	Ordinal0 [0x009FA12B+2269483]
	Ordinal0 [0x009FA26F+2269807]
	Ordinal0 [0x00A0ECB8+2354360]
	BaseThreadInitThunk [0x750DF989+25]
	RtlGetAppContainerNamedObjectPath [0x76FC7084+228]
	RtlGetAppContainerNamedObjectPath [0x76FC7054+180]

	at org.openqa.selenium.remote.W3CHandshakeResponse.lambda$errorHandler$0(W3CHandshakeResponse.java:62)
	at org.openqa.selenium.remote.HandshakeResponse.lambda$getResponseFunction$0(HandshakeResponse.java:30)
	at org.openqa.selenium.remote.ProtocolHandshake.lambda$createSession$0(ProtocolHandshake.java:126)
	at java.util.stream.ReferencePipeline$3$1.accept(ReferencePipeline.java:193)
	at java.util.Spliterators$ArraySpliterator.tryAdvance(Spliterators.java:958)
	at java.util.stream.ReferencePipeline.forEachWithCancel(ReferencePipeline.java:126)
	at java.util.stream.AbstractPipeline.copyIntoWithCancel(AbstractPipeline.java:499)
	at java.util.stream.AbstractPipeline.copyInto(AbstractPipeline.java:486)
	at java.util.stream.AbstractPipeline.wrapAndCopyInto(AbstractPipeline.java:472)
	at java.util.stream.FindOps$FindOp.evaluateSequential(FindOps.java:152)
	at java.util.stream.AbstractPipeline.evaluate(AbstractPipeline.java:234)
	at java.util.stream.ReferencePipeline.findFirst(ReferencePipeline.java:464)
	at org.openqa.selenium.remote.ProtocolHandshake.createSession(ProtocolHandshake.java:128)
	at org.openqa.selenium.remote.ProtocolHandshake.createSession(ProtocolHandshake.java:74)
	at org.openqa.selenium.remote.HttpCommandExecutor.execute(HttpCommandExecutor.java:136)
	at org.openqa.selenium.remote.service.DriverCommandExecutor.execute(DriverCommandExecutor.java:83)
	at org.openqa.selenium.remote.RemoteWebDriver.execute(RemoteWebDriver.java:552)
	at org.openqa.selenium.remote.RemoteWebDriver.startSession(RemoteWebDriver.java:213)
	at org.openqa.selenium.remote.RemoteWebDriver.&lt;init&gt;(RemoteWebDriver.java:131)
	at org.openqa.selenium.chrome.ChromeDriver.&lt;init&gt;(ChromeDriver.java:181)
	at org.openqa.selenium.chrome.ChromeDriver.&lt;init&gt;(ChromeDriver.java:168)
	at org.openqa.selenium.chrome.ChromeDriver.&lt;init&gt;(ChromeDriver.java:123)
	at one.globalenglish.testCases.BaseClass.setup(BaseClass.java:55)
	at java.util.ArrayList.forEach(ArrayList.java:1259)
... Removed 32 stack frames</div></td></tr></table><p class="totop"><a href="#summary">back to summary</a></p>
<h3 id="m15">one.globalenglish.testCases.TC_GCTutorial_012#GCTutorial</h3><table class="result"><tr><th>Exception</th></tr><tr><td><div class="stacktrace">org.openqa.selenium.SessionNotCreatedException: session not created: This version of ChromeDriver only supports Chrome version 87
Current browser version is 89.0.4389.90 with binary path C:\Program Files (x86)\Google\Chrome\Application\chrome.exe
Build info: version: &apos;3.141.59&apos;, revision: &apos;e82be7d358&apos;, time: &apos;2018-11-14T08:17:03&apos;
System info: host: &apos;441SN13&apos;, ip: &apos;192.168.29.207&apos;, os.name: &apos;Windows 10&apos;, os.arch: &apos;amd64&apos;, os.version: &apos;10.0&apos;, java.version: &apos;1.8.0_271&apos;
Driver info: driver.version: ChromeDriver
remote stacktrace: Backtrace:
	Ordinal0 [0x00AFC0C3+3326147]
	Ordinal0 [0x009E0851+2164817]
	Ordinal0 [0x00867298+619160]
	Ordinal0 [0x007E1D92+73106]
	Ordinal0 [0x007DE119+57625]
	Ordinal0 [0x007DC38A+50058]
	Ordinal0 [0x00805F3E+220990]
	Ordinal0 [0x00805CAC+220332]
	Ordinal0 [0x0080189B+202907]
	Ordinal0 [0x007E3DF4+81396]
	Ordinal0 [0x007E4DEE+85486]
	Ordinal0 [0x007E4D79+85369]
	Ordinal0 [0x009F85DC+2262492]
	GetHandleVerifier [0x00C82874+1487204]
	GetHandleVerifier [0x00C823CD+1486013]
	GetHandleVerifier [0x00C8A368+1518680]
	GetHandleVerifier [0x00C82F4E+1488958]
	Ordinal0 [0x009EED0D+2223373]
	Ordinal0 [0x009FA12B+2269483]
	Ordinal0 [0x009FA26F+2269807]
	Ordinal0 [0x00A0ECB8+2354360]
	BaseThreadInitThunk [0x750DF989+25]
	RtlGetAppContainerNamedObjectPath [0x76FC7084+228]
	RtlGetAppContainerNamedObjectPath [0x76FC7054+180]

	at org.openqa.selenium.remote.W3CHandshakeResponse.lambda$errorHandler$0(W3CHandshakeResponse.java:62)
	at org.openqa.selenium.remote.HandshakeResponse.lambda$getResponseFunction$0(HandshakeResponse.java:30)
	at org.openqa.selenium.remote.ProtocolHandshake.lambda$createSession$0(ProtocolHandshake.java:126)
	at java.util.stream.ReferencePipeline$3$1.accept(ReferencePipeline.java:193)
	at java.util.Spliterators$ArraySpliterator.tryAdvance(Spliterators.java:958)
	at java.util.stream.ReferencePipeline.forEachWithCancel(ReferencePipeline.java:126)
	at java.util.stream.AbstractPipeline.copyIntoWithCancel(AbstractPipeline.java:499)
	at java.util.stream.AbstractPipeline.copyInto(AbstractPipeline.java:486)
	at java.util.stream.AbstractPipeline.wrapAndCopyInto(AbstractPipeline.java:472)
	at java.util.stream.FindOps$FindOp.evaluateSequential(FindOps.java:152)
	at java.util.stream.AbstractPipeline.evaluate(AbstractPipeline.java:234)
	at java.util.stream.ReferencePipeline.findFirst(ReferencePipeline.java:464)
	at org.openqa.selenium.remote.ProtocolHandshake.createSession(ProtocolHandshake.java:128)
	at org.openqa.selenium.remote.ProtocolHandshake.createSession(ProtocolHandshake.java:74)
	at org.openqa.selenium.remote.HttpCommandExecutor.execute(HttpCommandExecutor.java:136)
	at org.openqa.selenium.remote.service.DriverCommandExecutor.execute(DriverCommandExecutor.java:83)
	at org.openqa.selenium.remote.RemoteWebDriver.execute(RemoteWebDriver.java:552)
	at org.openqa.selenium.remote.RemoteWebDriver.startSession(RemoteWebDriver.java:213)
	at org.openqa.selenium.remote.RemoteWebDriver.&lt;init&gt;(RemoteWebDriver.java:131)
	at org.openqa.selenium.chrome.ChromeDriver.&lt;init&gt;(ChromeDriver.java:181)
	at org.openqa.selenium.chrome.ChromeDriver.&lt;init&gt;(ChromeDriver.java:168)
	at org.openqa.selenium.chrome.ChromeDriver.&lt;init&gt;(ChromeDriver.java:123)
	at one.globalenglish.testCases.BaseClass.setup(BaseClass.java:55)
	at java.util.ArrayList.forEach(ArrayList.java:1259)
... Removed 32 stack frames</div></td></tr></table><p class="totop"><a href="#summary">back to summary</a></p>
<h3 id="m16">one.globalenglish.testCases.TC_GCTutorial_012#GCTutorial1</h3><table class="result"><tr><th>Exception</th></tr><tr><td><div class="stacktrace">org.openqa.selenium.SessionNotCreatedException: session not created: This version of ChromeDriver only supports Chrome version 87
Current browser version is 89.0.4389.90 with binary path C:\Program Files (x86)\Google\Chrome\Application\chrome.exe
Build info: version: &apos;3.141.59&apos;, revision: &apos;e82be7d358&apos;, time: &apos;2018-11-14T08:17:03&apos;
System info: host: &apos;441SN13&apos;, ip: &apos;192.168.29.207&apos;, os.name: &apos;Windows 10&apos;, os.arch: &apos;amd64&apos;, os.version: &apos;10.0&apos;, java.version: &apos;1.8.0_271&apos;
Driver info: driver.version: ChromeDriver
remote stacktrace: Backtrace:
	Ordinal0 [0x00AFC0C3+3326147]
	Ordinal0 [0x009E0851+2164817]
	Ordinal0 [0x00867298+619160]
	Ordinal0 [0x007E1D92+73106]
	Ordinal0 [0x007DE119+57625]
	Ordinal0 [0x007DC38A+50058]
	Ordinal0 [0x00805F3E+220990]
	Ordinal0 [0x00805CAC+220332]
	Ordinal0 [0x0080189B+202907]
	Ordinal0 [0x007E3DF4+81396]
	Ordinal0 [0x007E4DEE+85486]
	Ordinal0 [0x007E4D79+85369]
	Ordinal0 [0x009F85DC+2262492]
	GetHandleVerifier [0x00C82874+1487204]
	GetHandleVerifier [0x00C823CD+1486013]
	GetHandleVerifier [0x00C8A368+1518680]
	GetHandleVerifier [0x00C82F4E+1488958]
	Ordinal0 [0x009EED0D+2223373]
	Ordinal0 [0x009FA12B+2269483]
	Ordinal0 [0x009FA26F+2269807]
	Ordinal0 [0x00A0ECB8+2354360]
	BaseThreadInitThunk [0x750DF989+25]
	RtlGetAppContainerNamedObjectPath [0x76FC7084+228]
	RtlGetAppContainerNamedObjectPath [0x76FC7054+180]

	at org.openqa.selenium.remote.W3CHandshakeResponse.lambda$errorHandler$0(W3CHandshakeResponse.java:62)
	at org.openqa.selenium.remote.HandshakeResponse.lambda$getResponseFunction$0(HandshakeResponse.java:30)
	at org.openqa.selenium.remote.ProtocolHandshake.lambda$createSession$0(ProtocolHandshake.java:126)
	at java.util.stream.ReferencePipeline$3$1.accept(ReferencePipeline.java:193)
	at java.util.Spliterators$ArraySpliterator.tryAdvance(Spliterators.java:958)
	at java.util.stream.ReferencePipeline.forEachWithCancel(ReferencePipeline.java:126)
	at java.util.stream.AbstractPipeline.copyIntoWithCancel(AbstractPipeline.java:499)
	at java.util.stream.AbstractPipeline.copyInto(AbstractPipeline.java:486)
	at java.util.stream.AbstractPipeline.wrapAndCopyInto(AbstractPipeline.java:472)
	at java.util.stream.FindOps$FindOp.evaluateSequential(FindOps.java:152)
	at java.util.stream.AbstractPipeline.evaluate(AbstractPipeline.java:234)
	at java.util.stream.ReferencePipeline.findFirst(ReferencePipeline.java:464)
	at org.openqa.selenium.remote.ProtocolHandshake.createSession(ProtocolHandshake.java:128)
	at org.openqa.selenium.remote.ProtocolHandshake.createSession(ProtocolHandshake.java:74)
	at org.openqa.selenium.remote.HttpCommandExecutor.execute(HttpCommandExecutor.java:136)
	at org.openqa.selenium.remote.service.DriverCommandExecutor.execute(DriverCommandExecutor.java:83)
	at org.openqa.selenium.remote.RemoteWebDriver.execute(RemoteWebDriver.java:552)
	at org.openqa.selenium.remote.RemoteWebDriver.startSession(RemoteWebDriver.java:213)
	at org.openqa.selenium.remote.RemoteWebDriver.&lt;init&gt;(RemoteWebDriver.java:131)
	at org.openqa.selenium.chrome.ChromeDriver.&lt;init&gt;(ChromeDriver.java:181)
	at org.openqa.selenium.chrome.ChromeDriver.&lt;init&gt;(ChromeDriver.java:168)
	at org.openqa.selenium.chrome.ChromeDriver.&lt;init&gt;(ChromeDriver.java:123)
	at one.globalenglish.testCases.BaseClass.setup(BaseClass.java:55)
	at java.util.ArrayList.forEach(ArrayList.java:1259)
... Removed 32 stack frames</div></td></tr></table><p class="totop"><a href="#summary">back to summary</a></p>
<h3 id="m17">one.globalenglish.testCases.TC_NewsFeed_006#NewsFeedValidation1</h3><table class="result"><tr><th>Exception</th></tr><tr><td><div class="stacktrace">org.openqa.selenium.SessionNotCreatedException: session not created: This version of ChromeDriver only supports Chrome version 87
Current browser version is 89.0.4389.90 with binary path C:\Program Files (x86)\Google\Chrome\Application\chrome.exe
Build info: version: &apos;3.141.59&apos;, revision: &apos;e82be7d358&apos;, time: &apos;2018-11-14T08:17:03&apos;
System info: host: &apos;441SN13&apos;, ip: &apos;192.168.29.207&apos;, os.name: &apos;Windows 10&apos;, os.arch: &apos;amd64&apos;, os.version: &apos;10.0&apos;, java.version: &apos;1.8.0_271&apos;
Driver info: driver.version: ChromeDriver
remote stacktrace: Backtrace:
	Ordinal0 [0x00AFC0C3+3326147]
	Ordinal0 [0x009E0851+2164817]
	Ordinal0 [0x00867298+619160]
	Ordinal0 [0x007E1D92+73106]
	Ordinal0 [0x007DE119+57625]
	Ordinal0 [0x007DC38A+50058]
	Ordinal0 [0x00805F3E+220990]
	Ordinal0 [0x00805CAC+220332]
	Ordinal0 [0x0080189B+202907]
	Ordinal0 [0x007E3DF4+81396]
	Ordinal0 [0x007E4DEE+85486]
	Ordinal0 [0x007E4D79+85369]
	Ordinal0 [0x009F85DC+2262492]
	GetHandleVerifier [0x00C82874+1487204]
	GetHandleVerifier [0x00C823CD+1486013]
	GetHandleVerifier [0x00C8A368+1518680]
	GetHandleVerifier [0x00C82F4E+1488958]
	Ordinal0 [0x009EED0D+2223373]
	Ordinal0 [0x009FA12B+2269483]
	Ordinal0 [0x009FA26F+2269807]
	Ordinal0 [0x00A0ECB8+2354360]
	BaseThreadInitThunk [0x750DF989+25]
	RtlGetAppContainerNamedObjectPath [0x76FC7084+228]
	RtlGetAppContainerNamedObjectPath [0x76FC7054+180]

	at org.openqa.selenium.remote.W3CHandshakeResponse.lambda$errorHandler$0(W3CHandshakeResponse.java:62)
	at org.openqa.selenium.remote.HandshakeResponse.lambda$getResponseFunction$0(HandshakeResponse.java:30)
	at org.openqa.selenium.remote.ProtocolHandshake.lambda$createSession$0(ProtocolHandshake.java:126)
	at java.util.stream.ReferencePipeline$3$1.accept(ReferencePipeline.java:193)
	at java.util.Spliterators$ArraySpliterator.tryAdvance(Spliterators.java:958)
	at java.util.stream.ReferencePipeline.forEachWithCancel(ReferencePipeline.java:126)
	at java.util.stream.AbstractPipeline.copyIntoWithCancel(AbstractPipeline.java:499)
	at java.util.stream.AbstractPipeline.copyInto(AbstractPipeline.java:486)
	at java.util.stream.AbstractPipeline.wrapAndCopyInto(AbstractPipeline.java:472)
	at java.util.stream.FindOps$FindOp.evaluateSequential(FindOps.java:152)
	at java.util.stream.AbstractPipeline.evaluate(AbstractPipeline.java:234)
	at java.util.stream.ReferencePipeline.findFirst(ReferencePipeline.java:464)
	at org.openqa.selenium.remote.ProtocolHandshake.createSession(ProtocolHandshake.java:128)
	at org.openqa.selenium.remote.ProtocolHandshake.createSession(ProtocolHandshake.java:74)
	at org.openqa.selenium.remote.HttpCommandExecutor.execute(HttpCommandExecutor.java:136)
	at org.openqa.selenium.remote.service.DriverCommandExecutor.execute(DriverCommandExecutor.java:83)
	at org.openqa.selenium.remote.RemoteWebDriver.execute(RemoteWebDriver.java:552)
	at org.openqa.selenium.remote.RemoteWebDriver.startSession(RemoteWebDriver.java:213)
	at org.openqa.selenium.remote.RemoteWebDriver.&lt;init&gt;(RemoteWebDriver.java:131)
	at org.openqa.selenium.chrome.ChromeDriver.&lt;init&gt;(ChromeDriver.java:181)
	at org.openqa.selenium.chrome.ChromeDriver.&lt;init&gt;(ChromeDriver.java:168)
	at org.openqa.selenium.chrome.ChromeDriver.&lt;init&gt;(ChromeDriver.java:123)
	at one.globalenglish.testCases.BaseClass.setup(BaseClass.java:55)
	at java.util.ArrayList.forEach(ArrayList.java:1259)
... Removed 32 stack frames</div></td></tr></table><p class="totop"><a href="#summary">back to summary</a></p>
<h3 id="m18">one.globalenglish.testCases.TC_SystemCheck_010#SystemCheckValidation</h3><table class="result"><tr><th>Exception</th></tr><tr><td><div class="stacktrace">org.openqa.selenium.SessionNotCreatedException: session not created: This version of ChromeDriver only supports Chrome version 87
Current browser version is 89.0.4389.90 with binary path C:\Program Files (x86)\Google\Chrome\Application\chrome.exe
Build info: version: &apos;3.141.59&apos;, revision: &apos;e82be7d358&apos;, time: &apos;2018-11-14T08:17:03&apos;
System info: host: &apos;441SN13&apos;, ip: &apos;192.168.29.207&apos;, os.name: &apos;Windows 10&apos;, os.arch: &apos;amd64&apos;, os.version: &apos;10.0&apos;, java.version: &apos;1.8.0_271&apos;
Driver info: driver.version: ChromeDriver
remote stacktrace: Backtrace:
	Ordinal0 [0x00AFC0C3+3326147]
	Ordinal0 [0x009E0851+2164817]
	Ordinal0 [0x00867298+619160]
	Ordinal0 [0x007E1D92+73106]
	Ordinal0 [0x007DE119+57625]
	Ordinal0 [0x007DC38A+50058]
	Ordinal0 [0x00805F3E+220990]
	Ordinal0 [0x00805CAC+220332]
	Ordinal0 [0x0080189B+202907]
	Ordinal0 [0x007E3DF4+81396]
	Ordinal0 [0x007E4DEE+85486]
	Ordinal0 [0x007E4D79+85369]
	Ordinal0 [0x009F85DC+2262492]
	GetHandleVerifier [0x00C82874+1487204]
	GetHandleVerifier [0x00C823CD+1486013]
	GetHandleVerifier [0x00C8A368+1518680]
	GetHandleVerifier [0x00C82F4E+1488958]
	Ordinal0 [0x009EED0D+2223373]
	Ordinal0 [0x009FA12B+2269483]
	Ordinal0 [0x009FA26F+2269807]
	Ordinal0 [0x00A0ECB8+2354360]
	BaseThreadInitThunk [0x750DF989+25]
	RtlGetAppContainerNamedObjectPath [0x76FC7084+228]
	RtlGetAppContainerNamedObjectPath [0x76FC7054+180]

	at org.openqa.selenium.remote.W3CHandshakeResponse.lambda$errorHandler$0(W3CHandshakeResponse.java:62)
	at org.openqa.selenium.remote.HandshakeResponse.lambda$getResponseFunction$0(HandshakeResponse.java:30)
	at org.openqa.selenium.remote.ProtocolHandshake.lambda$createSession$0(ProtocolHandshake.java:126)
	at java.util.stream.ReferencePipeline$3$1.accept(ReferencePipeline.java:193)
	at java.util.Spliterators$ArraySpliterator.tryAdvance(Spliterators.java:958)
	at java.util.stream.ReferencePipeline.forEachWithCancel(ReferencePipeline.java:126)
	at java.util.stream.AbstractPipeline.copyIntoWithCancel(AbstractPipeline.java:499)
	at java.util.stream.AbstractPipeline.copyInto(AbstractPipeline.java:486)
	at java.util.stream.AbstractPipeline.wrapAndCopyInto(AbstractPipeline.java:472)
	at java.util.stream.FindOps$FindOp.evaluateSequential(FindOps.java:152)
	at java.util.stream.AbstractPipeline.evaluate(AbstractPipeline.java:234)
	at java.util.stream.ReferencePipeline.findFirst(ReferencePipeline.java:464)
	at org.openqa.selenium.remote.ProtocolHandshake.createSession(ProtocolHandshake.java:128)
	at org.openqa.selenium.remote.ProtocolHandshake.createSession(ProtocolHandshake.java:74)
	at org.openqa.selenium.remote.HttpCommandExecutor.execute(HttpCommandExecutor.java:136)
	at org.openqa.selenium.remote.service.DriverCommandExecutor.execute(DriverCommandExecutor.java:83)
	at org.openqa.selenium.remote.RemoteWebDriver.execute(RemoteWebDriver.java:552)
	at org.openqa.selenium.remote.RemoteWebDriver.startSession(RemoteWebDriver.java:213)
	at org.openqa.selenium.remote.RemoteWebDriver.&lt;init&gt;(RemoteWebDriver.java:131)
	at org.openqa.selenium.chrome.ChromeDriver.&lt;init&gt;(ChromeDriver.java:181)
	at org.openqa.selenium.chrome.ChromeDriver.&lt;init&gt;(ChromeDriver.java:168)
	at org.openqa.selenium.chrome.ChromeDriver.&lt;init&gt;(ChromeDriver.java:123)
	at one.globalenglish.testCases.BaseClass.setup(BaseClass.java:55)
	at java.util.ArrayList.forEach(ArrayList.java:1259)
... Removed 32 stack frames</div></td></tr></table><p class="totop"><a href="#summary">back to summary</a></p>
</body>
</html>
