<?xml version="1.0" encoding="UTF-8"?>
<testsuite name="TestSuite" time="11.475" tests="19" errors="0" skipped="13" failures="6">
  <properties>
    <property name="java.runtime.name" value="Java(TM) SE Runtime Environment"/>
    <property name="sun.boot.library.path" value="C:\Program Files\Java\jdk1.8.0_271\jre\bin"/>
    <property name="java.vm.version" value="25.271-b09"/>
    <property name="java.vm.vendor" value="Oracle Corporation"/>
    <property name="maven.multiModuleProjectDirectory" value="C:\Users\VictorArunJoseph\eclipse-workspace\One"/>
    <property name="java.vendor.url" value="http://java.oracle.com/"/>
    <property name="path.separator" value=";"/>
    <property name="guice.disable.misplaced.annotation.check" value="true"/>
    <property name="java.vm.name" value="Java HotSpot(TM) 64-Bit Server VM"/>
    <property name="file.encoding.pkg" value="sun.io"/>
    <property name="user.script" value=""/>
    <property name="user.country" value="IN"/>
    <property name="sun.java.launcher" value="SUN_STANDARD"/>
    <property name="sun.os.patch.level" value=""/>
    <property name="java.vm.specification.name" value="Java Virtual Machine Specification"/>
    <property name="user.dir" value="C:\Users\VictorArunJoseph\eclipse-workspace\One"/>
    <property name="java.runtime.version" value="1.8.0_271-b09"/>
    <property name="java.awt.graphicsenv" value="sun.awt.Win32GraphicsEnvironment"/>
    <property name="java.endorsed.dirs" value="C:\Program Files\Java\jdk1.8.0_271\jre\lib\endorsed"/>
    <property name="os.arch" value="amd64"/>
    <property name="java.io.tmpdir" value="C:\Users\VICTOR~1\AppData\Local\Temp\"/>
    <property name="line.separator" value="&#10;"/>
    <property name="java.vm.specification.vendor" value="Oracle Corporation"/>
    <property name="user.variant" value=""/>
    <property name="os.name" value="Windows 10"/>
    <property name="classworlds.conf" value="C:\Users\VictorArunJoseph\eclipse-workspace\.metadata\.plugins\org.eclipse.m2e.launching\launches\m2conf8349710034223840573.tmp"/>
    <property name="sun.jnu.encoding" value="Cp1252"/>
    <property name="java.library.path" value="C:\Program Files\Java\jdk1.8.0_271\bin;C:\WINDOWS\Sun\Java\bin;C:\WINDOWS\system32;C:\WINDOWS;C:/Program Files/Java/jre1.8.0_271/bin/server;C:/Program Files/Java/jre1.8.0_271/bin;C:/Program Files/Java/jre1.8.0_271/lib/amd64;C:\Program Files (x86)\Common Files\Oracle\Java\javapath;C:\Python39\Scripts\;C:\Python39\;C:\WINDOWS\system32;C:\WINDOWS;C:\WINDOWS\System32\Wbem;C:\WINDOWS\System32\WindowsPowerShell\v1.0\;C:\WINDOWS\System32\OpenSSH\;C:\Program Files\Java\jdk1.8.0_271\lib;C:\Users\VictorArunJoseph\Automation\apache-maven-3.6.3\bin;C:\Program Files\Microsoft VS Code\bin;C:\Program Files\nodejs\;C:\ProgramData\chocolatey\bin;%M2_HOME%\bin;C:\Program Files\Java\jdk1.8.0_271\bin;C:\Program Files\Git\cmd;C:\Users\VictorArunJoseph\AppData\Local\Microsoft\WindowsApps;C:\Users\VictorArunJoseph\AppData\Roaming\npm;C:\Users\VictorArunJoseph\Automation\eclipse;;."/>
    <property name="java.specification.name" value="Java Platform API Specification"/>
    <property name="java.class.version" value="52.0"/>
    <property name="sun.management.compiler" value="HotSpot 64-Bit Tiered Compilers"/>
    <property name="os.version" value="10.0"/>
    <property name="user.home" value="C:\Users\VictorArunJoseph"/>
    <property name="user.timezone" value="Asia/Calcutta"/>
    <property name="java.awt.printerjob" value="sun.awt.windows.WPrinterJob"/>
    <property name="java.specification.version" value="1.8"/>
    <property name="file.encoding" value="Cp1252"/>
    <property name="user.name" value="VictorArunJoseph"/>
    <property name="java.class.path" value="C:\Users\VictorArunJoseph\Automation\eclipse\plugins\org.eclipse.m2e.maven.runtime_1.16.0.20200610-1735\jars\plexus-classworlds-2.6.0.jar"/>
    <property name="java.vm.specification.version" value="1.8"/>
    <property name="sun.arch.data.model" value="64"/>
    <property name="java.home" value="C:\Program Files\Java\jdk1.8.0_271\jre"/>
    <property name="sun.java.command" value="org.codehaus.plexus.classworlds.launcher.Launcher -B test"/>
    <property name="java.specification.vendor" value="Oracle Corporation"/>
    <property name="user.language" value="en"/>
    <property name="awt.toolkit" value="sun.awt.windows.WToolkit"/>
    <property name="java.vm.info" value="mixed mode"/>
    <property name="java.version" value="1.8.0_271"/>
    <property name="java.ext.dirs" value="C:\Program Files\Java\jdk1.8.0_271\jre\lib\ext;C:\WINDOWS\Sun\Java\lib\ext"/>
    <property name="sun.boot.class.path" value="C:\Program Files\Java\jdk1.8.0_271\jre\lib\resources.jar;C:\Program Files\Java\jdk1.8.0_271\jre\lib\rt.jar;C:\Program Files\Java\jdk1.8.0_271\jre\lib\sunrsasign.jar;C:\Program Files\Java\jdk1.8.0_271\jre\lib\jsse.jar;C:\Program Files\Java\jdk1.8.0_271\jre\lib\jce.jar;C:\Program Files\Java\jdk1.8.0_271\jre\lib\charsets.jar;C:\Program Files\Java\jdk1.8.0_271\jre\lib\jfr.jar;C:\Program Files\Java\jdk1.8.0_271\jre\classes"/>
    <property name="java.vendor" value="Oracle Corporation"/>
    <property name="maven.home" value="C:\Users\VictorArunJoseph\eclipse-workspace\One\EMBEDDED"/>
    <property name="file.separator" value="\"/>
    <property name="java.vendor.url.bug" value="http://bugreport.sun.com/bugreport/"/>
    <property name="sun.cpu.endian" value="little"/>
    <property name="sun.io.unicode.encoding" value="UnicodeLittle"/>
    <property name="sun.desktop" value="windows"/>
    <property name="sun.cpu.isalist" value="amd64"/>
  </properties>
  <testcase name="setup" classname="one.globalenglish.testCases.TC_Accent_003" time="3.416">
    <failure message="session not created: This version of ChromeDriver only supports Chrome version 87&#10;Current browser version is 89.0.4389.90 with binary path C:\Program Files (x86)\Google\Chrome\Application\chrome.exe&#10;Build info: version: &apos;3.141.59&apos;, revision: &apos;e82be7d358&apos;, time: &apos;2018-11-14T08:17:03&apos;&#10;System info: host: &apos;441SN13&apos;, ip: &apos;192.168.29.207&apos;, os.name: &apos;Windows 10&apos;, os.arch: &apos;amd64&apos;, os.version: &apos;10.0&apos;, java.version: &apos;1.8.0_271&apos;&#10;Driver info: driver.version: ChromeDriver&#10;remote stacktrace: Backtrace:&#10;	Ordinal0 [0x00AFC0C3+3326147]&#10;	Ordinal0 [0x009E0851+2164817]&#10;	Ordinal0 [0x00867298+619160]&#10;	Ordinal0 [0x007E1D92+73106]&#10;	Ordinal0 [0x007DE119+57625]&#10;	Ordinal0 [0x007DC38A+50058]&#10;	Ordinal0 [0x00805F3E+220990]&#10;	Ordinal0 [0x00805CAC+220332]&#10;	Ordinal0 [0x0080189B+202907]&#10;	Ordinal0 [0x007E3DF4+81396]&#10;	Ordinal0 [0x007E4DEE+85486]&#10;	Ordinal0 [0x007E4D79+85369]&#10;	Ordinal0 [0x009F85DC+2262492]&#10;	GetHandleVerifier [0x00C82874+1487204]&#10;	GetHandleVerifier [0x00C823CD+1486013]&#10;	GetHandleVerifier [0x00C8A368+1518680]&#10;	GetHandleVerifier [0x00C82F4E+1488958]&#10;	Ordinal0 [0x009EED0D+2223373]&#10;	Ordinal0 [0x009FA12B+2269483]&#10;	Ordinal0 [0x009FA26F+2269807]&#10;	Ordinal0 [0x00A0ECB8+2354360]&#10;	BaseThreadInitThunk [0x750DF989+25]&#10;	RtlGetAppContainerNamedObjectPath [0x76FC7084+228]&#10;	RtlGetAppContainerNamedObjectPath [0x76FC7054+180]&#10;" type="org.openqa.selenium.SessionNotCreatedException"><![CDATA[org.openqa.selenium.SessionNotCreatedException: session not created: This version of ChromeDriver only supports Chrome version 87
Current browser version is 89.0.4389.90 with binary path C:\Program Files (x86)\Google\Chrome\Application\chrome.exe
Build info: version: '3.141.59', revision: 'e82be7d358', time: '2018-11-14T08:17:03'
System info: host: '441SN13', ip: '192.168.29.207', os.name: 'Windows 10', os.arch: 'amd64', os.version: '10.0', java.version: '1.8.0_271'
Driver info: driver.version: ChromeDriver
remote stacktrace: Backtrace:
	Ordinal0 [0x00AFC0C3+3326147]
	Ordinal0 [0x009E0851+2164817]
	Ordinal0 [0x00867298+619160]
	Ordinal0 [0x007E1D92+73106]
	Ordinal0 [0x007DE119+57625]
	Ordinal0 [0x007DC38A+50058]
	Ordinal0 [0x00805F3E+220990]
	Ordinal0 [0x00805CAC+220332]
	Ordinal0 [0x0080189B+202907]
	Ordinal0 [0x007E3DF4+81396]
	Ordinal0 [0x007E4DEE+85486]
	Ordinal0 [0x007E4D79+85369]
	Ordinal0 [0x009F85DC+2262492]
	GetHandleVerifier [0x00C82874+1487204]
	GetHandleVerifier [0x00C823CD+1486013]
	GetHandleVerifier [0x00C8A368+1518680]
	GetHandleVerifier [0x00C82F4E+1488958]
	Ordinal0 [0x009EED0D+2223373]
	Ordinal0 [0x009FA12B+2269483]
	Ordinal0 [0x009FA26F+2269807]
	Ordinal0 [0x00A0ECB8+2354360]
	BaseThreadInitThunk [0x750DF989+25]
	RtlGetAppContainerNamedObjectPath [0x76FC7084+228]
	RtlGetAppContainerNamedObjectPath [0x76FC7054+180]

	at sun.reflect.NativeConstructorAccessorImpl.newInstance0(Native Method)
	at sun.reflect.NativeConstructorAccessorImpl.newInstance(NativeConstructorAccessorImpl.java:62)
	at sun.reflect.DelegatingConstructorAccessorImpl.newInstance(DelegatingConstructorAccessorImpl.java:45)
	at java.lang.reflect.Constructor.newInstance(Constructor.java:423)
	at org.openqa.selenium.remote.W3CHandshakeResponse.lambda$errorHandler$0(W3CHandshakeResponse.java:62)
	at org.openqa.selenium.remote.HandshakeResponse.lambda$getResponseFunction$0(HandshakeResponse.java:30)
	at org.openqa.selenium.remote.ProtocolHandshake.lambda$createSession$0(ProtocolHandshake.java:126)
	at java.util.stream.ReferencePipeline$3$1.accept(ReferencePipeline.java:193)
	at java.util.Spliterators$ArraySpliterator.tryAdvance(Spliterators.java:958)
	at java.util.stream.ReferencePipeline.forEachWithCancel(ReferencePipeline.java:126)
	at java.util.stream.AbstractPipeline.copyIntoWithCancel(AbstractPipeline.java:499)
	at java.util.stream.AbstractPipeline.copyInto(AbstractPipeline.java:486)
	at java.util.stream.AbstractPipeline.wrapAndCopyInto(AbstractPipeline.java:472)
	at java.util.stream.FindOps$FindOp.evaluateSequential(FindOps.java:152)
	at java.util.stream.AbstractPipeline.evaluate(AbstractPipeline.java:234)
	at java.util.stream.ReferencePipeline.findFirst(ReferencePipeline.java:464)
	at org.openqa.selenium.remote.ProtocolHandshake.createSession(ProtocolHandshake.java:128)
	at org.openqa.selenium.remote.ProtocolHandshake.createSession(ProtocolHandshake.java:74)
	at org.openqa.selenium.remote.HttpCommandExecutor.execute(HttpCommandExecutor.java:136)
	at org.openqa.selenium.remote.service.DriverCommandExecutor.execute(DriverCommandExecutor.java:83)
	at org.openqa.selenium.remote.RemoteWebDriver.execute(RemoteWebDriver.java:552)
	at org.openqa.selenium.remote.RemoteWebDriver.startSession(RemoteWebDriver.java:213)
	at org.openqa.selenium.remote.RemoteWebDriver.<init>(RemoteWebDriver.java:131)
	at org.openqa.selenium.chrome.ChromeDriver.<init>(ChromeDriver.java:181)
	at org.openqa.selenium.chrome.ChromeDriver.<init>(ChromeDriver.java:168)
	at org.openqa.selenium.chrome.ChromeDriver.<init>(ChromeDriver.java:123)
	at one.globalenglish.testCases.BaseClass.setup(BaseClass.java:55)
	at sun.reflect.NativeMethodAccessorImpl.invoke0(Native Method)
	at sun.reflect.NativeMethodAccessorImpl.invoke(NativeMethodAccessorImpl.java:62)
	at sun.reflect.DelegatingMethodAccessorImpl.invoke(DelegatingMethodAccessorImpl.java:43)
	at java.lang.reflect.Method.invoke(Method.java:498)
	at org.testng.internal.MethodInvocationHelper.invokeMethod(MethodInvocationHelper.java:134)
	at org.testng.internal.MethodInvocationHelper.invokeMethodConsideringTimeout(MethodInvocationHelper.java:63)
	at org.testng.internal.ConfigInvoker.invokeConfigurationMethod(ConfigInvoker.java:348)
	at org.testng.internal.ConfigInvoker.invokeConfigurations(ConfigInvoker.java:302)
	at org.testng.internal.TestMethodWorker.invokeBeforeClassMethods(TestMethodWorker.java:176)
	at org.testng.internal.TestMethodWorker.run(TestMethodWorker.java:122)
	at java.util.ArrayList.forEach(ArrayList.java:1259)
	at org.testng.TestRunner.privateRun(TestRunner.java:766)
	at org.testng.TestRunner.run(TestRunner.java:587)
	at org.testng.SuiteRunner.runTest(SuiteRunner.java:384)
	at org.testng.SuiteRunner.runSequentially(SuiteRunner.java:378)
	at org.testng.SuiteRunner.privateRun(SuiteRunner.java:337)
	at org.testng.SuiteRunner.run(SuiteRunner.java:286)
	at org.testng.SuiteRunnerWorker.runSuite(SuiteRunnerWorker.java:53)
	at org.testng.SuiteRunnerWorker.run(SuiteRunnerWorker.java:96)
	at org.testng.TestNG.runSuitesSequentially(TestNG.java:1187)
	at org.testng.TestNG.runSuitesLocally(TestNG.java:1109)
	at org.testng.TestNG.runSuites(TestNG.java:1039)
	at org.testng.TestNG.run(TestNG.java:1007)
	at org.apache.maven.surefire.testng.TestNGExecutor.run(TestNGExecutor.java:295)
	at org.apache.maven.surefire.testng.TestNGXmlTestSuite.execute(TestNGXmlTestSuite.java:84)
	at org.apache.maven.surefire.testng.TestNGProvider.invoke(TestNGProvider.java:90)
	at org.apache.maven.surefire.booter.ForkedBooter.invokeProviderInSameClassLoader(ForkedBooter.java:203)
	at org.apache.maven.surefire.booter.ForkedBooter.runSuitesInProcess(ForkedBooter.java:155)
	at org.apache.maven.surefire.booter.ForkedBooter.main(ForkedBooter.java:103)
]]></failure>
    <system-err><![CDATA[Starting ChromeDriver 87.0.4280.88 (89e2380a3e36c3464b5dd1302349b1382549290d-refs/branch-heads/4280@{#1761}) on port 36522
Only local connections are allowed.
Please see https://chromedriver.chromium.org/security-considerations for suggestions on keeping ChromeDriver safe.
ChromeDriver was started successfully.
]]></system-err>
  </testcase>
  <testcase name="accent" classname="one.globalenglish.testCases.TC_Accent_003" time="0">
    <skipped/>
  </testcase>
  <testcase name="close" classname="one.globalenglish.testCases.TC_Accent_003" time="0">
    <skipped/>
  </testcase>
  <testcase name="setup" classname="one.globalenglish.testCases.TC_Culture_004" time="1.597">
    <failure message="session not created: This version of ChromeDriver only supports Chrome version 87&#10;Current browser version is 89.0.4389.90 with binary path C:\Program Files (x86)\Google\Chrome\Application\chrome.exe&#10;Build info: version: &apos;3.141.59&apos;, revision: &apos;e82be7d358&apos;, time: &apos;2018-11-14T08:17:03&apos;&#10;System info: host: &apos;441SN13&apos;, ip: &apos;192.168.29.207&apos;, os.name: &apos;Windows 10&apos;, os.arch: &apos;amd64&apos;, os.version: &apos;10.0&apos;, java.version: &apos;1.8.0_271&apos;&#10;Driver info: driver.version: ChromeDriver&#10;remote stacktrace: Backtrace:&#10;	Ordinal0 [0x00AFC0C3+3326147]&#10;	Ordinal0 [0x009E0851+2164817]&#10;	Ordinal0 [0x00867298+619160]&#10;	Ordinal0 [0x007E1D92+73106]&#10;	Ordinal0 [0x007DE119+57625]&#10;	Ordinal0 [0x007DC38A+50058]&#10;	Ordinal0 [0x00805F3E+220990]&#10;	Ordinal0 [0x00805CAC+220332]&#10;	Ordinal0 [0x0080189B+202907]&#10;	Ordinal0 [0x007E3DF4+81396]&#10;	Ordinal0 [0x007E4DEE+85486]&#10;	Ordinal0 [0x007E4D79+85369]&#10;	Ordinal0 [0x009F85DC+2262492]&#10;	GetHandleVerifier [0x00C82874+1487204]&#10;	GetHandleVerifier [0x00C823CD+1486013]&#10;	GetHandleVerifier [0x00C8A368+1518680]&#10;	GetHandleVerifier [0x00C82F4E+1488958]&#10;	Ordinal0 [0x009EED0D+2223373]&#10;	Ordinal0 [0x009FA12B+2269483]&#10;	Ordinal0 [0x009FA26F+2269807]&#10;	Ordinal0 [0x00A0ECB8+2354360]&#10;	BaseThreadInitThunk [0x750DF989+25]&#10;	RtlGetAppContainerNamedObjectPath [0x76FC7084+228]&#10;	RtlGetAppContainerNamedObjectPath [0x76FC7054+180]&#10;" type="org.openqa.selenium.SessionNotCreatedException"><![CDATA[org.openqa.selenium.SessionNotCreatedException: session not created: This version of ChromeDriver only supports Chrome version 87
Current browser version is 89.0.4389.90 with binary path C:\Program Files (x86)\Google\Chrome\Application\chrome.exe
Build info: version: '3.141.59', revision: 'e82be7d358', time: '2018-11-14T08:17:03'
System info: host: '441SN13', ip: '192.168.29.207', os.name: 'Windows 10', os.arch: 'amd64', os.version: '10.0', java.version: '1.8.0_271'
Driver info: driver.version: ChromeDriver
remote stacktrace: Backtrace:
	Ordinal0 [0x00AFC0C3+3326147]
	Ordinal0 [0x009E0851+2164817]
	Ordinal0 [0x00867298+619160]
	Ordinal0 [0x007E1D92+73106]
	Ordinal0 [0x007DE119+57625]
	Ordinal0 [0x007DC38A+50058]
	Ordinal0 [0x00805F3E+220990]
	Ordinal0 [0x00805CAC+220332]
	Ordinal0 [0x0080189B+202907]
	Ordinal0 [0x007E3DF4+81396]
	Ordinal0 [0x007E4DEE+85486]
	Ordinal0 [0x007E4D79+85369]
	Ordinal0 [0x009F85DC+2262492]
	GetHandleVerifier [0x00C82874+1487204]
	GetHandleVerifier [0x00C823CD+1486013]
	GetHandleVerifier [0x00C8A368+1518680]
	GetHandleVerifier [0x00C82F4E+1488958]
	Ordinal0 [0x009EED0D+2223373]
	Ordinal0 [0x009FA12B+2269483]
	Ordinal0 [0x009FA26F+2269807]
	Ordinal0 [0x00A0ECB8+2354360]
	BaseThreadInitThunk [0x750DF989+25]
	RtlGetAppContainerNamedObjectPath [0x76FC7084+228]
	RtlGetAppContainerNamedObjectPath [0x76FC7054+180]

	at sun.reflect.NativeConstructorAccessorImpl.newInstance0(Native Method)
	at sun.reflect.NativeConstructorAccessorImpl.newInstance(NativeConstructorAccessorImpl.java:62)
	at sun.reflect.DelegatingConstructorAccessorImpl.newInstance(DelegatingConstructorAccessorImpl.java:45)
	at java.lang.reflect.Constructor.newInstance(Constructor.java:423)
	at org.openqa.selenium.remote.W3CHandshakeResponse.lambda$errorHandler$0(W3CHandshakeResponse.java:62)
	at org.openqa.selenium.remote.HandshakeResponse.lambda$getResponseFunction$0(HandshakeResponse.java:30)
	at org.openqa.selenium.remote.ProtocolHandshake.lambda$createSession$0(ProtocolHandshake.java:126)
	at java.util.stream.ReferencePipeline$3$1.accept(ReferencePipeline.java:193)
	at java.util.Spliterators$ArraySpliterator.tryAdvance(Spliterators.java:958)
	at java.util.stream.ReferencePipeline.forEachWithCancel(ReferencePipeline.java:126)
	at java.util.stream.AbstractPipeline.copyIntoWithCancel(AbstractPipeline.java:499)
	at java.util.stream.AbstractPipeline.copyInto(AbstractPipeline.java:486)
	at java.util.stream.AbstractPipeline.wrapAndCopyInto(AbstractPipeline.java:472)
	at java.util.stream.FindOps$FindOp.evaluateSequential(FindOps.java:152)
	at java.util.stream.AbstractPipeline.evaluate(AbstractPipeline.java:234)
	at java.util.stream.ReferencePipeline.findFirst(ReferencePipeline.java:464)
	at org.openqa.selenium.remote.ProtocolHandshake.createSession(ProtocolHandshake.java:128)
	at org.openqa.selenium.remote.ProtocolHandshake.createSession(ProtocolHandshake.java:74)
	at org.openqa.selenium.remote.HttpCommandExecutor.execute(HttpCommandExecutor.java:136)
	at org.openqa.selenium.remote.service.DriverCommandExecutor.execute(DriverCommandExecutor.java:83)
	at org.openqa.selenium.remote.RemoteWebDriver.execute(RemoteWebDriver.java:552)
	at org.openqa.selenium.remote.RemoteWebDriver.startSession(RemoteWebDriver.java:213)
	at org.openqa.selenium.remote.RemoteWebDriver.<init>(RemoteWebDriver.java:131)
	at org.openqa.selenium.chrome.ChromeDriver.<init>(ChromeDriver.java:181)
	at org.openqa.selenium.chrome.ChromeDriver.<init>(ChromeDriver.java:168)
	at org.openqa.selenium.chrome.ChromeDriver.<init>(ChromeDriver.java:123)
	at one.globalenglish.testCases.BaseClass.setup(BaseClass.java:55)
	at sun.reflect.NativeMethodAccessorImpl.invoke0(Native Method)
	at sun.reflect.NativeMethodAccessorImpl.invoke(NativeMethodAccessorImpl.java:62)
	at sun.reflect.DelegatingMethodAccessorImpl.invoke(DelegatingMethodAccessorImpl.java:43)
	at java.lang.reflect.Method.invoke(Method.java:498)
	at org.testng.internal.MethodInvocationHelper.invokeMethod(MethodInvocationHelper.java:134)
	at org.testng.internal.MethodInvocationHelper.invokeMethodConsideringTimeout(MethodInvocationHelper.java:63)
	at org.testng.internal.ConfigInvoker.invokeConfigurationMethod(ConfigInvoker.java:348)
	at org.testng.internal.ConfigInvoker.invokeConfigurations(ConfigInvoker.java:302)
	at org.testng.internal.TestMethodWorker.invokeBeforeClassMethods(TestMethodWorker.java:176)
	at org.testng.internal.TestMethodWorker.run(TestMethodWorker.java:122)
	at java.util.ArrayList.forEach(ArrayList.java:1259)
	at org.testng.TestRunner.privateRun(TestRunner.java:766)
	at org.testng.TestRunner.run(TestRunner.java:587)
	at org.testng.SuiteRunner.runTest(SuiteRunner.java:384)
	at org.testng.SuiteRunner.runSequentially(SuiteRunner.java:378)
	at org.testng.SuiteRunner.privateRun(SuiteRunner.java:337)
	at org.testng.SuiteRunner.run(SuiteRunner.java:286)
	at org.testng.SuiteRunnerWorker.runSuite(SuiteRunnerWorker.java:53)
	at org.testng.SuiteRunnerWorker.run(SuiteRunnerWorker.java:96)
	at org.testng.TestNG.runSuitesSequentially(TestNG.java:1187)
	at org.testng.TestNG.runSuitesLocally(TestNG.java:1109)
	at org.testng.TestNG.runSuites(TestNG.java:1039)
	at org.testng.TestNG.run(TestNG.java:1007)
	at org.apache.maven.surefire.testng.TestNGExecutor.run(TestNGExecutor.java:295)
	at org.apache.maven.surefire.testng.TestNGXmlTestSuite.execute(TestNGXmlTestSuite.java:84)
	at org.apache.maven.surefire.testng.TestNGProvider.invoke(TestNGProvider.java:90)
	at org.apache.maven.surefire.booter.ForkedBooter.invokeProviderInSameClassLoader(ForkedBooter.java:203)
	at org.apache.maven.surefire.booter.ForkedBooter.runSuitesInProcess(ForkedBooter.java:155)
	at org.apache.maven.surefire.booter.ForkedBooter.main(ForkedBooter.java:103)
]]></failure>
    <system-err><![CDATA[Starting ChromeDriver 87.0.4280.88 (89e2380a3e36c3464b5dd1302349b1382549290d-refs/branch-heads/4280@{#1761}) on port 5605
Only local connections are allowed.
Please see https://chromedriver.chromium.org/security-considerations for suggestions on keeping ChromeDriver safe.
ChromeDriver was started successfully.
]]></system-err>
  </testcase>
  <testcase name="Cultures" classname="one.globalenglish.testCases.TC_Culture_004" time="0">
    <skipped/>
  </testcase>
  <testcase name="close" classname="one.globalenglish.testCases.TC_Culture_004" time="0">
    <skipped/>
  </testcase>
  <testcase name="setup" classname="one.globalenglish.testCases.TC_EmailTemplate_005" time="1.573">
    <failure message="session not created: This version of ChromeDriver only supports Chrome version 87&#10;Current browser version is 89.0.4389.90 with binary path C:\Program Files (x86)\Google\Chrome\Application\chrome.exe&#10;Build info: version: &apos;3.141.59&apos;, revision: &apos;e82be7d358&apos;, time: &apos;2018-11-14T08:17:03&apos;&#10;System info: host: &apos;441SN13&apos;, ip: &apos;192.168.29.207&apos;, os.name: &apos;Windows 10&apos;, os.arch: &apos;amd64&apos;, os.version: &apos;10.0&apos;, java.version: &apos;1.8.0_271&apos;&#10;Driver info: driver.version: ChromeDriver&#10;remote stacktrace: Backtrace:&#10;	Ordinal0 [0x00AFC0C3+3326147]&#10;	Ordinal0 [0x009E0851+2164817]&#10;	Ordinal0 [0x00867298+619160]&#10;	Ordinal0 [0x007E1D92+73106]&#10;	Ordinal0 [0x007DE119+57625]&#10;	Ordinal0 [0x007DC38A+50058]&#10;	Ordinal0 [0x00805F3E+220990]&#10;	Ordinal0 [0x00805CAC+220332]&#10;	Ordinal0 [0x0080189B+202907]&#10;	Ordinal0 [0x007E3DF4+81396]&#10;	Ordinal0 [0x007E4DEE+85486]&#10;	Ordinal0 [0x007E4D79+85369]&#10;	Ordinal0 [0x009F85DC+2262492]&#10;	GetHandleVerifier [0x00C82874+1487204]&#10;	GetHandleVerifier [0x00C823CD+1486013]&#10;	GetHandleVerifier [0x00C8A368+1518680]&#10;	GetHandleVerifier [0x00C82F4E+1488958]&#10;	Ordinal0 [0x009EED0D+2223373]&#10;	Ordinal0 [0x009FA12B+2269483]&#10;	Ordinal0 [0x009FA26F+2269807]&#10;	Ordinal0 [0x00A0ECB8+2354360]&#10;	BaseThreadInitThunk [0x750DF989+25]&#10;	RtlGetAppContainerNamedObjectPath [0x76FC7084+228]&#10;	RtlGetAppContainerNamedObjectPath [0x76FC7054+180]&#10;" type="org.openqa.selenium.SessionNotCreatedException"><![CDATA[org.openqa.selenium.SessionNotCreatedException: session not created: This version of ChromeDriver only supports Chrome version 87
Current browser version is 89.0.4389.90 with binary path C:\Program Files (x86)\Google\Chrome\Application\chrome.exe
Build info: version: '3.141.59', revision: 'e82be7d358', time: '2018-11-14T08:17:03'
System info: host: '441SN13', ip: '192.168.29.207', os.name: 'Windows 10', os.arch: 'amd64', os.version: '10.0', java.version: '1.8.0_271'
Driver info: driver.version: ChromeDriver
remote stacktrace: Backtrace:
	Ordinal0 [0x00AFC0C3+3326147]
	Ordinal0 [0x009E0851+2164817]
	Ordinal0 [0x00867298+619160]
	Ordinal0 [0x007E1D92+73106]
	Ordinal0 [0x007DE119+57625]
	Ordinal0 [0x007DC38A+50058]
	Ordinal0 [0x00805F3E+220990]
	Ordinal0 [0x00805CAC+220332]
	Ordinal0 [0x0080189B+202907]
	Ordinal0 [0x007E3DF4+81396]
	Ordinal0 [0x007E4DEE+85486]
	Ordinal0 [0x007E4D79+85369]
	Ordinal0 [0x009F85DC+2262492]
	GetHandleVerifier [0x00C82874+1487204]
	GetHandleVerifier [0x00C823CD+1486013]
	GetHandleVerifier [0x00C8A368+1518680]
	GetHandleVerifier [0x00C82F4E+1488958]
	Ordinal0 [0x009EED0D+2223373]
	Ordinal0 [0x009FA12B+2269483]
	Ordinal0 [0x009FA26F+2269807]
	Ordinal0 [0x00A0ECB8+2354360]
	BaseThreadInitThunk [0x750DF989+25]
	RtlGetAppContainerNamedObjectPath [0x76FC7084+228]
	RtlGetAppContainerNamedObjectPath [0x76FC7054+180]

	at sun.reflect.NativeConstructorAccessorImpl.newInstance0(Native Method)
	at sun.reflect.NativeConstructorAccessorImpl.newInstance(NativeConstructorAccessorImpl.java:62)
	at sun.reflect.DelegatingConstructorAccessorImpl.newInstance(DelegatingConstructorAccessorImpl.java:45)
	at java.lang.reflect.Constructor.newInstance(Constructor.java:423)
	at org.openqa.selenium.remote.W3CHandshakeResponse.lambda$errorHandler$0(W3CHandshakeResponse.java:62)
	at org.openqa.selenium.remote.HandshakeResponse.lambda$getResponseFunction$0(HandshakeResponse.java:30)
	at org.openqa.selenium.remote.ProtocolHandshake.lambda$createSession$0(ProtocolHandshake.java:126)
	at java.util.stream.ReferencePipeline$3$1.accept(ReferencePipeline.java:193)
	at java.util.Spliterators$ArraySpliterator.tryAdvance(Spliterators.java:958)
	at java.util.stream.ReferencePipeline.forEachWithCancel(ReferencePipeline.java:126)
	at java.util.stream.AbstractPipeline.copyIntoWithCancel(AbstractPipeline.java:499)
	at java.util.stream.AbstractPipeline.copyInto(AbstractPipeline.java:486)
	at java.util.stream.AbstractPipeline.wrapAndCopyInto(AbstractPipeline.java:472)
	at java.util.stream.FindOps$FindOp.evaluateSequential(FindOps.java:152)
	at java.util.stream.AbstractPipeline.evaluate(AbstractPipeline.java:234)
	at java.util.stream.ReferencePipeline.findFirst(ReferencePipeline.java:464)
	at org.openqa.selenium.remote.ProtocolHandshake.createSession(ProtocolHandshake.java:128)
	at org.openqa.selenium.remote.ProtocolHandshake.createSession(ProtocolHandshake.java:74)
	at org.openqa.selenium.remote.HttpCommandExecutor.execute(HttpCommandExecutor.java:136)
	at org.openqa.selenium.remote.service.DriverCommandExecutor.execute(DriverCommandExecutor.java:83)
	at org.openqa.selenium.remote.RemoteWebDriver.execute(RemoteWebDriver.java:552)
	at org.openqa.selenium.remote.RemoteWebDriver.startSession(RemoteWebDriver.java:213)
	at org.openqa.selenium.remote.RemoteWebDriver.<init>(RemoteWebDriver.java:131)
	at org.openqa.selenium.chrome.ChromeDriver.<init>(ChromeDriver.java:181)
	at org.openqa.selenium.chrome.ChromeDriver.<init>(ChromeDriver.java:168)
	at org.openqa.selenium.chrome.ChromeDriver.<init>(ChromeDriver.java:123)
	at one.globalenglish.testCases.BaseClass.setup(BaseClass.java:55)
	at sun.reflect.NativeMethodAccessorImpl.invoke0(Native Method)
	at sun.reflect.NativeMethodAccessorImpl.invoke(NativeMethodAccessorImpl.java:62)
	at sun.reflect.DelegatingMethodAccessorImpl.invoke(DelegatingMethodAccessorImpl.java:43)
	at java.lang.reflect.Method.invoke(Method.java:498)
	at org.testng.internal.MethodInvocationHelper.invokeMethod(MethodInvocationHelper.java:134)
	at org.testng.internal.MethodInvocationHelper.invokeMethodConsideringTimeout(MethodInvocationHelper.java:63)
	at org.testng.internal.ConfigInvoker.invokeConfigurationMethod(ConfigInvoker.java:348)
	at org.testng.internal.ConfigInvoker.invokeConfigurations(ConfigInvoker.java:302)
	at org.testng.internal.TestMethodWorker.invokeBeforeClassMethods(TestMethodWorker.java:176)
	at org.testng.internal.TestMethodWorker.run(TestMethodWorker.java:122)
	at java.util.ArrayList.forEach(ArrayList.java:1259)
	at org.testng.TestRunner.privateRun(TestRunner.java:766)
	at org.testng.TestRunner.run(TestRunner.java:587)
	at org.testng.SuiteRunner.runTest(SuiteRunner.java:384)
	at org.testng.SuiteRunner.runSequentially(SuiteRunner.java:378)
	at org.testng.SuiteRunner.privateRun(SuiteRunner.java:337)
	at org.testng.SuiteRunner.run(SuiteRunner.java:286)
	at org.testng.SuiteRunnerWorker.runSuite(SuiteRunnerWorker.java:53)
	at org.testng.SuiteRunnerWorker.run(SuiteRunnerWorker.java:96)
	at org.testng.TestNG.runSuitesSequentially(TestNG.java:1187)
	at org.testng.TestNG.runSuitesLocally(TestNG.java:1109)
	at org.testng.TestNG.runSuites(TestNG.java:1039)
	at org.testng.TestNG.run(TestNG.java:1007)
	at org.apache.maven.surefire.testng.TestNGExecutor.run(TestNGExecutor.java:295)
	at org.apache.maven.surefire.testng.TestNGXmlTestSuite.execute(TestNGXmlTestSuite.java:84)
	at org.apache.maven.surefire.testng.TestNGProvider.invoke(TestNGProvider.java:90)
	at org.apache.maven.surefire.booter.ForkedBooter.invokeProviderInSameClassLoader(ForkedBooter.java:203)
	at org.apache.maven.surefire.booter.ForkedBooter.runSuitesInProcess(ForkedBooter.java:155)
	at org.apache.maven.surefire.booter.ForkedBooter.main(ForkedBooter.java:103)
]]></failure>
    <system-err><![CDATA[Starting ChromeDriver 87.0.4280.88 (89e2380a3e36c3464b5dd1302349b1382549290d-refs/branch-heads/4280@{#1761}) on port 42355
Only local connections are allowed.
Please see https://chromedriver.chromium.org/security-considerations for suggestions on keeping ChromeDriver safe.
ChromeDriver was started successfully.
]]></system-err>
  </testcase>
  <testcase name="EmailTempValidation" classname="one.globalenglish.testCases.TC_EmailTemplate_005" time="0">
    <skipped/>
  </testcase>
  <testcase name="close" classname="one.globalenglish.testCases.TC_EmailTemplate_005" time="0">
    <skipped/>
  </testcase>
  <testcase name="setup" classname="one.globalenglish.testCases.TC_NewsFeed_006" time="1.632">
    <failure message="session not created: This version of ChromeDriver only supports Chrome version 87&#10;Current browser version is 89.0.4389.90 with binary path C:\Program Files (x86)\Google\Chrome\Application\chrome.exe&#10;Build info: version: &apos;3.141.59&apos;, revision: &apos;e82be7d358&apos;, time: &apos;2018-11-14T08:17:03&apos;&#10;System info: host: &apos;441SN13&apos;, ip: &apos;192.168.29.207&apos;, os.name: &apos;Windows 10&apos;, os.arch: &apos;amd64&apos;, os.version: &apos;10.0&apos;, java.version: &apos;1.8.0_271&apos;&#10;Driver info: driver.version: ChromeDriver&#10;remote stacktrace: Backtrace:&#10;	Ordinal0 [0x00AFC0C3+3326147]&#10;	Ordinal0 [0x009E0851+2164817]&#10;	Ordinal0 [0x00867298+619160]&#10;	Ordinal0 [0x007E1D92+73106]&#10;	Ordinal0 [0x007DE119+57625]&#10;	Ordinal0 [0x007DC38A+50058]&#10;	Ordinal0 [0x00805F3E+220990]&#10;	Ordinal0 [0x00805CAC+220332]&#10;	Ordinal0 [0x0080189B+202907]&#10;	Ordinal0 [0x007E3DF4+81396]&#10;	Ordinal0 [0x007E4DEE+85486]&#10;	Ordinal0 [0x007E4D79+85369]&#10;	Ordinal0 [0x009F85DC+2262492]&#10;	GetHandleVerifier [0x00C82874+1487204]&#10;	GetHandleVerifier [0x00C823CD+1486013]&#10;	GetHandleVerifier [0x00C8A368+1518680]&#10;	GetHandleVerifier [0x00C82F4E+1488958]&#10;	Ordinal0 [0x009EED0D+2223373]&#10;	Ordinal0 [0x009FA12B+2269483]&#10;	Ordinal0 [0x009FA26F+2269807]&#10;	Ordinal0 [0x00A0ECB8+2354360]&#10;	BaseThreadInitThunk [0x750DF989+25]&#10;	RtlGetAppContainerNamedObjectPath [0x76FC7084+228]&#10;	RtlGetAppContainerNamedObjectPath [0x76FC7054+180]&#10;" type="org.openqa.selenium.SessionNotCreatedException"><![CDATA[org.openqa.selenium.SessionNotCreatedException: session not created: This version of ChromeDriver only supports Chrome version 87
Current browser version is 89.0.4389.90 with binary path C:\Program Files (x86)\Google\Chrome\Application\chrome.exe
Build info: version: '3.141.59', revision: 'e82be7d358', time: '2018-11-14T08:17:03'
System info: host: '441SN13', ip: '192.168.29.207', os.name: 'Windows 10', os.arch: 'amd64', os.version: '10.0', java.version: '1.8.0_271'
Driver info: driver.version: ChromeDriver
remote stacktrace: Backtrace:
	Ordinal0 [0x00AFC0C3+3326147]
	Ordinal0 [0x009E0851+2164817]
	Ordinal0 [0x00867298+619160]
	Ordinal0 [0x007E1D92+73106]
	Ordinal0 [0x007DE119+57625]
	Ordinal0 [0x007DC38A+50058]
	Ordinal0 [0x00805F3E+220990]
	Ordinal0 [0x00805CAC+220332]
	Ordinal0 [0x0080189B+202907]
	Ordinal0 [0x007E3DF4+81396]
	Ordinal0 [0x007E4DEE+85486]
	Ordinal0 [0x007E4D79+85369]
	Ordinal0 [0x009F85DC+2262492]
	GetHandleVerifier [0x00C82874+1487204]
	GetHandleVerifier [0x00C823CD+1486013]
	GetHandleVerifier [0x00C8A368+1518680]
	GetHandleVerifier [0x00C82F4E+1488958]
	Ordinal0 [0x009EED0D+2223373]
	Ordinal0 [0x009FA12B+2269483]
	Ordinal0 [0x009FA26F+2269807]
	Ordinal0 [0x00A0ECB8+2354360]
	BaseThreadInitThunk [0x750DF989+25]
	RtlGetAppContainerNamedObjectPath [0x76FC7084+228]
	RtlGetAppContainerNamedObjectPath [0x76FC7054+180]

	at sun.reflect.NativeConstructorAccessorImpl.newInstance0(Native Method)
	at sun.reflect.NativeConstructorAccessorImpl.newInstance(NativeConstructorAccessorImpl.java:62)
	at sun.reflect.DelegatingConstructorAccessorImpl.newInstance(DelegatingConstructorAccessorImpl.java:45)
	at java.lang.reflect.Constructor.newInstance(Constructor.java:423)
	at org.openqa.selenium.remote.W3CHandshakeResponse.lambda$errorHandler$0(W3CHandshakeResponse.java:62)
	at org.openqa.selenium.remote.HandshakeResponse.lambda$getResponseFunction$0(HandshakeResponse.java:30)
	at org.openqa.selenium.remote.ProtocolHandshake.lambda$createSession$0(ProtocolHandshake.java:126)
	at java.util.stream.ReferencePipeline$3$1.accept(ReferencePipeline.java:193)
	at java.util.Spliterators$ArraySpliterator.tryAdvance(Spliterators.java:958)
	at java.util.stream.ReferencePipeline.forEachWithCancel(ReferencePipeline.java:126)
	at java.util.stream.AbstractPipeline.copyIntoWithCancel(AbstractPipeline.java:499)
	at java.util.stream.AbstractPipeline.copyInto(AbstractPipeline.java:486)
	at java.util.stream.AbstractPipeline.wrapAndCopyInto(AbstractPipeline.java:472)
	at java.util.stream.FindOps$FindOp.evaluateSequential(FindOps.java:152)
	at java.util.stream.AbstractPipeline.evaluate(AbstractPipeline.java:234)
	at java.util.stream.ReferencePipeline.findFirst(ReferencePipeline.java:464)
	at org.openqa.selenium.remote.ProtocolHandshake.createSession(ProtocolHandshake.java:128)
	at org.openqa.selenium.remote.ProtocolHandshake.createSession(ProtocolHandshake.java:74)
	at org.openqa.selenium.remote.HttpCommandExecutor.execute(HttpCommandExecutor.java:136)
	at org.openqa.selenium.remote.service.DriverCommandExecutor.execute(DriverCommandExecutor.java:83)
	at org.openqa.selenium.remote.RemoteWebDriver.execute(RemoteWebDriver.java:552)
	at org.openqa.selenium.remote.RemoteWebDriver.startSession(RemoteWebDriver.java:213)
	at org.openqa.selenium.remote.RemoteWebDriver.<init>(RemoteWebDriver.java:131)
	at org.openqa.selenium.chrome.ChromeDriver.<init>(ChromeDriver.java:181)
	at org.openqa.selenium.chrome.ChromeDriver.<init>(ChromeDriver.java:168)
	at org.openqa.selenium.chrome.ChromeDriver.<init>(ChromeDriver.java:123)
	at one.globalenglish.testCases.BaseClass.setup(BaseClass.java:55)
	at sun.reflect.NativeMethodAccessorImpl.invoke0(Native Method)
	at sun.reflect.NativeMethodAccessorImpl.invoke(NativeMethodAccessorImpl.java:62)
	at sun.reflect.DelegatingMethodAccessorImpl.invoke(DelegatingMethodAccessorImpl.java:43)
	at java.lang.reflect.Method.invoke(Method.java:498)
	at org.testng.internal.MethodInvocationHelper.invokeMethod(MethodInvocationHelper.java:134)
	at org.testng.internal.MethodInvocationHelper.invokeMethodConsideringTimeout(MethodInvocationHelper.java:63)
	at org.testng.internal.ConfigInvoker.invokeConfigurationMethod(ConfigInvoker.java:348)
	at org.testng.internal.ConfigInvoker.invokeConfigurations(ConfigInvoker.java:302)
	at org.testng.internal.TestMethodWorker.invokeBeforeClassMethods(TestMethodWorker.java:176)
	at org.testng.internal.TestMethodWorker.run(TestMethodWorker.java:122)
	at java.util.ArrayList.forEach(ArrayList.java:1259)
	at org.testng.TestRunner.privateRun(TestRunner.java:766)
	at org.testng.TestRunner.run(TestRunner.java:587)
	at org.testng.SuiteRunner.runTest(SuiteRunner.java:384)
	at org.testng.SuiteRunner.runSequentially(SuiteRunner.java:378)
	at org.testng.SuiteRunner.privateRun(SuiteRunner.java:337)
	at org.testng.SuiteRunner.run(SuiteRunner.java:286)
	at org.testng.SuiteRunnerWorker.runSuite(SuiteRunnerWorker.java:53)
	at org.testng.SuiteRunnerWorker.run(SuiteRunnerWorker.java:96)
	at org.testng.TestNG.runSuitesSequentially(TestNG.java:1187)
	at org.testng.TestNG.runSuitesLocally(TestNG.java:1109)
	at org.testng.TestNG.runSuites(TestNG.java:1039)
	at org.testng.TestNG.run(TestNG.java:1007)
	at org.apache.maven.surefire.testng.TestNGExecutor.run(TestNGExecutor.java:295)
	at org.apache.maven.surefire.testng.TestNGXmlTestSuite.execute(TestNGXmlTestSuite.java:84)
	at org.apache.maven.surefire.testng.TestNGProvider.invoke(TestNGProvider.java:90)
	at org.apache.maven.surefire.booter.ForkedBooter.invokeProviderInSameClassLoader(ForkedBooter.java:203)
	at org.apache.maven.surefire.booter.ForkedBooter.runSuitesInProcess(ForkedBooter.java:155)
	at org.apache.maven.surefire.booter.ForkedBooter.main(ForkedBooter.java:103)
]]></failure>
    <system-err><![CDATA[Starting ChromeDriver 87.0.4280.88 (89e2380a3e36c3464b5dd1302349b1382549290d-refs/branch-heads/4280@{#1761}) on port 42904
Only local connections are allowed.
Please see https://chromedriver.chromium.org/security-considerations for suggestions on keeping ChromeDriver safe.
ChromeDriver was started successfully.
]]></system-err>
  </testcase>
  <testcase name="NewsFeedValidation1" classname="one.globalenglish.testCases.TC_NewsFeed_006" time="0">
    <skipped/>
  </testcase>
  <testcase name="close" classname="one.globalenglish.testCases.TC_NewsFeed_006" time="0">
    <skipped/>
  </testcase>
  <testcase name="setup" classname="one.globalenglish.testCases.TC_SystemCheck_010" time="1.613">
    <failure message="session not created: This version of ChromeDriver only supports Chrome version 87&#10;Current browser version is 89.0.4389.90 with binary path C:\Program Files (x86)\Google\Chrome\Application\chrome.exe&#10;Build info: version: &apos;3.141.59&apos;, revision: &apos;e82be7d358&apos;, time: &apos;2018-11-14T08:17:03&apos;&#10;System info: host: &apos;441SN13&apos;, ip: &apos;192.168.29.207&apos;, os.name: &apos;Windows 10&apos;, os.arch: &apos;amd64&apos;, os.version: &apos;10.0&apos;, java.version: &apos;1.8.0_271&apos;&#10;Driver info: driver.version: ChromeDriver&#10;remote stacktrace: Backtrace:&#10;	Ordinal0 [0x00AFC0C3+3326147]&#10;	Ordinal0 [0x009E0851+2164817]&#10;	Ordinal0 [0x00867298+619160]&#10;	Ordinal0 [0x007E1D92+73106]&#10;	Ordinal0 [0x007DE119+57625]&#10;	Ordinal0 [0x007DC38A+50058]&#10;	Ordinal0 [0x00805F3E+220990]&#10;	Ordinal0 [0x00805CAC+220332]&#10;	Ordinal0 [0x0080189B+202907]&#10;	Ordinal0 [0x007E3DF4+81396]&#10;	Ordinal0 [0x007E4DEE+85486]&#10;	Ordinal0 [0x007E4D79+85369]&#10;	Ordinal0 [0x009F85DC+2262492]&#10;	GetHandleVerifier [0x00C82874+1487204]&#10;	GetHandleVerifier [0x00C823CD+1486013]&#10;	GetHandleVerifier [0x00C8A368+1518680]&#10;	GetHandleVerifier [0x00C82F4E+1488958]&#10;	Ordinal0 [0x009EED0D+2223373]&#10;	Ordinal0 [0x009FA12B+2269483]&#10;	Ordinal0 [0x009FA26F+2269807]&#10;	Ordinal0 [0x00A0ECB8+2354360]&#10;	BaseThreadInitThunk [0x750DF989+25]&#10;	RtlGetAppContainerNamedObjectPath [0x76FC7084+228]&#10;	RtlGetAppContainerNamedObjectPath [0x76FC7054+180]&#10;" type="org.openqa.selenium.SessionNotCreatedException"><![CDATA[org.openqa.selenium.SessionNotCreatedException: session not created: This version of ChromeDriver only supports Chrome version 87
Current browser version is 89.0.4389.90 with binary path C:\Program Files (x86)\Google\Chrome\Application\chrome.exe
Build info: version: '3.141.59', revision: 'e82be7d358', time: '2018-11-14T08:17:03'
System info: host: '441SN13', ip: '192.168.29.207', os.name: 'Windows 10', os.arch: 'amd64', os.version: '10.0', java.version: '1.8.0_271'
Driver info: driver.version: ChromeDriver
remote stacktrace: Backtrace:
	Ordinal0 [0x00AFC0C3+3326147]
	Ordinal0 [0x009E0851+2164817]
	Ordinal0 [0x00867298+619160]
	Ordinal0 [0x007E1D92+73106]
	Ordinal0 [0x007DE119+57625]
	Ordinal0 [0x007DC38A+50058]
	Ordinal0 [0x00805F3E+220990]
	Ordinal0 [0x00805CAC+220332]
	Ordinal0 [0x0080189B+202907]
	Ordinal0 [0x007E3DF4+81396]
	Ordinal0 [0x007E4DEE+85486]
	Ordinal0 [0x007E4D79+85369]
	Ordinal0 [0x009F85DC+2262492]
	GetHandleVerifier [0x00C82874+1487204]
	GetHandleVerifier [0x00C823CD+1486013]
	GetHandleVerifier [0x00C8A368+1518680]
	GetHandleVerifier [0x00C82F4E+1488958]
	Ordinal0 [0x009EED0D+2223373]
	Ordinal0 [0x009FA12B+2269483]
	Ordinal0 [0x009FA26F+2269807]
	Ordinal0 [0x00A0ECB8+2354360]
	BaseThreadInitThunk [0x750DF989+25]
	RtlGetAppContainerNamedObjectPath [0x76FC7084+228]
	RtlGetAppContainerNamedObjectPath [0x76FC7054+180]

	at sun.reflect.NativeConstructorAccessorImpl.newInstance0(Native Method)
	at sun.reflect.NativeConstructorAccessorImpl.newInstance(NativeConstructorAccessorImpl.java:62)
	at sun.reflect.DelegatingConstructorAccessorImpl.newInstance(DelegatingConstructorAccessorImpl.java:45)
	at java.lang.reflect.Constructor.newInstance(Constructor.java:423)
	at org.openqa.selenium.remote.W3CHandshakeResponse.lambda$errorHandler$0(W3CHandshakeResponse.java:62)
	at org.openqa.selenium.remote.HandshakeResponse.lambda$getResponseFunction$0(HandshakeResponse.java:30)
	at org.openqa.selenium.remote.ProtocolHandshake.lambda$createSession$0(ProtocolHandshake.java:126)
	at java.util.stream.ReferencePipeline$3$1.accept(ReferencePipeline.java:193)
	at java.util.Spliterators$ArraySpliterator.tryAdvance(Spliterators.java:958)
	at java.util.stream.ReferencePipeline.forEachWithCancel(ReferencePipeline.java:126)
	at java.util.stream.AbstractPipeline.copyIntoWithCancel(AbstractPipeline.java:499)
	at java.util.stream.AbstractPipeline.copyInto(AbstractPipeline.java:486)
	at java.util.stream.AbstractPipeline.wrapAndCopyInto(AbstractPipeline.java:472)
	at java.util.stream.FindOps$FindOp.evaluateSequential(FindOps.java:152)
	at java.util.stream.AbstractPipeline.evaluate(AbstractPipeline.java:234)
	at java.util.stream.ReferencePipeline.findFirst(ReferencePipeline.java:464)
	at org.openqa.selenium.remote.ProtocolHandshake.createSession(ProtocolHandshake.java:128)
	at org.openqa.selenium.remote.ProtocolHandshake.createSession(ProtocolHandshake.java:74)
	at org.openqa.selenium.remote.HttpCommandExecutor.execute(HttpCommandExecutor.java:136)
	at org.openqa.selenium.remote.service.DriverCommandExecutor.execute(DriverCommandExecutor.java:83)
	at org.openqa.selenium.remote.RemoteWebDriver.execute(RemoteWebDriver.java:552)
	at org.openqa.selenium.remote.RemoteWebDriver.startSession(RemoteWebDriver.java:213)
	at org.openqa.selenium.remote.RemoteWebDriver.<init>(RemoteWebDriver.java:131)
	at org.openqa.selenium.chrome.ChromeDriver.<init>(ChromeDriver.java:181)
	at org.openqa.selenium.chrome.ChromeDriver.<init>(ChromeDriver.java:168)
	at org.openqa.selenium.chrome.ChromeDriver.<init>(ChromeDriver.java:123)
	at one.globalenglish.testCases.BaseClass.setup(BaseClass.java:55)
	at sun.reflect.NativeMethodAccessorImpl.invoke0(Native Method)
	at sun.reflect.NativeMethodAccessorImpl.invoke(NativeMethodAccessorImpl.java:62)
	at sun.reflect.DelegatingMethodAccessorImpl.invoke(DelegatingMethodAccessorImpl.java:43)
	at java.lang.reflect.Method.invoke(Method.java:498)
	at org.testng.internal.MethodInvocationHelper.invokeMethod(MethodInvocationHelper.java:134)
	at org.testng.internal.MethodInvocationHelper.invokeMethodConsideringTimeout(MethodInvocationHelper.java:63)
	at org.testng.internal.ConfigInvoker.invokeConfigurationMethod(ConfigInvoker.java:348)
	at org.testng.internal.ConfigInvoker.invokeConfigurations(ConfigInvoker.java:302)
	at org.testng.internal.TestMethodWorker.invokeBeforeClassMethods(TestMethodWorker.java:176)
	at org.testng.internal.TestMethodWorker.run(TestMethodWorker.java:122)
	at java.util.ArrayList.forEach(ArrayList.java:1259)
	at org.testng.TestRunner.privateRun(TestRunner.java:766)
	at org.testng.TestRunner.run(TestRunner.java:587)
	at org.testng.SuiteRunner.runTest(SuiteRunner.java:384)
	at org.testng.SuiteRunner.runSequentially(SuiteRunner.java:378)
	at org.testng.SuiteRunner.privateRun(SuiteRunner.java:337)
	at org.testng.SuiteRunner.run(SuiteRunner.java:286)
	at org.testng.SuiteRunnerWorker.runSuite(SuiteRunnerWorker.java:53)
	at org.testng.SuiteRunnerWorker.run(SuiteRunnerWorker.java:96)
	at org.testng.TestNG.runSuitesSequentially(TestNG.java:1187)
	at org.testng.TestNG.runSuitesLocally(TestNG.java:1109)
	at org.testng.TestNG.runSuites(TestNG.java:1039)
	at org.testng.TestNG.run(TestNG.java:1007)
	at org.apache.maven.surefire.testng.TestNGExecutor.run(TestNGExecutor.java:295)
	at org.apache.maven.surefire.testng.TestNGXmlTestSuite.execute(TestNGXmlTestSuite.java:84)
	at org.apache.maven.surefire.testng.TestNGProvider.invoke(TestNGProvider.java:90)
	at org.apache.maven.surefire.booter.ForkedBooter.invokeProviderInSameClassLoader(ForkedBooter.java:203)
	at org.apache.maven.surefire.booter.ForkedBooter.runSuitesInProcess(ForkedBooter.java:155)
	at org.apache.maven.surefire.booter.ForkedBooter.main(ForkedBooter.java:103)
]]></failure>
    <system-err><![CDATA[Starting ChromeDriver 87.0.4280.88 (89e2380a3e36c3464b5dd1302349b1382549290d-refs/branch-heads/4280@{#1761}) on port 19931
Only local connections are allowed.
Please see https://chromedriver.chromium.org/security-considerations for suggestions on keeping ChromeDriver safe.
ChromeDriver was started successfully.
]]></system-err>
  </testcase>
  <testcase name="SystemCheckValidation" classname="one.globalenglish.testCases.TC_SystemCheck_010" time="0">
    <skipped/>
  </testcase>
  <testcase name="close" classname="one.globalenglish.testCases.TC_SystemCheck_010" time="0">
    <skipped/>
  </testcase>
  <testcase name="setup" classname="one.globalenglish.testCases.TC_GCTutorial_012" time="1.644">
    <failure message="session not created: This version of ChromeDriver only supports Chrome version 87&#10;Current browser version is 89.0.4389.90 with binary path C:\Program Files (x86)\Google\Chrome\Application\chrome.exe&#10;Build info: version: &apos;3.141.59&apos;, revision: &apos;e82be7d358&apos;, time: &apos;2018-11-14T08:17:03&apos;&#10;System info: host: &apos;441SN13&apos;, ip: &apos;192.168.29.207&apos;, os.name: &apos;Windows 10&apos;, os.arch: &apos;amd64&apos;, os.version: &apos;10.0&apos;, java.version: &apos;1.8.0_271&apos;&#10;Driver info: driver.version: ChromeDriver&#10;remote stacktrace: Backtrace:&#10;	Ordinal0 [0x00AFC0C3+3326147]&#10;	Ordinal0 [0x009E0851+2164817]&#10;	Ordinal0 [0x00867298+619160]&#10;	Ordinal0 [0x007E1D92+73106]&#10;	Ordinal0 [0x007DE119+57625]&#10;	Ordinal0 [0x007DC38A+50058]&#10;	Ordinal0 [0x00805F3E+220990]&#10;	Ordinal0 [0x00805CAC+220332]&#10;	Ordinal0 [0x0080189B+202907]&#10;	Ordinal0 [0x007E3DF4+81396]&#10;	Ordinal0 [0x007E4DEE+85486]&#10;	Ordinal0 [0x007E4D79+85369]&#10;	Ordinal0 [0x009F85DC+2262492]&#10;	GetHandleVerifier [0x00C82874+1487204]&#10;	GetHandleVerifier [0x00C823CD+1486013]&#10;	GetHandleVerifier [0x00C8A368+1518680]&#10;	GetHandleVerifier [0x00C82F4E+1488958]&#10;	Ordinal0 [0x009EED0D+2223373]&#10;	Ordinal0 [0x009FA12B+2269483]&#10;	Ordinal0 [0x009FA26F+2269807]&#10;	Ordinal0 [0x00A0ECB8+2354360]&#10;	BaseThreadInitThunk [0x750DF989+25]&#10;	RtlGetAppContainerNamedObjectPath [0x76FC7084+228]&#10;	RtlGetAppContainerNamedObjectPath [0x76FC7054+180]&#10;" type="org.openqa.selenium.SessionNotCreatedException"><![CDATA[org.openqa.selenium.SessionNotCreatedException: session not created: This version of ChromeDriver only supports Chrome version 87
Current browser version is 89.0.4389.90 with binary path C:\Program Files (x86)\Google\Chrome\Application\chrome.exe
Build info: version: '3.141.59', revision: 'e82be7d358', time: '2018-11-14T08:17:03'
System info: host: '441SN13', ip: '192.168.29.207', os.name: 'Windows 10', os.arch: 'amd64', os.version: '10.0', java.version: '1.8.0_271'
Driver info: driver.version: ChromeDriver
remote stacktrace: Backtrace:
	Ordinal0 [0x00AFC0C3+3326147]
	Ordinal0 [0x009E0851+2164817]
	Ordinal0 [0x00867298+619160]
	Ordinal0 [0x007E1D92+73106]
	Ordinal0 [0x007DE119+57625]
	Ordinal0 [0x007DC38A+50058]
	Ordinal0 [0x00805F3E+220990]
	Ordinal0 [0x00805CAC+220332]
	Ordinal0 [0x0080189B+202907]
	Ordinal0 [0x007E3DF4+81396]
	Ordinal0 [0x007E4DEE+85486]
	Ordinal0 [0x007E4D79+85369]
	Ordinal0 [0x009F85DC+2262492]
	GetHandleVerifier [0x00C82874+1487204]
	GetHandleVerifier [0x00C823CD+1486013]
	GetHandleVerifier [0x00C8A368+1518680]
	GetHandleVerifier [0x00C82F4E+1488958]
	Ordinal0 [0x009EED0D+2223373]
	Ordinal0 [0x009FA12B+2269483]
	Ordinal0 [0x009FA26F+2269807]
	Ordinal0 [0x00A0ECB8+2354360]
	BaseThreadInitThunk [0x750DF989+25]
	RtlGetAppContainerNamedObjectPath [0x76FC7084+228]
	RtlGetAppContainerNamedObjectPath [0x76FC7054+180]

	at sun.reflect.NativeConstructorAccessorImpl.newInstance0(Native Method)
	at sun.reflect.NativeConstructorAccessorImpl.newInstance(NativeConstructorAccessorImpl.java:62)
	at sun.reflect.DelegatingConstructorAccessorImpl.newInstance(DelegatingConstructorAccessorImpl.java:45)
	at java.lang.reflect.Constructor.newInstance(Constructor.java:423)
	at org.openqa.selenium.remote.W3CHandshakeResponse.lambda$errorHandler$0(W3CHandshakeResponse.java:62)
	at org.openqa.selenium.remote.HandshakeResponse.lambda$getResponseFunction$0(HandshakeResponse.java:30)
	at org.openqa.selenium.remote.ProtocolHandshake.lambda$createSession$0(ProtocolHandshake.java:126)
	at java.util.stream.ReferencePipeline$3$1.accept(ReferencePipeline.java:193)
	at java.util.Spliterators$ArraySpliterator.tryAdvance(Spliterators.java:958)
	at java.util.stream.ReferencePipeline.forEachWithCancel(ReferencePipeline.java:126)
	at java.util.stream.AbstractPipeline.copyIntoWithCancel(AbstractPipeline.java:499)
	at java.util.stream.AbstractPipeline.copyInto(AbstractPipeline.java:486)
	at java.util.stream.AbstractPipeline.wrapAndCopyInto(AbstractPipeline.java:472)
	at java.util.stream.FindOps$FindOp.evaluateSequential(FindOps.java:152)
	at java.util.stream.AbstractPipeline.evaluate(AbstractPipeline.java:234)
	at java.util.stream.ReferencePipeline.findFirst(ReferencePipeline.java:464)
	at org.openqa.selenium.remote.ProtocolHandshake.createSession(ProtocolHandshake.java:128)
	at org.openqa.selenium.remote.ProtocolHandshake.createSession(ProtocolHandshake.java:74)
	at org.openqa.selenium.remote.HttpCommandExecutor.execute(HttpCommandExecutor.java:136)
	at org.openqa.selenium.remote.service.DriverCommandExecutor.execute(DriverCommandExecutor.java:83)
	at org.openqa.selenium.remote.RemoteWebDriver.execute(RemoteWebDriver.java:552)
	at org.openqa.selenium.remote.RemoteWebDriver.startSession(RemoteWebDriver.java:213)
	at org.openqa.selenium.remote.RemoteWebDriver.<init>(RemoteWebDriver.java:131)
	at org.openqa.selenium.chrome.ChromeDriver.<init>(ChromeDriver.java:181)
	at org.openqa.selenium.chrome.ChromeDriver.<init>(ChromeDriver.java:168)
	at org.openqa.selenium.chrome.ChromeDriver.<init>(ChromeDriver.java:123)
	at one.globalenglish.testCases.BaseClass.setup(BaseClass.java:55)
	at sun.reflect.NativeMethodAccessorImpl.invoke0(Native Method)
	at sun.reflect.NativeMethodAccessorImpl.invoke(NativeMethodAccessorImpl.java:62)
	at sun.reflect.DelegatingMethodAccessorImpl.invoke(DelegatingMethodAccessorImpl.java:43)
	at java.lang.reflect.Method.invoke(Method.java:498)
	at org.testng.internal.MethodInvocationHelper.invokeMethod(MethodInvocationHelper.java:134)
	at org.testng.internal.MethodInvocationHelper.invokeMethodConsideringTimeout(MethodInvocationHelper.java:63)
	at org.testng.internal.ConfigInvoker.invokeConfigurationMethod(ConfigInvoker.java:348)
	at org.testng.internal.ConfigInvoker.invokeConfigurations(ConfigInvoker.java:302)
	at org.testng.internal.TestMethodWorker.invokeBeforeClassMethods(TestMethodWorker.java:176)
	at org.testng.internal.TestMethodWorker.run(TestMethodWorker.java:122)
	at java.util.ArrayList.forEach(ArrayList.java:1259)
	at org.testng.TestRunner.privateRun(TestRunner.java:766)
	at org.testng.TestRunner.run(TestRunner.java:587)
	at org.testng.SuiteRunner.runTest(SuiteRunner.java:384)
	at org.testng.SuiteRunner.runSequentially(SuiteRunner.java:378)
	at org.testng.SuiteRunner.privateRun(SuiteRunner.java:337)
	at org.testng.SuiteRunner.run(SuiteRunner.java:286)
	at org.testng.SuiteRunnerWorker.runSuite(SuiteRunnerWorker.java:53)
	at org.testng.SuiteRunnerWorker.run(SuiteRunnerWorker.java:96)
	at org.testng.TestNG.runSuitesSequentially(TestNG.java:1187)
	at org.testng.TestNG.runSuitesLocally(TestNG.java:1109)
	at org.testng.TestNG.runSuites(TestNG.java:1039)
	at org.testng.TestNG.run(TestNG.java:1007)
	at org.apache.maven.surefire.testng.TestNGExecutor.run(TestNGExecutor.java:295)
	at org.apache.maven.surefire.testng.TestNGXmlTestSuite.execute(TestNGXmlTestSuite.java:84)
	at org.apache.maven.surefire.testng.TestNGProvider.invoke(TestNGProvider.java:90)
	at org.apache.maven.surefire.booter.ForkedBooter.invokeProviderInSameClassLoader(ForkedBooter.java:203)
	at org.apache.maven.surefire.booter.ForkedBooter.runSuitesInProcess(ForkedBooter.java:155)
	at org.apache.maven.surefire.booter.ForkedBooter.main(ForkedBooter.java:103)
]]></failure>
    <system-err><![CDATA[Starting ChromeDriver 87.0.4280.88 (89e2380a3e36c3464b5dd1302349b1382549290d-refs/branch-heads/4280@{#1761}) on port 18044
Only local connections are allowed.
Please see https://chromedriver.chromium.org/security-considerations for suggestions on keeping ChromeDriver safe.
ChromeDriver was started successfully.
]]></system-err>
  </testcase>
  <testcase name="GCTutorial" classname="one.globalenglish.testCases.TC_GCTutorial_012" time="0">
    <skipped/>
  </testcase>
  <testcase name="GCTutorial1" classname="one.globalenglish.testCases.TC_GCTutorial_012" time="0">
    <skipped/>
  </testcase>
  <testcase name="close" classname="one.globalenglish.testCases.TC_GCTutorial_012" time="0">
    <skipped/>
  </testcase>
</testsuite>