<?xml version="1.0" encoding="UTF-8"?>
<testng-results skipped="7" failed="0" ignored="0" total="7" passed="0">
  <reporter-output>
  </reporter-output>
  <suite name="Suite" duration-ms="11512" started-at="2021-03-18T21:45:45 IST" finished-at="2021-03-18T21:45:56 IST">
    <groups>
    </groups>
    <test name="Test" duration-ms="11512" started-at="2021-03-18T21:45:45 IST" finished-at="2021-03-18T21:45:56 IST">
      <class name="one.globalenglish.testCases.TC_Accent_003">
        <test-method status="FAIL" signature="setup(java.lang.String)[pri:0, instance:one.globalenglish.testCases.TC_Accent_003@1f57539]" name="setup" is-config="true" duration-ms="3000" started-at="2021-03-18T21:45:45 IST" finished-at="2021-03-18T21:45:48 IST">
          <params>
            <param index="0">
              <value>
                <![CDATA[chrome]]>
              </value>
            </param>
          </params>
          <exception class="org.openqa.selenium.SessionNotCreatedException">
            <message>
              <![CDATA[session not created: This version of ChromeDriver only supports Chrome version 87
Current browser version is 89.0.4389.90 with binary path C:\Program Files (x86)\Google\Chrome\Application\chrome.exe
Build info: version: '3.141.59', revision: 'e82be7d358', time: '2018-11-14T08:17:03'
System info: host: '441SN13', ip: '192.168.29.207', os.name: 'Windows 10', os.arch: 'amd64', os.version: '10.0', java.version: '1.8.0_271'
Driver info: driver.version: ChromeDriver
remote stacktrace: Backtrace:
Ordinal0 [0x00AFC0C3+3326147]
Ordinal0 [0x009E0851+2164817]
Ordinal0 [0x00867298+619160]
Ordinal0 [0x007E1D92+73106]
Ordinal0 [0x007DE119+57625]
Ordinal0 [0x007DC38A+50058]
Ordinal0 [0x00805F3E+220990]
Ordinal0 [0x00805CAC+220332]
Ordinal0 [0x0080189B+202907]
Ordinal0 [0x007E3DF4+81396]
Ordinal0 [0x007E4DEE+85486]
Ordinal0 [0x007E4D79+85369]
Ordinal0 [0x009F85DC+2262492]
GetHandleVerifier [0x00C82874+1487204]
GetHandleVerifier [0x00C823CD+1486013]
GetHandleVerifier [0x00C8A368+1518680]
GetHandleVerifier [0x00C82F4E+1488958]
Ordinal0 [0x009EED0D+2223373]
Ordinal0 [0x009FA12B+2269483]
Ordinal0 [0x009FA26F+2269807]
Ordinal0 [0x00A0ECB8+2354360]
BaseThreadInitThunk [0x750DF989+25]
RtlGetAppContainerNamedObjectPath [0x76FC7084+228]
RtlGetAppContainerNamedObjectPath [0x76FC7054+180]
]]>
            </message>
            <full-stacktrace>
              <![CDATA[org.openqa.selenium.SessionNotCreatedException: session not created: This version of ChromeDriver only supports Chrome version 87
Current browser version is 89.0.4389.90 with binary path C:\Program Files (x86)\Google\Chrome\Application\chrome.exe
Build info: version: '3.141.59', revision: 'e82be7d358', time: '2018-11-14T08:17:03'
System info: host: '441SN13', ip: '192.168.29.207', os.name: 'Windows 10', os.arch: 'amd64', os.version: '10.0', java.version: '1.8.0_271'
Driver info: driver.version: ChromeDriver
remote stacktrace: Backtrace:
Ordinal0 [0x00AFC0C3+3326147]
Ordinal0 [0x009E0851+2164817]
Ordinal0 [0x00867298+619160]
Ordinal0 [0x007E1D92+73106]
Ordinal0 [0x007DE119+57625]
Ordinal0 [0x007DC38A+50058]
Ordinal0 [0x00805F3E+220990]
Ordinal0 [0x00805CAC+220332]
Ordinal0 [0x0080189B+202907]
Ordinal0 [0x007E3DF4+81396]
Ordinal0 [0x007E4DEE+85486]
Ordinal0 [0x007E4D79+85369]
Ordinal0 [0x009F85DC+2262492]
GetHandleVerifier [0x00C82874+1487204]
GetHandleVerifier [0x00C823CD+1486013]
GetHandleVerifier [0x00C8A368+1518680]
GetHandleVerifier [0x00C82F4E+1488958]
Ordinal0 [0x009EED0D+2223373]
Ordinal0 [0x009FA12B+2269483]
Ordinal0 [0x009FA26F+2269807]
Ordinal0 [0x00A0ECB8+2354360]
BaseThreadInitThunk [0x750DF989+25]
RtlGetAppContainerNamedObjectPath [0x76FC7084+228]
RtlGetAppContainerNamedObjectPath [0x76FC7054+180]

at sun.reflect.NativeConstructorAccessorImpl.newInstance0(Native Method)
at sun.reflect.NativeConstructorAccessorImpl.newInstance(NativeConstructorAccessorImpl.java:62)
at sun.reflect.DelegatingConstructorAccessorImpl.newInstance(DelegatingConstructorAccessorImpl.java:45)
at java.lang.reflect.Constructor.newInstance(Constructor.java:423)
at org.openqa.selenium.remote.W3CHandshakeResponse.lambda$errorHandler$0(W3CHandshakeResponse.java:62)
at org.openqa.selenium.remote.HandshakeResponse.lambda$getResponseFunction$0(HandshakeResponse.java:30)
at org.openqa.selenium.remote.ProtocolHandshake.lambda$createSession$0(ProtocolHandshake.java:126)
at java.util.stream.ReferencePipeline$3$1.accept(ReferencePipeline.java:193)
at java.util.Spliterators$ArraySpliterator.tryAdvance(Spliterators.java:958)
at java.util.stream.ReferencePipeline.forEachWithCancel(ReferencePipeline.java:126)
at java.util.stream.AbstractPipeline.copyIntoWithCancel(AbstractPipeline.java:499)
at java.util.stream.AbstractPipeline.copyInto(AbstractPipeline.java:486)
at java.util.stream.AbstractPipeline.wrapAndCopyInto(AbstractPipeline.java:472)
at java.util.stream.FindOps$FindOp.evaluateSequential(FindOps.java:152)
at java.util.stream.AbstractPipeline.evaluate(AbstractPipeline.java:234)
at java.util.stream.ReferencePipeline.findFirst(ReferencePipeline.java:464)
at org.openqa.selenium.remote.ProtocolHandshake.createSession(ProtocolHandshake.java:128)
at org.openqa.selenium.remote.ProtocolHandshake.createSession(ProtocolHandshake.java:74)
at org.openqa.selenium.remote.HttpCommandExecutor.execute(HttpCommandExecutor.java:136)
at org.openqa.selenium.remote.service.DriverCommandExecutor.execute(DriverCommandExecutor.java:83)
at org.openqa.selenium.remote.RemoteWebDriver.execute(RemoteWebDriver.java:552)
at org.openqa.selenium.remote.RemoteWebDriver.startSession(RemoteWebDriver.java:213)
at org.openqa.selenium.remote.RemoteWebDriver.<init>(RemoteWebDriver.java:131)
at org.openqa.selenium.chrome.ChromeDriver.<init>(ChromeDriver.java:181)
at org.openqa.selenium.chrome.ChromeDriver.<init>(ChromeDriver.java:168)
at org.openqa.selenium.chrome.ChromeDriver.<init>(ChromeDriver.java:123)
at one.globalenglish.testCases.BaseClass.setup(BaseClass.java:55)
at sun.reflect.NativeMethodAccessorImpl.invoke0(Native Method)
at sun.reflect.NativeMethodAccessorImpl.invoke(NativeMethodAccessorImpl.java:62)
at sun.reflect.DelegatingMethodAccessorImpl.invoke(DelegatingMethodAccessorImpl.java:43)
at java.lang.reflect.Method.invoke(Method.java:498)
at org.testng.internal.MethodInvocationHelper.invokeMethod(MethodInvocationHelper.java:134)
at org.testng.internal.MethodInvocationHelper.invokeMethodConsideringTimeout(MethodInvocationHelper.java:63)
at org.testng.internal.ConfigInvoker.invokeConfigurationMethod(ConfigInvoker.java:348)
at org.testng.internal.ConfigInvoker.invokeConfigurations(ConfigInvoker.java:302)
at org.testng.internal.TestMethodWorker.invokeBeforeClassMethods(TestMethodWorker.java:176)
at org.testng.internal.TestMethodWorker.run(TestMethodWorker.java:122)
at java.util.concurrent.ThreadPoolExecutor.runWorker(ThreadPoolExecutor.java:1149)
at java.util.concurrent.ThreadPoolExecutor$Worker.run(ThreadPoolExecutor.java:624)
at java.lang.Thread.run(Thread.java:748)
]]>
            </full-stacktrace>
          </exception> <!-- org.openqa.selenium.SessionNotCreatedException -->
          <reporter-output>
          </reporter-output>
        </test-method> <!-- setup -->
        <test-method status="SKIP" signature="accent()[pri:0, instance:one.globalenglish.testCases.TC_Accent_003@1f57539]" name="accent" duration-ms="0" started-at="2021-03-18T21:45:48 IST" finished-at="2021-03-18T21:45:48 IST">
          <exception class="org.openqa.selenium.SessionNotCreatedException">
            <message>
              <![CDATA[session not created: This version of ChromeDriver only supports Chrome version 87
Current browser version is 89.0.4389.90 with binary path C:\Program Files (x86)\Google\Chrome\Application\chrome.exe
Build info: version: '3.141.59', revision: 'e82be7d358', time: '2018-11-14T08:17:03'
System info: host: '441SN13', ip: '192.168.29.207', os.name: 'Windows 10', os.arch: 'amd64', os.version: '10.0', java.version: '1.8.0_271'
Driver info: driver.version: ChromeDriver
remote stacktrace: Backtrace:
Ordinal0 [0x00AFC0C3+3326147]
Ordinal0 [0x009E0851+2164817]
Ordinal0 [0x00867298+619160]
Ordinal0 [0x007E1D92+73106]
Ordinal0 [0x007DE119+57625]
Ordinal0 [0x007DC38A+50058]
Ordinal0 [0x00805F3E+220990]
Ordinal0 [0x00805CAC+220332]
Ordinal0 [0x0080189B+202907]
Ordinal0 [0x007E3DF4+81396]
Ordinal0 [0x007E4DEE+85486]
Ordinal0 [0x007E4D79+85369]
Ordinal0 [0x009F85DC+2262492]
GetHandleVerifier [0x00C82874+1487204]
GetHandleVerifier [0x00C823CD+1486013]
GetHandleVerifier [0x00C8A368+1518680]
GetHandleVerifier [0x00C82F4E+1488958]
Ordinal0 [0x009EED0D+2223373]
Ordinal0 [0x009FA12B+2269483]
Ordinal0 [0x009FA26F+2269807]
Ordinal0 [0x00A0ECB8+2354360]
BaseThreadInitThunk [0x750DF989+25]
RtlGetAppContainerNamedObjectPath [0x76FC7084+228]
RtlGetAppContainerNamedObjectPath [0x76FC7054+180]
]]>
            </message>
            <full-stacktrace>
              <![CDATA[org.openqa.selenium.SessionNotCreatedException: session not created: This version of ChromeDriver only supports Chrome version 87
Current browser version is 89.0.4389.90 with binary path C:\Program Files (x86)\Google\Chrome\Application\chrome.exe
Build info: version: '3.141.59', revision: 'e82be7d358', time: '2018-11-14T08:17:03'
System info: host: '441SN13', ip: '192.168.29.207', os.name: 'Windows 10', os.arch: 'amd64', os.version: '10.0', java.version: '1.8.0_271'
Driver info: driver.version: ChromeDriver
remote stacktrace: Backtrace:
Ordinal0 [0x00AFC0C3+3326147]
Ordinal0 [0x009E0851+2164817]
Ordinal0 [0x00867298+619160]
Ordinal0 [0x007E1D92+73106]
Ordinal0 [0x007DE119+57625]
Ordinal0 [0x007DC38A+50058]
Ordinal0 [0x00805F3E+220990]
Ordinal0 [0x00805CAC+220332]
Ordinal0 [0x0080189B+202907]
Ordinal0 [0x007E3DF4+81396]
Ordinal0 [0x007E4DEE+85486]
Ordinal0 [0x007E4D79+85369]
Ordinal0 [0x009F85DC+2262492]
GetHandleVerifier [0x00C82874+1487204]
GetHandleVerifier [0x00C823CD+1486013]
GetHandleVerifier [0x00C8A368+1518680]
GetHandleVerifier [0x00C82F4E+1488958]
Ordinal0 [0x009EED0D+2223373]
Ordinal0 [0x009FA12B+2269483]
Ordinal0 [0x009FA26F+2269807]
Ordinal0 [0x00A0ECB8+2354360]
BaseThreadInitThunk [0x750DF989+25]
RtlGetAppContainerNamedObjectPath [0x76FC7084+228]
RtlGetAppContainerNamedObjectPath [0x76FC7054+180]

at sun.reflect.NativeConstructorAccessorImpl.newInstance0(Native Method)
at sun.reflect.NativeConstructorAccessorImpl.newInstance(NativeConstructorAccessorImpl.java:62)
at sun.reflect.DelegatingConstructorAccessorImpl.newInstance(DelegatingConstructorAccessorImpl.java:45)
at java.lang.reflect.Constructor.newInstance(Constructor.java:423)
at org.openqa.selenium.remote.W3CHandshakeResponse.lambda$errorHandler$0(W3CHandshakeResponse.java:62)
at org.openqa.selenium.remote.HandshakeResponse.lambda$getResponseFunction$0(HandshakeResponse.java:30)
at org.openqa.selenium.remote.ProtocolHandshake.lambda$createSession$0(ProtocolHandshake.java:126)
at java.util.stream.ReferencePipeline$3$1.accept(ReferencePipeline.java:193)
at java.util.Spliterators$ArraySpliterator.tryAdvance(Spliterators.java:958)
at java.util.stream.ReferencePipeline.forEachWithCancel(ReferencePipeline.java:126)
at java.util.stream.AbstractPipeline.copyIntoWithCancel(AbstractPipeline.java:499)
at java.util.stream.AbstractPipeline.copyInto(AbstractPipeline.java:486)
at java.util.stream.AbstractPipeline.wrapAndCopyInto(AbstractPipeline.java:472)
at java.util.stream.FindOps$FindOp.evaluateSequential(FindOps.java:152)
at java.util.stream.AbstractPipeline.evaluate(AbstractPipeline.java:234)
at java.util.stream.ReferencePipeline.findFirst(ReferencePipeline.java:464)
at org.openqa.selenium.remote.ProtocolHandshake.createSession(ProtocolHandshake.java:128)
at org.openqa.selenium.remote.ProtocolHandshake.createSession(ProtocolHandshake.java:74)
at org.openqa.selenium.remote.HttpCommandExecutor.execute(HttpCommandExecutor.java:136)
at org.openqa.selenium.remote.service.DriverCommandExecutor.execute(DriverCommandExecutor.java:83)
at org.openqa.selenium.remote.RemoteWebDriver.execute(RemoteWebDriver.java:552)
at org.openqa.selenium.remote.RemoteWebDriver.startSession(RemoteWebDriver.java:213)
at org.openqa.selenium.remote.RemoteWebDriver.<init>(RemoteWebDriver.java:131)
at org.openqa.selenium.chrome.ChromeDriver.<init>(ChromeDriver.java:181)
at org.openqa.selenium.chrome.ChromeDriver.<init>(ChromeDriver.java:168)
at org.openqa.selenium.chrome.ChromeDriver.<init>(ChromeDriver.java:123)
at one.globalenglish.testCases.BaseClass.setup(BaseClass.java:55)
at sun.reflect.NativeMethodAccessorImpl.invoke0(Native Method)
at sun.reflect.NativeMethodAccessorImpl.invoke(NativeMethodAccessorImpl.java:62)
at sun.reflect.DelegatingMethodAccessorImpl.invoke(DelegatingMethodAccessorImpl.java:43)
at java.lang.reflect.Method.invoke(Method.java:498)
at org.testng.internal.MethodInvocationHelper.invokeMethod(MethodInvocationHelper.java:134)
at org.testng.internal.MethodInvocationHelper.invokeMethodConsideringTimeout(MethodInvocationHelper.java:63)
at org.testng.internal.ConfigInvoker.invokeConfigurationMethod(ConfigInvoker.java:348)
at org.testng.internal.ConfigInvoker.invokeConfigurations(ConfigInvoker.java:302)
at org.testng.internal.TestMethodWorker.invokeBeforeClassMethods(TestMethodWorker.java:176)
at org.testng.internal.TestMethodWorker.run(TestMethodWorker.java:122)
at java.util.concurrent.ThreadPoolExecutor.runWorker(ThreadPoolExecutor.java:1149)
at java.util.concurrent.ThreadPoolExecutor$Worker.run(ThreadPoolExecutor.java:624)
at java.lang.Thread.run(Thread.java:748)
]]>
            </full-stacktrace>
          </exception> <!-- org.openqa.selenium.SessionNotCreatedException -->
          <reporter-output>
          </reporter-output>
        </test-method> <!-- accent -->
        <test-method status="SKIP" signature="close()[pri:0, instance:one.globalenglish.testCases.TC_Accent_003@1f57539]" name="close" is-config="true" duration-ms="-1616084148665" started-at="2021-03-18T21:45:48 IST" finished-at="1970-01-01T05:30:00 IST">
          <reporter-output>
          </reporter-output>
        </test-method> <!-- close -->
      </class> <!-- one.globalenglish.testCases.TC_Accent_003 -->
      <class name="one.globalenglish.testCases.TC_GCTutorial_012">
        <test-method status="FAIL" signature="setup(java.lang.String)[pri:0, instance:one.globalenglish.testCases.TC_GCTutorial_012@2781e022]" name="setup" is-config="true" duration-ms="1633" started-at="2021-03-18T21:45:55 IST" finished-at="2021-03-18T21:45:56 IST">
          <params>
            <param index="0">
              <value>
                <![CDATA[chrome]]>
              </value>
            </param>
          </params>
          <exception class="org.openqa.selenium.SessionNotCreatedException">
            <message>
              <![CDATA[session not created: This version of ChromeDriver only supports Chrome version 87
Current browser version is 89.0.4389.90 with binary path C:\Program Files (x86)\Google\Chrome\Application\chrome.exe
Build info: version: '3.141.59', revision: 'e82be7d358', time: '2018-11-14T08:17:03'
System info: host: '441SN13', ip: '192.168.29.207', os.name: 'Windows 10', os.arch: 'amd64', os.version: '10.0', java.version: '1.8.0_271'
Driver info: driver.version: ChromeDriver
remote stacktrace: Backtrace:
Ordinal0 [0x00AFC0C3+3326147]
Ordinal0 [0x009E0851+2164817]
Ordinal0 [0x00867298+619160]
Ordinal0 [0x007E1D92+73106]
Ordinal0 [0x007DE119+57625]
Ordinal0 [0x007DC38A+50058]
Ordinal0 [0x00805F3E+220990]
Ordinal0 [0x00805CAC+220332]
Ordinal0 [0x0080189B+202907]
Ordinal0 [0x007E3DF4+81396]
Ordinal0 [0x007E4DEE+85486]
Ordinal0 [0x007E4D79+85369]
Ordinal0 [0x009F85DC+2262492]
GetHandleVerifier [0x00C82874+1487204]
GetHandleVerifier [0x00C823CD+1486013]
GetHandleVerifier [0x00C8A368+1518680]
GetHandleVerifier [0x00C82F4E+1488958]
Ordinal0 [0x009EED0D+2223373]
Ordinal0 [0x009FA12B+2269483]
Ordinal0 [0x009FA26F+2269807]
Ordinal0 [0x00A0ECB8+2354360]
BaseThreadInitThunk [0x750DF989+25]
RtlGetAppContainerNamedObjectPath [0x76FC7084+228]
RtlGetAppContainerNamedObjectPath [0x76FC7054+180]
]]>
            </message>
            <full-stacktrace>
              <![CDATA[org.openqa.selenium.SessionNotCreatedException: session not created: This version of ChromeDriver only supports Chrome version 87
Current browser version is 89.0.4389.90 with binary path C:\Program Files (x86)\Google\Chrome\Application\chrome.exe
Build info: version: '3.141.59', revision: 'e82be7d358', time: '2018-11-14T08:17:03'
System info: host: '441SN13', ip: '192.168.29.207', os.name: 'Windows 10', os.arch: 'amd64', os.version: '10.0', java.version: '1.8.0_271'
Driver info: driver.version: ChromeDriver
remote stacktrace: Backtrace:
Ordinal0 [0x00AFC0C3+3326147]
Ordinal0 [0x009E0851+2164817]
Ordinal0 [0x00867298+619160]
Ordinal0 [0x007E1D92+73106]
Ordinal0 [0x007DE119+57625]
Ordinal0 [0x007DC38A+50058]
Ordinal0 [0x00805F3E+220990]
Ordinal0 [0x00805CAC+220332]
Ordinal0 [0x0080189B+202907]
Ordinal0 [0x007E3DF4+81396]
Ordinal0 [0x007E4DEE+85486]
Ordinal0 [0x007E4D79+85369]
Ordinal0 [0x009F85DC+2262492]
GetHandleVerifier [0x00C82874+1487204]
GetHandleVerifier [0x00C823CD+1486013]
GetHandleVerifier [0x00C8A368+1518680]
GetHandleVerifier [0x00C82F4E+1488958]
Ordinal0 [0x009EED0D+2223373]
Ordinal0 [0x009FA12B+2269483]
Ordinal0 [0x009FA26F+2269807]
Ordinal0 [0x00A0ECB8+2354360]
BaseThreadInitThunk [0x750DF989+25]
RtlGetAppContainerNamedObjectPath [0x76FC7084+228]
RtlGetAppContainerNamedObjectPath [0x76FC7054+180]

at sun.reflect.NativeConstructorAccessorImpl.newInstance0(Native Method)
at sun.reflect.NativeConstructorAccessorImpl.newInstance(NativeConstructorAccessorImpl.java:62)
at sun.reflect.DelegatingConstructorAccessorImpl.newInstance(DelegatingConstructorAccessorImpl.java:45)
at java.lang.reflect.Constructor.newInstance(Constructor.java:423)
at org.openqa.selenium.remote.W3CHandshakeResponse.lambda$errorHandler$0(W3CHandshakeResponse.java:62)
at org.openqa.selenium.remote.HandshakeResponse.lambda$getResponseFunction$0(HandshakeResponse.java:30)
at org.openqa.selenium.remote.ProtocolHandshake.lambda$createSession$0(ProtocolHandshake.java:126)
at java.util.stream.ReferencePipeline$3$1.accept(ReferencePipeline.java:193)
at java.util.Spliterators$ArraySpliterator.tryAdvance(Spliterators.java:958)
at java.util.stream.ReferencePipeline.forEachWithCancel(ReferencePipeline.java:126)
at java.util.stream.AbstractPipeline.copyIntoWithCancel(AbstractPipeline.java:499)
at java.util.stream.AbstractPipeline.copyInto(AbstractPipeline.java:486)
at java.util.stream.AbstractPipeline.wrapAndCopyInto(AbstractPipeline.java:472)
at java.util.stream.FindOps$FindOp.evaluateSequential(FindOps.java:152)
at java.util.stream.AbstractPipeline.evaluate(AbstractPipeline.java:234)
at java.util.stream.ReferencePipeline.findFirst(ReferencePipeline.java:464)
at org.openqa.selenium.remote.ProtocolHandshake.createSession(ProtocolHandshake.java:128)
at org.openqa.selenium.remote.ProtocolHandshake.createSession(ProtocolHandshake.java:74)
at org.openqa.selenium.remote.HttpCommandExecutor.execute(HttpCommandExecutor.java:136)
at org.openqa.selenium.remote.service.DriverCommandExecutor.execute(DriverCommandExecutor.java:83)
at org.openqa.selenium.remote.RemoteWebDriver.execute(RemoteWebDriver.java:552)
at org.openqa.selenium.remote.RemoteWebDriver.startSession(RemoteWebDriver.java:213)
at org.openqa.selenium.remote.RemoteWebDriver.<init>(RemoteWebDriver.java:131)
at org.openqa.selenium.chrome.ChromeDriver.<init>(ChromeDriver.java:181)
at org.openqa.selenium.chrome.ChromeDriver.<init>(ChromeDriver.java:168)
at org.openqa.selenium.chrome.ChromeDriver.<init>(ChromeDriver.java:123)
at one.globalenglish.testCases.BaseClass.setup(BaseClass.java:55)
at sun.reflect.NativeMethodAccessorImpl.invoke0(Native Method)
at sun.reflect.NativeMethodAccessorImpl.invoke(NativeMethodAccessorImpl.java:62)
at sun.reflect.DelegatingMethodAccessorImpl.invoke(DelegatingMethodAccessorImpl.java:43)
at java.lang.reflect.Method.invoke(Method.java:498)
at org.testng.internal.MethodInvocationHelper.invokeMethod(MethodInvocationHelper.java:134)
at org.testng.internal.MethodInvocationHelper.invokeMethodConsideringTimeout(MethodInvocationHelper.java:63)
at org.testng.internal.ConfigInvoker.invokeConfigurationMethod(ConfigInvoker.java:348)
at org.testng.internal.ConfigInvoker.invokeConfigurations(ConfigInvoker.java:302)
at org.testng.internal.TestMethodWorker.invokeBeforeClassMethods(TestMethodWorker.java:176)
at org.testng.internal.TestMethodWorker.run(TestMethodWorker.java:122)
at java.util.concurrent.ThreadPoolExecutor.runWorker(ThreadPoolExecutor.java:1149)
at java.util.concurrent.ThreadPoolExecutor$Worker.run(ThreadPoolExecutor.java:624)
at java.lang.Thread.run(Thread.java:748)
]]>
            </full-stacktrace>
          </exception> <!-- org.openqa.selenium.SessionNotCreatedException -->
          <reporter-output>
          </reporter-output>
        </test-method> <!-- setup -->
        <test-method status="SKIP" signature="GCTutorial()[pri:0, instance:one.globalenglish.testCases.TC_GCTutorial_012@2781e022]" name="GCTutorial" duration-ms="0" started-at="2021-03-18T21:45:56 IST" finished-at="2021-03-18T21:45:56 IST">
          <exception class="org.openqa.selenium.SessionNotCreatedException">
            <message>
              <![CDATA[session not created: This version of ChromeDriver only supports Chrome version 87
Current browser version is 89.0.4389.90 with binary path C:\Program Files (x86)\Google\Chrome\Application\chrome.exe
Build info: version: '3.141.59', revision: 'e82be7d358', time: '2018-11-14T08:17:03'
System info: host: '441SN13', ip: '192.168.29.207', os.name: 'Windows 10', os.arch: 'amd64', os.version: '10.0', java.version: '1.8.0_271'
Driver info: driver.version: ChromeDriver
remote stacktrace: Backtrace:
Ordinal0 [0x00AFC0C3+3326147]
Ordinal0 [0x009E0851+2164817]
Ordinal0 [0x00867298+619160]
Ordinal0 [0x007E1D92+73106]
Ordinal0 [0x007DE119+57625]
Ordinal0 [0x007DC38A+50058]
Ordinal0 [0x00805F3E+220990]
Ordinal0 [0x00805CAC+220332]
Ordinal0 [0x0080189B+202907]
Ordinal0 [0x007E3DF4+81396]
Ordinal0 [0x007E4DEE+85486]
Ordinal0 [0x007E4D79+85369]
Ordinal0 [0x009F85DC+2262492]
GetHandleVerifier [0x00C82874+1487204]
GetHandleVerifier [0x00C823CD+1486013]
GetHandleVerifier [0x00C8A368+1518680]
GetHandleVerifier [0x00C82F4E+1488958]
Ordinal0 [0x009EED0D+2223373]
Ordinal0 [0x009FA12B+2269483]
Ordinal0 [0x009FA26F+2269807]
Ordinal0 [0x00A0ECB8+2354360]
BaseThreadInitThunk [0x750DF989+25]
RtlGetAppContainerNamedObjectPath [0x76FC7084+228]
RtlGetAppContainerNamedObjectPath [0x76FC7054+180]
]]>
            </message>
            <full-stacktrace>
              <![CDATA[org.openqa.selenium.SessionNotCreatedException: session not created: This version of ChromeDriver only supports Chrome version 87
Current browser version is 89.0.4389.90 with binary path C:\Program Files (x86)\Google\Chrome\Application\chrome.exe
Build info: version: '3.141.59', revision: 'e82be7d358', time: '2018-11-14T08:17:03'
System info: host: '441SN13', ip: '192.168.29.207', os.name: 'Windows 10', os.arch: 'amd64', os.version: '10.0', java.version: '1.8.0_271'
Driver info: driver.version: ChromeDriver
remote stacktrace: Backtrace:
Ordinal0 [0x00AFC0C3+3326147]
Ordinal0 [0x009E0851+2164817]
Ordinal0 [0x00867298+619160]
Ordinal0 [0x007E1D92+73106]
Ordinal0 [0x007DE119+57625]
Ordinal0 [0x007DC38A+50058]
Ordinal0 [0x00805F3E+220990]
Ordinal0 [0x00805CAC+220332]
Ordinal0 [0x0080189B+202907]
Ordinal0 [0x007E3DF4+81396]
Ordinal0 [0x007E4DEE+85486]
Ordinal0 [0x007E4D79+85369]
Ordinal0 [0x009F85DC+2262492]
GetHandleVerifier [0x00C82874+1487204]
GetHandleVerifier [0x00C823CD+1486013]
GetHandleVerifier [0x00C8A368+1518680]
GetHandleVerifier [0x00C82F4E+1488958]
Ordinal0 [0x009EED0D+2223373]
Ordinal0 [0x009FA12B+2269483]
Ordinal0 [0x009FA26F+2269807]
Ordinal0 [0x00A0ECB8+2354360]
BaseThreadInitThunk [0x750DF989+25]
RtlGetAppContainerNamedObjectPath [0x76FC7084+228]
RtlGetAppContainerNamedObjectPath [0x76FC7054+180]

at sun.reflect.NativeConstructorAccessorImpl.newInstance0(Native Method)
at sun.reflect.NativeConstructorAccessorImpl.newInstance(NativeConstructorAccessorImpl.java:62)
at sun.reflect.DelegatingConstructorAccessorImpl.newInstance(DelegatingConstructorAccessorImpl.java:45)
at java.lang.reflect.Constructor.newInstance(Constructor.java:423)
at org.openqa.selenium.remote.W3CHandshakeResponse.lambda$errorHandler$0(W3CHandshakeResponse.java:62)
at org.openqa.selenium.remote.HandshakeResponse.lambda$getResponseFunction$0(HandshakeResponse.java:30)
at org.openqa.selenium.remote.ProtocolHandshake.lambda$createSession$0(ProtocolHandshake.java:126)
at java.util.stream.ReferencePipeline$3$1.accept(ReferencePipeline.java:193)
at java.util.Spliterators$ArraySpliterator.tryAdvance(Spliterators.java:958)
at java.util.stream.ReferencePipeline.forEachWithCancel(ReferencePipeline.java:126)
at java.util.stream.AbstractPipeline.copyIntoWithCancel(AbstractPipeline.java:499)
at java.util.stream.AbstractPipeline.copyInto(AbstractPipeline.java:486)
at java.util.stream.AbstractPipeline.wrapAndCopyInto(AbstractPipeline.java:472)
at java.util.stream.FindOps$FindOp.evaluateSequential(FindOps.java:152)
at java.util.stream.AbstractPipeline.evaluate(AbstractPipeline.java:234)
at java.util.stream.ReferencePipeline.findFirst(ReferencePipeline.java:464)
at org.openqa.selenium.remote.ProtocolHandshake.createSession(ProtocolHandshake.java:128)
at org.openqa.selenium.remote.ProtocolHandshake.createSession(ProtocolHandshake.java:74)
at org.openqa.selenium.remote.HttpCommandExecutor.execute(HttpCommandExecutor.java:136)
at org.openqa.selenium.remote.service.DriverCommandExecutor.execute(DriverCommandExecutor.java:83)
at org.openqa.selenium.remote.RemoteWebDriver.execute(RemoteWebDriver.java:552)
at org.openqa.selenium.remote.RemoteWebDriver.startSession(RemoteWebDriver.java:213)
at org.openqa.selenium.remote.RemoteWebDriver.<init>(RemoteWebDriver.java:131)
at org.openqa.selenium.chrome.ChromeDriver.<init>(ChromeDriver.java:181)
at org.openqa.selenium.chrome.ChromeDriver.<init>(ChromeDriver.java:168)
at org.openqa.selenium.chrome.ChromeDriver.<init>(ChromeDriver.java:123)
at one.globalenglish.testCases.BaseClass.setup(BaseClass.java:55)
at sun.reflect.NativeMethodAccessorImpl.invoke0(Native Method)
at sun.reflect.NativeMethodAccessorImpl.invoke(NativeMethodAccessorImpl.java:62)
at sun.reflect.DelegatingMethodAccessorImpl.invoke(DelegatingMethodAccessorImpl.java:43)
at java.lang.reflect.Method.invoke(Method.java:498)
at org.testng.internal.MethodInvocationHelper.invokeMethod(MethodInvocationHelper.java:134)
at org.testng.internal.MethodInvocationHelper.invokeMethodConsideringTimeout(MethodInvocationHelper.java:63)
at org.testng.internal.ConfigInvoker.invokeConfigurationMethod(ConfigInvoker.java:348)
at org.testng.internal.ConfigInvoker.invokeConfigurations(ConfigInvoker.java:302)
at org.testng.internal.TestMethodWorker.invokeBeforeClassMethods(TestMethodWorker.java:176)
at org.testng.internal.TestMethodWorker.run(TestMethodWorker.java:122)
at java.util.concurrent.ThreadPoolExecutor.runWorker(ThreadPoolExecutor.java:1149)
at java.util.concurrent.ThreadPoolExecutor$Worker.run(ThreadPoolExecutor.java:624)
at java.lang.Thread.run(Thread.java:748)
]]>
            </full-stacktrace>
          </exception> <!-- org.openqa.selenium.SessionNotCreatedException -->
          <reporter-output>
          </reporter-output>
        </test-method> <!-- GCTutorial -->
        <test-method status="SKIP" signature="GCTutorial1()[pri:0, instance:one.globalenglish.testCases.TC_GCTutorial_012@2781e022]" name="GCTutorial1" duration-ms="0" started-at="2021-03-18T21:45:56 IST" finished-at="2021-03-18T21:45:56 IST">
          <exception class="org.openqa.selenium.SessionNotCreatedException">
            <message>
              <![CDATA[session not created: This version of ChromeDriver only supports Chrome version 87
Current browser version is 89.0.4389.90 with binary path C:\Program Files (x86)\Google\Chrome\Application\chrome.exe
Build info: version: '3.141.59', revision: 'e82be7d358', time: '2018-11-14T08:17:03'
System info: host: '441SN13', ip: '192.168.29.207', os.name: 'Windows 10', os.arch: 'amd64', os.version: '10.0', java.version: '1.8.0_271'
Driver info: driver.version: ChromeDriver
remote stacktrace: Backtrace:
Ordinal0 [0x00AFC0C3+3326147]
Ordinal0 [0x009E0851+2164817]
Ordinal0 [0x00867298+619160]
Ordinal0 [0x007E1D92+73106]
Ordinal0 [0x007DE119+57625]
Ordinal0 [0x007DC38A+50058]
Ordinal0 [0x00805F3E+220990]
Ordinal0 [0x00805CAC+220332]
Ordinal0 [0x0080189B+202907]
Ordinal0 [0x007E3DF4+81396]
Ordinal0 [0x007E4DEE+85486]
Ordinal0 [0x007E4D79+85369]
Ordinal0 [0x009F85DC+2262492]
GetHandleVerifier [0x00C82874+1487204]
GetHandleVerifier [0x00C823CD+1486013]
GetHandleVerifier [0x00C8A368+1518680]
GetHandleVerifier [0x00C82F4E+1488958]
Ordinal0 [0x009EED0D+2223373]
Ordinal0 [0x009FA12B+2269483]
Ordinal0 [0x009FA26F+2269807]
Ordinal0 [0x00A0ECB8+2354360]
BaseThreadInitThunk [0x750DF989+25]
RtlGetAppContainerNamedObjectPath [0x76FC7084+228]
RtlGetAppContainerNamedObjectPath [0x76FC7054+180]
]]>
            </message>
            <full-stacktrace>
              <![CDATA[org.openqa.selenium.SessionNotCreatedException: session not created: This version of ChromeDriver only supports Chrome version 87
Current browser version is 89.0.4389.90 with binary path C:\Program Files (x86)\Google\Chrome\Application\chrome.exe
Build info: version: '3.141.59', revision: 'e82be7d358', time: '2018-11-14T08:17:03'
System info: host: '441SN13', ip: '192.168.29.207', os.name: 'Windows 10', os.arch: 'amd64', os.version: '10.0', java.version: '1.8.0_271'
Driver info: driver.version: ChromeDriver
remote stacktrace: Backtrace:
Ordinal0 [0x00AFC0C3+3326147]
Ordinal0 [0x009E0851+2164817]
Ordinal0 [0x00867298+619160]
Ordinal0 [0x007E1D92+73106]
Ordinal0 [0x007DE119+57625]
Ordinal0 [0x007DC38A+50058]
Ordinal0 [0x00805F3E+220990]
Ordinal0 [0x00805CAC+220332]
Ordinal0 [0x0080189B+202907]
Ordinal0 [0x007E3DF4+81396]
Ordinal0 [0x007E4DEE+85486]
Ordinal0 [0x007E4D79+85369]
Ordinal0 [0x009F85DC+2262492]
GetHandleVerifier [0x00C82874+1487204]
GetHandleVerifier [0x00C823CD+1486013]
GetHandleVerifier [0x00C8A368+1518680]
GetHandleVerifier [0x00C82F4E+1488958]
Ordinal0 [0x009EED0D+2223373]
Ordinal0 [0x009FA12B+2269483]
Ordinal0 [0x009FA26F+2269807]
Ordinal0 [0x00A0ECB8+2354360]
BaseThreadInitThunk [0x750DF989+25]
RtlGetAppContainerNamedObjectPath [0x76FC7084+228]
RtlGetAppContainerNamedObjectPath [0x76FC7054+180]

at sun.reflect.NativeConstructorAccessorImpl.newInstance0(Native Method)
at sun.reflect.NativeConstructorAccessorImpl.newInstance(NativeConstructorAccessorImpl.java:62)
at sun.reflect.DelegatingConstructorAccessorImpl.newInstance(DelegatingConstructorAccessorImpl.java:45)
at java.lang.reflect.Constructor.newInstance(Constructor.java:423)
at org.openqa.selenium.remote.W3CHandshakeResponse.lambda$errorHandler$0(W3CHandshakeResponse.java:62)
at org.openqa.selenium.remote.HandshakeResponse.lambda$getResponseFunction$0(HandshakeResponse.java:30)
at org.openqa.selenium.remote.ProtocolHandshake.lambda$createSession$0(ProtocolHandshake.java:126)
at java.util.stream.ReferencePipeline$3$1.accept(ReferencePipeline.java:193)
at java.util.Spliterators$ArraySpliterator.tryAdvance(Spliterators.java:958)
at java.util.stream.ReferencePipeline.forEachWithCancel(ReferencePipeline.java:126)
at java.util.stream.AbstractPipeline.copyIntoWithCancel(AbstractPipeline.java:499)
at java.util.stream.AbstractPipeline.copyInto(AbstractPipeline.java:486)
at java.util.stream.AbstractPipeline.wrapAndCopyInto(AbstractPipeline.java:472)
at java.util.stream.FindOps$FindOp.evaluateSequential(FindOps.java:152)
at java.util.stream.AbstractPipeline.evaluate(AbstractPipeline.java:234)
at java.util.stream.ReferencePipeline.findFirst(ReferencePipeline.java:464)
at org.openqa.selenium.remote.ProtocolHandshake.createSession(ProtocolHandshake.java:128)
at org.openqa.selenium.remote.ProtocolHandshake.createSession(ProtocolHandshake.java:74)
at org.openqa.selenium.remote.HttpCommandExecutor.execute(HttpCommandExecutor.java:136)
at org.openqa.selenium.remote.service.DriverCommandExecutor.execute(DriverCommandExecutor.java:83)
at org.openqa.selenium.remote.RemoteWebDriver.execute(RemoteWebDriver.java:552)
at org.openqa.selenium.remote.RemoteWebDriver.startSession(RemoteWebDriver.java:213)
at org.openqa.selenium.remote.RemoteWebDriver.<init>(RemoteWebDriver.java:131)
at org.openqa.selenium.chrome.ChromeDriver.<init>(ChromeDriver.java:181)
at org.openqa.selenium.chrome.ChromeDriver.<init>(ChromeDriver.java:168)
at org.openqa.selenium.chrome.ChromeDriver.<init>(ChromeDriver.java:123)
at one.globalenglish.testCases.BaseClass.setup(BaseClass.java:55)
at sun.reflect.NativeMethodAccessorImpl.invoke0(Native Method)
at sun.reflect.NativeMethodAccessorImpl.invoke(NativeMethodAccessorImpl.java:62)
at sun.reflect.DelegatingMethodAccessorImpl.invoke(DelegatingMethodAccessorImpl.java:43)
at java.lang.reflect.Method.invoke(Method.java:498)
at org.testng.internal.MethodInvocationHelper.invokeMethod(MethodInvocationHelper.java:134)
at org.testng.internal.MethodInvocationHelper.invokeMethodConsideringTimeout(MethodInvocationHelper.java:63)
at org.testng.internal.ConfigInvoker.invokeConfigurationMethod(ConfigInvoker.java:348)
at org.testng.internal.ConfigInvoker.invokeConfigurations(ConfigInvoker.java:302)
at org.testng.internal.TestMethodWorker.invokeBeforeClassMethods(TestMethodWorker.java:176)
at org.testng.internal.TestMethodWorker.run(TestMethodWorker.java:122)
at java.util.concurrent.ThreadPoolExecutor.runWorker(ThreadPoolExecutor.java:1149)
at java.util.concurrent.ThreadPoolExecutor$Worker.run(ThreadPoolExecutor.java:624)
at java.lang.Thread.run(Thread.java:748)
]]>
            </full-stacktrace>
          </exception> <!-- org.openqa.selenium.SessionNotCreatedException -->
          <reporter-output>
          </reporter-output>
        </test-method> <!-- GCTutorial1 -->
        <test-method status="SKIP" signature="close()[pri:0, instance:one.globalenglish.testCases.TC_GCTutorial_012@2781e022]" name="close" is-config="true" duration-ms="-1616084156904" started-at="2021-03-18T21:45:56 IST" finished-at="1970-01-01T05:30:00 IST">
          <reporter-output>
          </reporter-output>
        </test-method> <!-- close -->
      </class> <!-- one.globalenglish.testCases.TC_GCTutorial_012 -->
      <class name="one.globalenglish.testCases.TC_EmailTemplate_005">
        <test-method status="FAIL" signature="setup(java.lang.String)[pri:0, instance:one.globalenglish.testCases.TC_EmailTemplate_005@704a52ec]" name="setup" is-config="true" duration-ms="1558" started-at="2021-03-18T21:45:50 IST" finished-at="2021-03-18T21:45:51 IST">
          <params>
            <param index="0">
              <value>
                <![CDATA[chrome]]>
              </value>
            </param>
          </params>
          <exception class="org.openqa.selenium.SessionNotCreatedException">
            <message>
              <![CDATA[session not created: This version of ChromeDriver only supports Chrome version 87
Current browser version is 89.0.4389.90 with binary path C:\Program Files (x86)\Google\Chrome\Application\chrome.exe
Build info: version: '3.141.59', revision: 'e82be7d358', time: '2018-11-14T08:17:03'
System info: host: '441SN13', ip: '192.168.29.207', os.name: 'Windows 10', os.arch: 'amd64', os.version: '10.0', java.version: '1.8.0_271'
Driver info: driver.version: ChromeDriver
remote stacktrace: Backtrace:
Ordinal0 [0x00AFC0C3+3326147]
Ordinal0 [0x009E0851+2164817]
Ordinal0 [0x00867298+619160]
Ordinal0 [0x007E1D92+73106]
Ordinal0 [0x007DE119+57625]
Ordinal0 [0x007DC38A+50058]
Ordinal0 [0x00805F3E+220990]
Ordinal0 [0x00805CAC+220332]
Ordinal0 [0x0080189B+202907]
Ordinal0 [0x007E3DF4+81396]
Ordinal0 [0x007E4DEE+85486]
Ordinal0 [0x007E4D79+85369]
Ordinal0 [0x009F85DC+2262492]
GetHandleVerifier [0x00C82874+1487204]
GetHandleVerifier [0x00C823CD+1486013]
GetHandleVerifier [0x00C8A368+1518680]
GetHandleVerifier [0x00C82F4E+1488958]
Ordinal0 [0x009EED0D+2223373]
Ordinal0 [0x009FA12B+2269483]
Ordinal0 [0x009FA26F+2269807]
Ordinal0 [0x00A0ECB8+2354360]
BaseThreadInitThunk [0x750DF989+25]
RtlGetAppContainerNamedObjectPath [0x76FC7084+228]
RtlGetAppContainerNamedObjectPath [0x76FC7054+180]
]]>
            </message>
            <full-stacktrace>
              <![CDATA[org.openqa.selenium.SessionNotCreatedException: session not created: This version of ChromeDriver only supports Chrome version 87
Current browser version is 89.0.4389.90 with binary path C:\Program Files (x86)\Google\Chrome\Application\chrome.exe
Build info: version: '3.141.59', revision: 'e82be7d358', time: '2018-11-14T08:17:03'
System info: host: '441SN13', ip: '192.168.29.207', os.name: 'Windows 10', os.arch: 'amd64', os.version: '10.0', java.version: '1.8.0_271'
Driver info: driver.version: ChromeDriver
remote stacktrace: Backtrace:
Ordinal0 [0x00AFC0C3+3326147]
Ordinal0 [0x009E0851+2164817]
Ordinal0 [0x00867298+619160]
Ordinal0 [0x007E1D92+73106]
Ordinal0 [0x007DE119+57625]
Ordinal0 [0x007DC38A+50058]
Ordinal0 [0x00805F3E+220990]
Ordinal0 [0x00805CAC+220332]
Ordinal0 [0x0080189B+202907]
Ordinal0 [0x007E3DF4+81396]
Ordinal0 [0x007E4DEE+85486]
Ordinal0 [0x007E4D79+85369]
Ordinal0 [0x009F85DC+2262492]
GetHandleVerifier [0x00C82874+1487204]
GetHandleVerifier [0x00C823CD+1486013]
GetHandleVerifier [0x00C8A368+1518680]
GetHandleVerifier [0x00C82F4E+1488958]
Ordinal0 [0x009EED0D+2223373]
Ordinal0 [0x009FA12B+2269483]
Ordinal0 [0x009FA26F+2269807]
Ordinal0 [0x00A0ECB8+2354360]
BaseThreadInitThunk [0x750DF989+25]
RtlGetAppContainerNamedObjectPath [0x76FC7084+228]
RtlGetAppContainerNamedObjectPath [0x76FC7054+180]

at sun.reflect.NativeConstructorAccessorImpl.newInstance0(Native Method)
at sun.reflect.NativeConstructorAccessorImpl.newInstance(NativeConstructorAccessorImpl.java:62)
at sun.reflect.DelegatingConstructorAccessorImpl.newInstance(DelegatingConstructorAccessorImpl.java:45)
at java.lang.reflect.Constructor.newInstance(Constructor.java:423)
at org.openqa.selenium.remote.W3CHandshakeResponse.lambda$errorHandler$0(W3CHandshakeResponse.java:62)
at org.openqa.selenium.remote.HandshakeResponse.lambda$getResponseFunction$0(HandshakeResponse.java:30)
at org.openqa.selenium.remote.ProtocolHandshake.lambda$createSession$0(ProtocolHandshake.java:126)
at java.util.stream.ReferencePipeline$3$1.accept(ReferencePipeline.java:193)
at java.util.Spliterators$ArraySpliterator.tryAdvance(Spliterators.java:958)
at java.util.stream.ReferencePipeline.forEachWithCancel(ReferencePipeline.java:126)
at java.util.stream.AbstractPipeline.copyIntoWithCancel(AbstractPipeline.java:499)
at java.util.stream.AbstractPipeline.copyInto(AbstractPipeline.java:486)
at java.util.stream.AbstractPipeline.wrapAndCopyInto(AbstractPipeline.java:472)
at java.util.stream.FindOps$FindOp.evaluateSequential(FindOps.java:152)
at java.util.stream.AbstractPipeline.evaluate(AbstractPipeline.java:234)
at java.util.stream.ReferencePipeline.findFirst(ReferencePipeline.java:464)
at org.openqa.selenium.remote.ProtocolHandshake.createSession(ProtocolHandshake.java:128)
at org.openqa.selenium.remote.ProtocolHandshake.createSession(ProtocolHandshake.java:74)
at org.openqa.selenium.remote.HttpCommandExecutor.execute(HttpCommandExecutor.java:136)
at org.openqa.selenium.remote.service.DriverCommandExecutor.execute(DriverCommandExecutor.java:83)
at org.openqa.selenium.remote.RemoteWebDriver.execute(RemoteWebDriver.java:552)
at org.openqa.selenium.remote.RemoteWebDriver.startSession(RemoteWebDriver.java:213)
at org.openqa.selenium.remote.RemoteWebDriver.<init>(RemoteWebDriver.java:131)
at org.openqa.selenium.chrome.ChromeDriver.<init>(ChromeDriver.java:181)
at org.openqa.selenium.chrome.ChromeDriver.<init>(ChromeDriver.java:168)
at org.openqa.selenium.chrome.ChromeDriver.<init>(ChromeDriver.java:123)
at one.globalenglish.testCases.BaseClass.setup(BaseClass.java:55)
at sun.reflect.NativeMethodAccessorImpl.invoke0(Native Method)
at sun.reflect.NativeMethodAccessorImpl.invoke(NativeMethodAccessorImpl.java:62)
at sun.reflect.DelegatingMethodAccessorImpl.invoke(DelegatingMethodAccessorImpl.java:43)
at java.lang.reflect.Method.invoke(Method.java:498)
at org.testng.internal.MethodInvocationHelper.invokeMethod(MethodInvocationHelper.java:134)
at org.testng.internal.MethodInvocationHelper.invokeMethodConsideringTimeout(MethodInvocationHelper.java:63)
at org.testng.internal.ConfigInvoker.invokeConfigurationMethod(ConfigInvoker.java:348)
at org.testng.internal.ConfigInvoker.invokeConfigurations(ConfigInvoker.java:302)
at org.testng.internal.TestMethodWorker.invokeBeforeClassMethods(TestMethodWorker.java:176)
at org.testng.internal.TestMethodWorker.run(TestMethodWorker.java:122)
at java.util.concurrent.ThreadPoolExecutor.runWorker(ThreadPoolExecutor.java:1149)
at java.util.concurrent.ThreadPoolExecutor$Worker.run(ThreadPoolExecutor.java:624)
at java.lang.Thread.run(Thread.java:748)
]]>
            </full-stacktrace>
          </exception> <!-- org.openqa.selenium.SessionNotCreatedException -->
          <reporter-output>
          </reporter-output>
        </test-method> <!-- setup -->
        <test-method status="SKIP" signature="EmailTempValidation()[pri:0, instance:one.globalenglish.testCases.TC_EmailTemplate_005@704a52ec]" name="EmailTempValidation" duration-ms="0" started-at="2021-03-18T21:45:51 IST" finished-at="2021-03-18T21:45:51 IST">
          <exception class="org.openqa.selenium.SessionNotCreatedException">
            <message>
              <![CDATA[session not created: This version of ChromeDriver only supports Chrome version 87
Current browser version is 89.0.4389.90 with binary path C:\Program Files (x86)\Google\Chrome\Application\chrome.exe
Build info: version: '3.141.59', revision: 'e82be7d358', time: '2018-11-14T08:17:03'
System info: host: '441SN13', ip: '192.168.29.207', os.name: 'Windows 10', os.arch: 'amd64', os.version: '10.0', java.version: '1.8.0_271'
Driver info: driver.version: ChromeDriver
remote stacktrace: Backtrace:
Ordinal0 [0x00AFC0C3+3326147]
Ordinal0 [0x009E0851+2164817]
Ordinal0 [0x00867298+619160]
Ordinal0 [0x007E1D92+73106]
Ordinal0 [0x007DE119+57625]
Ordinal0 [0x007DC38A+50058]
Ordinal0 [0x00805F3E+220990]
Ordinal0 [0x00805CAC+220332]
Ordinal0 [0x0080189B+202907]
Ordinal0 [0x007E3DF4+81396]
Ordinal0 [0x007E4DEE+85486]
Ordinal0 [0x007E4D79+85369]
Ordinal0 [0x009F85DC+2262492]
GetHandleVerifier [0x00C82874+1487204]
GetHandleVerifier [0x00C823CD+1486013]
GetHandleVerifier [0x00C8A368+1518680]
GetHandleVerifier [0x00C82F4E+1488958]
Ordinal0 [0x009EED0D+2223373]
Ordinal0 [0x009FA12B+2269483]
Ordinal0 [0x009FA26F+2269807]
Ordinal0 [0x00A0ECB8+2354360]
BaseThreadInitThunk [0x750DF989+25]
RtlGetAppContainerNamedObjectPath [0x76FC7084+228]
RtlGetAppContainerNamedObjectPath [0x76FC7054+180]
]]>
            </message>
            <full-stacktrace>
              <![CDATA[org.openqa.selenium.SessionNotCreatedException: session not created: This version of ChromeDriver only supports Chrome version 87
Current browser version is 89.0.4389.90 with binary path C:\Program Files (x86)\Google\Chrome\Application\chrome.exe
Build info: version: '3.141.59', revision: 'e82be7d358', time: '2018-11-14T08:17:03'
System info: host: '441SN13', ip: '192.168.29.207', os.name: 'Windows 10', os.arch: 'amd64', os.version: '10.0', java.version: '1.8.0_271'
Driver info: driver.version: ChromeDriver
remote stacktrace: Backtrace:
Ordinal0 [0x00AFC0C3+3326147]
Ordinal0 [0x009E0851+2164817]
Ordinal0 [0x00867298+619160]
Ordinal0 [0x007E1D92+73106]
Ordinal0 [0x007DE119+57625]
Ordinal0 [0x007DC38A+50058]
Ordinal0 [0x00805F3E+220990]
Ordinal0 [0x00805CAC+220332]
Ordinal0 [0x0080189B+202907]
Ordinal0 [0x007E3DF4+81396]
Ordinal0 [0x007E4DEE+85486]
Ordinal0 [0x007E4D79+85369]
Ordinal0 [0x009F85DC+2262492]
GetHandleVerifier [0x00C82874+1487204]
GetHandleVerifier [0x00C823CD+1486013]
GetHandleVerifier [0x00C8A368+1518680]
GetHandleVerifier [0x00C82F4E+1488958]
Ordinal0 [0x009EED0D+2223373]
Ordinal0 [0x009FA12B+2269483]
Ordinal0 [0x009FA26F+2269807]
Ordinal0 [0x00A0ECB8+2354360]
BaseThreadInitThunk [0x750DF989+25]
RtlGetAppContainerNamedObjectPath [0x76FC7084+228]
RtlGetAppContainerNamedObjectPath [0x76FC7054+180]

at sun.reflect.NativeConstructorAccessorImpl.newInstance0(Native Method)
at sun.reflect.NativeConstructorAccessorImpl.newInstance(NativeConstructorAccessorImpl.java:62)
at sun.reflect.DelegatingConstructorAccessorImpl.newInstance(DelegatingConstructorAccessorImpl.java:45)
at java.lang.reflect.Constructor.newInstance(Constructor.java:423)
at org.openqa.selenium.remote.W3CHandshakeResponse.lambda$errorHandler$0(W3CHandshakeResponse.java:62)
at org.openqa.selenium.remote.HandshakeResponse.lambda$getResponseFunction$0(HandshakeResponse.java:30)
at org.openqa.selenium.remote.ProtocolHandshake.lambda$createSession$0(ProtocolHandshake.java:126)
at java.util.stream.ReferencePipeline$3$1.accept(ReferencePipeline.java:193)
at java.util.Spliterators$ArraySpliterator.tryAdvance(Spliterators.java:958)
at java.util.stream.ReferencePipeline.forEachWithCancel(ReferencePipeline.java:126)
at java.util.stream.AbstractPipeline.copyIntoWithCancel(AbstractPipeline.java:499)
at java.util.stream.AbstractPipeline.copyInto(AbstractPipeline.java:486)
at java.util.stream.AbstractPipeline.wrapAndCopyInto(AbstractPipeline.java:472)
at java.util.stream.FindOps$FindOp.evaluateSequential(FindOps.java:152)
at java.util.stream.AbstractPipeline.evaluate(AbstractPipeline.java:234)
at java.util.stream.ReferencePipeline.findFirst(ReferencePipeline.java:464)
at org.openqa.selenium.remote.ProtocolHandshake.createSession(ProtocolHandshake.java:128)
at org.openqa.selenium.remote.ProtocolHandshake.createSession(ProtocolHandshake.java:74)
at org.openqa.selenium.remote.HttpCommandExecutor.execute(HttpCommandExecutor.java:136)
at org.openqa.selenium.remote.service.DriverCommandExecutor.execute(DriverCommandExecutor.java:83)
at org.openqa.selenium.remote.RemoteWebDriver.execute(RemoteWebDriver.java:552)
at org.openqa.selenium.remote.RemoteWebDriver.startSession(RemoteWebDriver.java:213)
at org.openqa.selenium.remote.RemoteWebDriver.<init>(RemoteWebDriver.java:131)
at org.openqa.selenium.chrome.ChromeDriver.<init>(ChromeDriver.java:181)
at org.openqa.selenium.chrome.ChromeDriver.<init>(ChromeDriver.java:168)
at org.openqa.selenium.chrome.ChromeDriver.<init>(ChromeDriver.java:123)
at one.globalenglish.testCases.BaseClass.setup(BaseClass.java:55)
at sun.reflect.NativeMethodAccessorImpl.invoke0(Native Method)
at sun.reflect.NativeMethodAccessorImpl.invoke(NativeMethodAccessorImpl.java:62)
at sun.reflect.DelegatingMethodAccessorImpl.invoke(DelegatingMethodAccessorImpl.java:43)
at java.lang.reflect.Method.invoke(Method.java:498)
at org.testng.internal.MethodInvocationHelper.invokeMethod(MethodInvocationHelper.java:134)
at org.testng.internal.MethodInvocationHelper.invokeMethodConsideringTimeout(MethodInvocationHelper.java:63)
at org.testng.internal.ConfigInvoker.invokeConfigurationMethod(ConfigInvoker.java:348)
at org.testng.internal.ConfigInvoker.invokeConfigurations(ConfigInvoker.java:302)
at org.testng.internal.TestMethodWorker.invokeBeforeClassMethods(TestMethodWorker.java:176)
at org.testng.internal.TestMethodWorker.run(TestMethodWorker.java:122)
at java.util.concurrent.ThreadPoolExecutor.runWorker(ThreadPoolExecutor.java:1149)
at java.util.concurrent.ThreadPoolExecutor$Worker.run(ThreadPoolExecutor.java:624)
at java.lang.Thread.run(Thread.java:748)
]]>
            </full-stacktrace>
          </exception> <!-- org.openqa.selenium.SessionNotCreatedException -->
          <reporter-output>
          </reporter-output>
        </test-method> <!-- EmailTempValidation -->
        <test-method status="SKIP" signature="close()[pri:0, instance:one.globalenglish.testCases.TC_EmailTemplate_005@704a52ec]" name="close" is-config="true" duration-ms="-1616084151894" started-at="2021-03-18T21:45:51 IST" finished-at="1970-01-01T05:30:00 IST">
          <reporter-output>
          </reporter-output>
        </test-method> <!-- close -->
      </class> <!-- one.globalenglish.testCases.TC_EmailTemplate_005 -->
      <class name="one.globalenglish.testCases.TC_NewsFeed_006">
        <test-method status="FAIL" signature="setup(java.lang.String)[pri:0, instance:one.globalenglish.testCases.TC_NewsFeed_006@6ee52dcd]" name="setup" is-config="true" duration-ms="1689" started-at="2021-03-18T21:45:51 IST" finished-at="2021-03-18T21:45:53 IST">
          <params>
            <param index="0">
              <value>
                <![CDATA[chrome]]>
              </value>
            </param>
          </params>
          <exception class="org.openqa.selenium.SessionNotCreatedException">
            <message>
              <![CDATA[session not created: This version of ChromeDriver only supports Chrome version 87
Current browser version is 89.0.4389.90 with binary path C:\Program Files (x86)\Google\Chrome\Application\chrome.exe
Build info: version: '3.141.59', revision: 'e82be7d358', time: '2018-11-14T08:17:03'
System info: host: '441SN13', ip: '192.168.29.207', os.name: 'Windows 10', os.arch: 'amd64', os.version: '10.0', java.version: '1.8.0_271'
Driver info: driver.version: ChromeDriver
remote stacktrace: Backtrace:
Ordinal0 [0x00AFC0C3+3326147]
Ordinal0 [0x009E0851+2164817]
Ordinal0 [0x00867298+619160]
Ordinal0 [0x007E1D92+73106]
Ordinal0 [0x007DE119+57625]
Ordinal0 [0x007DC38A+50058]
Ordinal0 [0x00805F3E+220990]
Ordinal0 [0x00805CAC+220332]
Ordinal0 [0x0080189B+202907]
Ordinal0 [0x007E3DF4+81396]
Ordinal0 [0x007E4DEE+85486]
Ordinal0 [0x007E4D79+85369]
Ordinal0 [0x009F85DC+2262492]
GetHandleVerifier [0x00C82874+1487204]
GetHandleVerifier [0x00C823CD+1486013]
GetHandleVerifier [0x00C8A368+1518680]
GetHandleVerifier [0x00C82F4E+1488958]
Ordinal0 [0x009EED0D+2223373]
Ordinal0 [0x009FA12B+2269483]
Ordinal0 [0x009FA26F+2269807]
Ordinal0 [0x00A0ECB8+2354360]
BaseThreadInitThunk [0x750DF989+25]
RtlGetAppContainerNamedObjectPath [0x76FC7084+228]
RtlGetAppContainerNamedObjectPath [0x76FC7054+180]
]]>
            </message>
            <full-stacktrace>
              <![CDATA[org.openqa.selenium.SessionNotCreatedException: session not created: This version of ChromeDriver only supports Chrome version 87
Current browser version is 89.0.4389.90 with binary path C:\Program Files (x86)\Google\Chrome\Application\chrome.exe
Build info: version: '3.141.59', revision: 'e82be7d358', time: '2018-11-14T08:17:03'
System info: host: '441SN13', ip: '192.168.29.207', os.name: 'Windows 10', os.arch: 'amd64', os.version: '10.0', java.version: '1.8.0_271'
Driver info: driver.version: ChromeDriver
remote stacktrace: Backtrace:
Ordinal0 [0x00AFC0C3+3326147]
Ordinal0 [0x009E0851+2164817]
Ordinal0 [0x00867298+619160]
Ordinal0 [0x007E1D92+73106]
Ordinal0 [0x007DE119+57625]
Ordinal0 [0x007DC38A+50058]
Ordinal0 [0x00805F3E+220990]
Ordinal0 [0x00805CAC+220332]
Ordinal0 [0x0080189B+202907]
Ordinal0 [0x007E3DF4+81396]
Ordinal0 [0x007E4DEE+85486]
Ordinal0 [0x007E4D79+85369]
Ordinal0 [0x009F85DC+2262492]
GetHandleVerifier [0x00C82874+1487204]
GetHandleVerifier [0x00C823CD+1486013]
GetHandleVerifier [0x00C8A368+1518680]
GetHandleVerifier [0x00C82F4E+1488958]
Ordinal0 [0x009EED0D+2223373]
Ordinal0 [0x009FA12B+2269483]
Ordinal0 [0x009FA26F+2269807]
Ordinal0 [0x00A0ECB8+2354360]
BaseThreadInitThunk [0x750DF989+25]
RtlGetAppContainerNamedObjectPath [0x76FC7084+228]
RtlGetAppContainerNamedObjectPath [0x76FC7054+180]

at sun.reflect.NativeConstructorAccessorImpl.newInstance0(Native Method)
at sun.reflect.NativeConstructorAccessorImpl.newInstance(NativeConstructorAccessorImpl.java:62)
at sun.reflect.DelegatingConstructorAccessorImpl.newInstance(DelegatingConstructorAccessorImpl.java:45)
at java.lang.reflect.Constructor.newInstance(Constructor.java:423)
at org.openqa.selenium.remote.W3CHandshakeResponse.lambda$errorHandler$0(W3CHandshakeResponse.java:62)
at org.openqa.selenium.remote.HandshakeResponse.lambda$getResponseFunction$0(HandshakeResponse.java:30)
at org.openqa.selenium.remote.ProtocolHandshake.lambda$createSession$0(ProtocolHandshake.java:126)
at java.util.stream.ReferencePipeline$3$1.accept(ReferencePipeline.java:193)
at java.util.Spliterators$ArraySpliterator.tryAdvance(Spliterators.java:958)
at java.util.stream.ReferencePipeline.forEachWithCancel(ReferencePipeline.java:126)
at java.util.stream.AbstractPipeline.copyIntoWithCancel(AbstractPipeline.java:499)
at java.util.stream.AbstractPipeline.copyInto(AbstractPipeline.java:486)
at java.util.stream.AbstractPipeline.wrapAndCopyInto(AbstractPipeline.java:472)
at java.util.stream.FindOps$FindOp.evaluateSequential(FindOps.java:152)
at java.util.stream.AbstractPipeline.evaluate(AbstractPipeline.java:234)
at java.util.stream.ReferencePipeline.findFirst(ReferencePipeline.java:464)
at org.openqa.selenium.remote.ProtocolHandshake.createSession(ProtocolHandshake.java:128)
at org.openqa.selenium.remote.ProtocolHandshake.createSession(ProtocolHandshake.java:74)
at org.openqa.selenium.remote.HttpCommandExecutor.execute(HttpCommandExecutor.java:136)
at org.openqa.selenium.remote.service.DriverCommandExecutor.execute(DriverCommandExecutor.java:83)
at org.openqa.selenium.remote.RemoteWebDriver.execute(RemoteWebDriver.java:552)
at org.openqa.selenium.remote.RemoteWebDriver.startSession(RemoteWebDriver.java:213)
at org.openqa.selenium.remote.RemoteWebDriver.<init>(RemoteWebDriver.java:131)
at org.openqa.selenium.chrome.ChromeDriver.<init>(ChromeDriver.java:181)
at org.openqa.selenium.chrome.ChromeDriver.<init>(ChromeDriver.java:168)
at org.openqa.selenium.chrome.ChromeDriver.<init>(ChromeDriver.java:123)
at one.globalenglish.testCases.BaseClass.setup(BaseClass.java:55)
at sun.reflect.NativeMethodAccessorImpl.invoke0(Native Method)
at sun.reflect.NativeMethodAccessorImpl.invoke(NativeMethodAccessorImpl.java:62)
at sun.reflect.DelegatingMethodAccessorImpl.invoke(DelegatingMethodAccessorImpl.java:43)
at java.lang.reflect.Method.invoke(Method.java:498)
at org.testng.internal.MethodInvocationHelper.invokeMethod(MethodInvocationHelper.java:134)
at org.testng.internal.MethodInvocationHelper.invokeMethodConsideringTimeout(MethodInvocationHelper.java:63)
at org.testng.internal.ConfigInvoker.invokeConfigurationMethod(ConfigInvoker.java:348)
at org.testng.internal.ConfigInvoker.invokeConfigurations(ConfigInvoker.java:302)
at org.testng.internal.TestMethodWorker.invokeBeforeClassMethods(TestMethodWorker.java:176)
at org.testng.internal.TestMethodWorker.run(TestMethodWorker.java:122)
at java.util.concurrent.ThreadPoolExecutor.runWorker(ThreadPoolExecutor.java:1149)
at java.util.concurrent.ThreadPoolExecutor$Worker.run(ThreadPoolExecutor.java:624)
at java.lang.Thread.run(Thread.java:748)
]]>
            </full-stacktrace>
          </exception> <!-- org.openqa.selenium.SessionNotCreatedException -->
          <reporter-output>
          </reporter-output>
        </test-method> <!-- setup -->
        <test-method status="SKIP" signature="NewsFeedValidation1()[pri:0, instance:one.globalenglish.testCases.TC_NewsFeed_006@6ee52dcd]" name="NewsFeedValidation1" duration-ms="0" started-at="2021-03-18T21:45:53 IST" finished-at="2021-03-18T21:45:53 IST">
          <exception class="org.openqa.selenium.SessionNotCreatedException">
            <message>
              <![CDATA[session not created: This version of ChromeDriver only supports Chrome version 87
Current browser version is 89.0.4389.90 with binary path C:\Program Files (x86)\Google\Chrome\Application\chrome.exe
Build info: version: '3.141.59', revision: 'e82be7d358', time: '2018-11-14T08:17:03'
System info: host: '441SN13', ip: '192.168.29.207', os.name: 'Windows 10', os.arch: 'amd64', os.version: '10.0', java.version: '1.8.0_271'
Driver info: driver.version: ChromeDriver
remote stacktrace: Backtrace:
Ordinal0 [0x00AFC0C3+3326147]
Ordinal0 [0x009E0851+2164817]
Ordinal0 [0x00867298+619160]
Ordinal0 [0x007E1D92+73106]
Ordinal0 [0x007DE119+57625]
Ordinal0 [0x007DC38A+50058]
Ordinal0 [0x00805F3E+220990]
Ordinal0 [0x00805CAC+220332]
Ordinal0 [0x0080189B+202907]
Ordinal0 [0x007E3DF4+81396]
Ordinal0 [0x007E4DEE+85486]
Ordinal0 [0x007E4D79+85369]
Ordinal0 [0x009F85DC+2262492]
GetHandleVerifier [0x00C82874+1487204]
GetHandleVerifier [0x00C823CD+1486013]
GetHandleVerifier [0x00C8A368+1518680]
GetHandleVerifier [0x00C82F4E+1488958]
Ordinal0 [0x009EED0D+2223373]
Ordinal0 [0x009FA12B+2269483]
Ordinal0 [0x009FA26F+2269807]
Ordinal0 [0x00A0ECB8+2354360]
BaseThreadInitThunk [0x750DF989+25]
RtlGetAppContainerNamedObjectPath [0x76FC7084+228]
RtlGetAppContainerNamedObjectPath [0x76FC7054+180]
]]>
            </message>
            <full-stacktrace>
              <![CDATA[org.openqa.selenium.SessionNotCreatedException: session not created: This version of ChromeDriver only supports Chrome version 87
Current browser version is 89.0.4389.90 with binary path C:\Program Files (x86)\Google\Chrome\Application\chrome.exe
Build info: version: '3.141.59', revision: 'e82be7d358', time: '2018-11-14T08:17:03'
System info: host: '441SN13', ip: '192.168.29.207', os.name: 'Windows 10', os.arch: 'amd64', os.version: '10.0', java.version: '1.8.0_271'
Driver info: driver.version: ChromeDriver
remote stacktrace: Backtrace:
Ordinal0 [0x00AFC0C3+3326147]
Ordinal0 [0x009E0851+2164817]
Ordinal0 [0x00867298+619160]
Ordinal0 [0x007E1D92+73106]
Ordinal0 [0x007DE119+57625]
Ordinal0 [0x007DC38A+50058]
Ordinal0 [0x00805F3E+220990]
Ordinal0 [0x00805CAC+220332]
Ordinal0 [0x0080189B+202907]
Ordinal0 [0x007E3DF4+81396]
Ordinal0 [0x007E4DEE+85486]
Ordinal0 [0x007E4D79+85369]
Ordinal0 [0x009F85DC+2262492]
GetHandleVerifier [0x00C82874+1487204]
GetHandleVerifier [0x00C823CD+1486013]
GetHandleVerifier [0x00C8A368+1518680]
GetHandleVerifier [0x00C82F4E+1488958]
Ordinal0 [0x009EED0D+2223373]
Ordinal0 [0x009FA12B+2269483]
Ordinal0 [0x009FA26F+2269807]
Ordinal0 [0x00A0ECB8+2354360]
BaseThreadInitThunk [0x750DF989+25]
RtlGetAppContainerNamedObjectPath [0x76FC7084+228]
RtlGetAppContainerNamedObjectPath [0x76FC7054+180]

at sun.reflect.NativeConstructorAccessorImpl.newInstance0(Native Method)
at sun.reflect.NativeConstructorAccessorImpl.newInstance(NativeConstructorAccessorImpl.java:62)
at sun.reflect.DelegatingConstructorAccessorImpl.newInstance(DelegatingConstructorAccessorImpl.java:45)
at java.lang.reflect.Constructor.newInstance(Constructor.java:423)
at org.openqa.selenium.remote.W3CHandshakeResponse.lambda$errorHandler$0(W3CHandshakeResponse.java:62)
at org.openqa.selenium.remote.HandshakeResponse.lambda$getResponseFunction$0(HandshakeResponse.java:30)
at org.openqa.selenium.remote.ProtocolHandshake.lambda$createSession$0(ProtocolHandshake.java:126)
at java.util.stream.ReferencePipeline$3$1.accept(ReferencePipeline.java:193)
at java.util.Spliterators$ArraySpliterator.tryAdvance(Spliterators.java:958)
at java.util.stream.ReferencePipeline.forEachWithCancel(ReferencePipeline.java:126)
at java.util.stream.AbstractPipeline.copyIntoWithCancel(AbstractPipeline.java:499)
at java.util.stream.AbstractPipeline.copyInto(AbstractPipeline.java:486)
at java.util.stream.AbstractPipeline.wrapAndCopyInto(AbstractPipeline.java:472)
at java.util.stream.FindOps$FindOp.evaluateSequential(FindOps.java:152)
at java.util.stream.AbstractPipeline.evaluate(AbstractPipeline.java:234)
at java.util.stream.ReferencePipeline.findFirst(ReferencePipeline.java:464)
at org.openqa.selenium.remote.ProtocolHandshake.createSession(ProtocolHandshake.java:128)
at org.openqa.selenium.remote.ProtocolHandshake.createSession(ProtocolHandshake.java:74)
at org.openqa.selenium.remote.HttpCommandExecutor.execute(HttpCommandExecutor.java:136)
at org.openqa.selenium.remote.service.DriverCommandExecutor.execute(DriverCommandExecutor.java:83)
at org.openqa.selenium.remote.RemoteWebDriver.execute(RemoteWebDriver.java:552)
at org.openqa.selenium.remote.RemoteWebDriver.startSession(RemoteWebDriver.java:213)
at org.openqa.selenium.remote.RemoteWebDriver.<init>(RemoteWebDriver.java:131)
at org.openqa.selenium.chrome.ChromeDriver.<init>(ChromeDriver.java:181)
at org.openqa.selenium.chrome.ChromeDriver.<init>(ChromeDriver.java:168)
at org.openqa.selenium.chrome.ChromeDriver.<init>(ChromeDriver.java:123)
at one.globalenglish.testCases.BaseClass.setup(BaseClass.java:55)
at sun.reflect.NativeMethodAccessorImpl.invoke0(Native Method)
at sun.reflect.NativeMethodAccessorImpl.invoke(NativeMethodAccessorImpl.java:62)
at sun.reflect.DelegatingMethodAccessorImpl.invoke(DelegatingMethodAccessorImpl.java:43)
at java.lang.reflect.Method.invoke(Method.java:498)
at org.testng.internal.MethodInvocationHelper.invokeMethod(MethodInvocationHelper.java:134)
at org.testng.internal.MethodInvocationHelper.invokeMethodConsideringTimeout(MethodInvocationHelper.java:63)
at org.testng.internal.ConfigInvoker.invokeConfigurationMethod(ConfigInvoker.java:348)
at org.testng.internal.ConfigInvoker.invokeConfigurations(ConfigInvoker.java:302)
at org.testng.internal.TestMethodWorker.invokeBeforeClassMethods(TestMethodWorker.java:176)
at org.testng.internal.TestMethodWorker.run(TestMethodWorker.java:122)
at java.util.concurrent.ThreadPoolExecutor.runWorker(ThreadPoolExecutor.java:1149)
at java.util.concurrent.ThreadPoolExecutor$Worker.run(ThreadPoolExecutor.java:624)
at java.lang.Thread.run(Thread.java:748)
]]>
            </full-stacktrace>
          </exception> <!-- org.openqa.selenium.SessionNotCreatedException -->
          <reporter-output>
          </reporter-output>
        </test-method> <!-- NewsFeedValidation1 -->
        <test-method status="SKIP" signature="close()[pri:0, instance:one.globalenglish.testCases.TC_NewsFeed_006@6ee52dcd]" name="close" is-config="true" duration-ms="-1616084153592" started-at="2021-03-18T21:45:53 IST" finished-at="1970-01-01T05:30:00 IST">
          <reporter-output>
          </reporter-output>
        </test-method> <!-- close -->
      </class> <!-- one.globalenglish.testCases.TC_NewsFeed_006 -->
      <class name="one.globalenglish.testCases.TC_Culture_004">
        <test-method status="FAIL" signature="setup(java.lang.String)[pri:0, instance:one.globalenglish.testCases.TC_Culture_004@76f2b07d]" name="setup" is-config="true" duration-ms="1643" started-at="2021-03-18T21:45:48 IST" finished-at="2021-03-18T21:45:50 IST">
          <params>
            <param index="0">
              <value>
                <![CDATA[chrome]]>
              </value>
            </param>
          </params>
          <exception class="org.openqa.selenium.SessionNotCreatedException">
            <message>
              <![CDATA[session not created: This version of ChromeDriver only supports Chrome version 87
Current browser version is 89.0.4389.90 with binary path C:\Program Files (x86)\Google\Chrome\Application\chrome.exe
Build info: version: '3.141.59', revision: 'e82be7d358', time: '2018-11-14T08:17:03'
System info: host: '441SN13', ip: '192.168.29.207', os.name: 'Windows 10', os.arch: 'amd64', os.version: '10.0', java.version: '1.8.0_271'
Driver info: driver.version: ChromeDriver
remote stacktrace: Backtrace:
Ordinal0 [0x00AFC0C3+3326147]
Ordinal0 [0x009E0851+2164817]
Ordinal0 [0x00867298+619160]
Ordinal0 [0x007E1D92+73106]
Ordinal0 [0x007DE119+57625]
Ordinal0 [0x007DC38A+50058]
Ordinal0 [0x00805F3E+220990]
Ordinal0 [0x00805CAC+220332]
Ordinal0 [0x0080189B+202907]
Ordinal0 [0x007E3DF4+81396]
Ordinal0 [0x007E4DEE+85486]
Ordinal0 [0x007E4D79+85369]
Ordinal0 [0x009F85DC+2262492]
GetHandleVerifier [0x00C82874+1487204]
GetHandleVerifier [0x00C823CD+1486013]
GetHandleVerifier [0x00C8A368+1518680]
GetHandleVerifier [0x00C82F4E+1488958]
Ordinal0 [0x009EED0D+2223373]
Ordinal0 [0x009FA12B+2269483]
Ordinal0 [0x009FA26F+2269807]
Ordinal0 [0x00A0ECB8+2354360]
BaseThreadInitThunk [0x750DF989+25]
RtlGetAppContainerNamedObjectPath [0x76FC7084+228]
RtlGetAppContainerNamedObjectPath [0x76FC7054+180]
]]>
            </message>
            <full-stacktrace>
              <![CDATA[org.openqa.selenium.SessionNotCreatedException: session not created: This version of ChromeDriver only supports Chrome version 87
Current browser version is 89.0.4389.90 with binary path C:\Program Files (x86)\Google\Chrome\Application\chrome.exe
Build info: version: '3.141.59', revision: 'e82be7d358', time: '2018-11-14T08:17:03'
System info: host: '441SN13', ip: '192.168.29.207', os.name: 'Windows 10', os.arch: 'amd64', os.version: '10.0', java.version: '1.8.0_271'
Driver info: driver.version: ChromeDriver
remote stacktrace: Backtrace:
Ordinal0 [0x00AFC0C3+3326147]
Ordinal0 [0x009E0851+2164817]
Ordinal0 [0x00867298+619160]
Ordinal0 [0x007E1D92+73106]
Ordinal0 [0x007DE119+57625]
Ordinal0 [0x007DC38A+50058]
Ordinal0 [0x00805F3E+220990]
Ordinal0 [0x00805CAC+220332]
Ordinal0 [0x0080189B+202907]
Ordinal0 [0x007E3DF4+81396]
Ordinal0 [0x007E4DEE+85486]
Ordinal0 [0x007E4D79+85369]
Ordinal0 [0x009F85DC+2262492]
GetHandleVerifier [0x00C82874+1487204]
GetHandleVerifier [0x00C823CD+1486013]
GetHandleVerifier [0x00C8A368+1518680]
GetHandleVerifier [0x00C82F4E+1488958]
Ordinal0 [0x009EED0D+2223373]
Ordinal0 [0x009FA12B+2269483]
Ordinal0 [0x009FA26F+2269807]
Ordinal0 [0x00A0ECB8+2354360]
BaseThreadInitThunk [0x750DF989+25]
RtlGetAppContainerNamedObjectPath [0x76FC7084+228]
RtlGetAppContainerNamedObjectPath [0x76FC7054+180]

at sun.reflect.NativeConstructorAccessorImpl.newInstance0(Native Method)
at sun.reflect.NativeConstructorAccessorImpl.newInstance(NativeConstructorAccessorImpl.java:62)
at sun.reflect.DelegatingConstructorAccessorImpl.newInstance(DelegatingConstructorAccessorImpl.java:45)
at java.lang.reflect.Constructor.newInstance(Constructor.java:423)
at org.openqa.selenium.remote.W3CHandshakeResponse.lambda$errorHandler$0(W3CHandshakeResponse.java:62)
at org.openqa.selenium.remote.HandshakeResponse.lambda$getResponseFunction$0(HandshakeResponse.java:30)
at org.openqa.selenium.remote.ProtocolHandshake.lambda$createSession$0(ProtocolHandshake.java:126)
at java.util.stream.ReferencePipeline$3$1.accept(ReferencePipeline.java:193)
at java.util.Spliterators$ArraySpliterator.tryAdvance(Spliterators.java:958)
at java.util.stream.ReferencePipeline.forEachWithCancel(ReferencePipeline.java:126)
at java.util.stream.AbstractPipeline.copyIntoWithCancel(AbstractPipeline.java:499)
at java.util.stream.AbstractPipeline.copyInto(AbstractPipeline.java:486)
at java.util.stream.AbstractPipeline.wrapAndCopyInto(AbstractPipeline.java:472)
at java.util.stream.FindOps$FindOp.evaluateSequential(FindOps.java:152)
at java.util.stream.AbstractPipeline.evaluate(AbstractPipeline.java:234)
at java.util.stream.ReferencePipeline.findFirst(ReferencePipeline.java:464)
at org.openqa.selenium.remote.ProtocolHandshake.createSession(ProtocolHandshake.java:128)
at org.openqa.selenium.remote.ProtocolHandshake.createSession(ProtocolHandshake.java:74)
at org.openqa.selenium.remote.HttpCommandExecutor.execute(HttpCommandExecutor.java:136)
at org.openqa.selenium.remote.service.DriverCommandExecutor.execute(DriverCommandExecutor.java:83)
at org.openqa.selenium.remote.RemoteWebDriver.execute(RemoteWebDriver.java:552)
at org.openqa.selenium.remote.RemoteWebDriver.startSession(RemoteWebDriver.java:213)
at org.openqa.selenium.remote.RemoteWebDriver.<init>(RemoteWebDriver.java:131)
at org.openqa.selenium.chrome.ChromeDriver.<init>(ChromeDriver.java:181)
at org.openqa.selenium.chrome.ChromeDriver.<init>(ChromeDriver.java:168)
at org.openqa.selenium.chrome.ChromeDriver.<init>(ChromeDriver.java:123)
at one.globalenglish.testCases.BaseClass.setup(BaseClass.java:55)
at sun.reflect.NativeMethodAccessorImpl.invoke0(Native Method)
at sun.reflect.NativeMethodAccessorImpl.invoke(NativeMethodAccessorImpl.java:62)
at sun.reflect.DelegatingMethodAccessorImpl.invoke(DelegatingMethodAccessorImpl.java:43)
at java.lang.reflect.Method.invoke(Method.java:498)
at org.testng.internal.MethodInvocationHelper.invokeMethod(MethodInvocationHelper.java:134)
at org.testng.internal.MethodInvocationHelper.invokeMethodConsideringTimeout(MethodInvocationHelper.java:63)
at org.testng.internal.ConfigInvoker.invokeConfigurationMethod(ConfigInvoker.java:348)
at org.testng.internal.ConfigInvoker.invokeConfigurations(ConfigInvoker.java:302)
at org.testng.internal.TestMethodWorker.invokeBeforeClassMethods(TestMethodWorker.java:176)
at org.testng.internal.TestMethodWorker.run(TestMethodWorker.java:122)
at java.util.concurrent.ThreadPoolExecutor.runWorker(ThreadPoolExecutor.java:1149)
at java.util.concurrent.ThreadPoolExecutor$Worker.run(ThreadPoolExecutor.java:624)
at java.lang.Thread.run(Thread.java:748)
]]>
            </full-stacktrace>
          </exception> <!-- org.openqa.selenium.SessionNotCreatedException -->
          <reporter-output>
          </reporter-output>
        </test-method> <!-- setup -->
        <test-method status="SKIP" signature="Cultures()[pri:0, instance:one.globalenglish.testCases.TC_Culture_004@76f2b07d]" name="Cultures" duration-ms="0" started-at="2021-03-18T21:45:50 IST" finished-at="2021-03-18T21:45:50 IST">
          <exception class="org.openqa.selenium.SessionNotCreatedException">
            <message>
              <![CDATA[session not created: This version of ChromeDriver only supports Chrome version 87
Current browser version is 89.0.4389.90 with binary path C:\Program Files (x86)\Google\Chrome\Application\chrome.exe
Build info: version: '3.141.59', revision: 'e82be7d358', time: '2018-11-14T08:17:03'
System info: host: '441SN13', ip: '192.168.29.207', os.name: 'Windows 10', os.arch: 'amd64', os.version: '10.0', java.version: '1.8.0_271'
Driver info: driver.version: ChromeDriver
remote stacktrace: Backtrace:
Ordinal0 [0x00AFC0C3+3326147]
Ordinal0 [0x009E0851+2164817]
Ordinal0 [0x00867298+619160]
Ordinal0 [0x007E1D92+73106]
Ordinal0 [0x007DE119+57625]
Ordinal0 [0x007DC38A+50058]
Ordinal0 [0x00805F3E+220990]
Ordinal0 [0x00805CAC+220332]
Ordinal0 [0x0080189B+202907]
Ordinal0 [0x007E3DF4+81396]
Ordinal0 [0x007E4DEE+85486]
Ordinal0 [0x007E4D79+85369]
Ordinal0 [0x009F85DC+2262492]
GetHandleVerifier [0x00C82874+1487204]
GetHandleVerifier [0x00C823CD+1486013]
GetHandleVerifier [0x00C8A368+1518680]
GetHandleVerifier [0x00C82F4E+1488958]
Ordinal0 [0x009EED0D+2223373]
Ordinal0 [0x009FA12B+2269483]
Ordinal0 [0x009FA26F+2269807]
Ordinal0 [0x00A0ECB8+2354360]
BaseThreadInitThunk [0x750DF989+25]
RtlGetAppContainerNamedObjectPath [0x76FC7084+228]
RtlGetAppContainerNamedObjectPath [0x76FC7054+180]
]]>
            </message>
            <full-stacktrace>
              <![CDATA[org.openqa.selenium.SessionNotCreatedException: session not created: This version of ChromeDriver only supports Chrome version 87
Current browser version is 89.0.4389.90 with binary path C:\Program Files (x86)\Google\Chrome\Application\chrome.exe
Build info: version: '3.141.59', revision: 'e82be7d358', time: '2018-11-14T08:17:03'
System info: host: '441SN13', ip: '192.168.29.207', os.name: 'Windows 10', os.arch: 'amd64', os.version: '10.0', java.version: '1.8.0_271'
Driver info: driver.version: ChromeDriver
remote stacktrace: Backtrace:
Ordinal0 [0x00AFC0C3+3326147]
Ordinal0 [0x009E0851+2164817]
Ordinal0 [0x00867298+619160]
Ordinal0 [0x007E1D92+73106]
Ordinal0 [0x007DE119+57625]
Ordinal0 [0x007DC38A+50058]
Ordinal0 [0x00805F3E+220990]
Ordinal0 [0x00805CAC+220332]
Ordinal0 [0x0080189B+202907]
Ordinal0 [0x007E3DF4+81396]
Ordinal0 [0x007E4DEE+85486]
Ordinal0 [0x007E4D79+85369]
Ordinal0 [0x009F85DC+2262492]
GetHandleVerifier [0x00C82874+1487204]
GetHandleVerifier [0x00C823CD+1486013]
GetHandleVerifier [0x00C8A368+1518680]
GetHandleVerifier [0x00C82F4E+1488958]
Ordinal0 [0x009EED0D+2223373]
Ordinal0 [0x009FA12B+2269483]
Ordinal0 [0x009FA26F+2269807]
Ordinal0 [0x00A0ECB8+2354360]
BaseThreadInitThunk [0x750DF989+25]
RtlGetAppContainerNamedObjectPath [0x76FC7084+228]
RtlGetAppContainerNamedObjectPath [0x76FC7054+180]

at sun.reflect.NativeConstructorAccessorImpl.newInstance0(Native Method)
at sun.reflect.NativeConstructorAccessorImpl.newInstance(NativeConstructorAccessorImpl.java:62)
at sun.reflect.DelegatingConstructorAccessorImpl.newInstance(DelegatingConstructorAccessorImpl.java:45)
at java.lang.reflect.Constructor.newInstance(Constructor.java:423)
at org.openqa.selenium.remote.W3CHandshakeResponse.lambda$errorHandler$0(W3CHandshakeResponse.java:62)
at org.openqa.selenium.remote.HandshakeResponse.lambda$getResponseFunction$0(HandshakeResponse.java:30)
at org.openqa.selenium.remote.ProtocolHandshake.lambda$createSession$0(ProtocolHandshake.java:126)
at java.util.stream.ReferencePipeline$3$1.accept(ReferencePipeline.java:193)
at java.util.Spliterators$ArraySpliterator.tryAdvance(Spliterators.java:958)
at java.util.stream.ReferencePipeline.forEachWithCancel(ReferencePipeline.java:126)
at java.util.stream.AbstractPipeline.copyIntoWithCancel(AbstractPipeline.java:499)
at java.util.stream.AbstractPipeline.copyInto(AbstractPipeline.java:486)
at java.util.stream.AbstractPipeline.wrapAndCopyInto(AbstractPipeline.java:472)
at java.util.stream.FindOps$FindOp.evaluateSequential(FindOps.java:152)
at java.util.stream.AbstractPipeline.evaluate(AbstractPipeline.java:234)
at java.util.stream.ReferencePipeline.findFirst(ReferencePipeline.java:464)
at org.openqa.selenium.remote.ProtocolHandshake.createSession(ProtocolHandshake.java:128)
at org.openqa.selenium.remote.ProtocolHandshake.createSession(ProtocolHandshake.java:74)
at org.openqa.selenium.remote.HttpCommandExecutor.execute(HttpCommandExecutor.java:136)
at org.openqa.selenium.remote.service.DriverCommandExecutor.execute(DriverCommandExecutor.java:83)
at org.openqa.selenium.remote.RemoteWebDriver.execute(RemoteWebDriver.java:552)
at org.openqa.selenium.remote.RemoteWebDriver.startSession(RemoteWebDriver.java:213)
at org.openqa.selenium.remote.RemoteWebDriver.<init>(RemoteWebDriver.java:131)
at org.openqa.selenium.chrome.ChromeDriver.<init>(ChromeDriver.java:181)
at org.openqa.selenium.chrome.ChromeDriver.<init>(ChromeDriver.java:168)
at org.openqa.selenium.chrome.ChromeDriver.<init>(ChromeDriver.java:123)
at one.globalenglish.testCases.BaseClass.setup(BaseClass.java:55)
at sun.reflect.NativeMethodAccessorImpl.invoke0(Native Method)
at sun.reflect.NativeMethodAccessorImpl.invoke(NativeMethodAccessorImpl.java:62)
at sun.reflect.DelegatingMethodAccessorImpl.invoke(DelegatingMethodAccessorImpl.java:43)
at java.lang.reflect.Method.invoke(Method.java:498)
at org.testng.internal.MethodInvocationHelper.invokeMethod(MethodInvocationHelper.java:134)
at org.testng.internal.MethodInvocationHelper.invokeMethodConsideringTimeout(MethodInvocationHelper.java:63)
at org.testng.internal.ConfigInvoker.invokeConfigurationMethod(ConfigInvoker.java:348)
at org.testng.internal.ConfigInvoker.invokeConfigurations(ConfigInvoker.java:302)
at org.testng.internal.TestMethodWorker.invokeBeforeClassMethods(TestMethodWorker.java:176)
at org.testng.internal.TestMethodWorker.run(TestMethodWorker.java:122)
at java.util.concurrent.ThreadPoolExecutor.runWorker(ThreadPoolExecutor.java:1149)
at java.util.concurrent.ThreadPoolExecutor$Worker.run(ThreadPoolExecutor.java:624)
at java.lang.Thread.run(Thread.java:748)
]]>
            </full-stacktrace>
          </exception> <!-- org.openqa.selenium.SessionNotCreatedException -->
          <reporter-output>
          </reporter-output>
        </test-method> <!-- Cultures -->
        <test-method status="SKIP" signature="close()[pri:0, instance:one.globalenglish.testCases.TC_Culture_004@76f2b07d]" name="close" is-config="true" duration-ms="-1616084150325" started-at="2021-03-18T21:45:50 IST" finished-at="1970-01-01T05:30:00 IST">
          <reporter-output>
          </reporter-output>
        </test-method> <!-- close -->
      </class> <!-- one.globalenglish.testCases.TC_Culture_004 -->
      <class name="one.globalenglish.testCases.TC_SystemCheck_010">
        <test-method status="FAIL" signature="setup(java.lang.String)[pri:0, instance:one.globalenglish.testCases.TC_SystemCheck_010@4493d195]" name="setup" is-config="true" duration-ms="1654" started-at="2021-03-18T21:45:53 IST" finished-at="2021-03-18T21:45:55 IST">
          <params>
            <param index="0">
              <value>
                <![CDATA[chrome]]>
              </value>
            </param>
          </params>
          <exception class="org.openqa.selenium.SessionNotCreatedException">
            <message>
              <![CDATA[session not created: This version of ChromeDriver only supports Chrome version 87
Current browser version is 89.0.4389.90 with binary path C:\Program Files (x86)\Google\Chrome\Application\chrome.exe
Build info: version: '3.141.59', revision: 'e82be7d358', time: '2018-11-14T08:17:03'
System info: host: '441SN13', ip: '192.168.29.207', os.name: 'Windows 10', os.arch: 'amd64', os.version: '10.0', java.version: '1.8.0_271'
Driver info: driver.version: ChromeDriver
remote stacktrace: Backtrace:
Ordinal0 [0x00AFC0C3+3326147]
Ordinal0 [0x009E0851+2164817]
Ordinal0 [0x00867298+619160]
Ordinal0 [0x007E1D92+73106]
Ordinal0 [0x007DE119+57625]
Ordinal0 [0x007DC38A+50058]
Ordinal0 [0x00805F3E+220990]
Ordinal0 [0x00805CAC+220332]
Ordinal0 [0x0080189B+202907]
Ordinal0 [0x007E3DF4+81396]
Ordinal0 [0x007E4DEE+85486]
Ordinal0 [0x007E4D79+85369]
Ordinal0 [0x009F85DC+2262492]
GetHandleVerifier [0x00C82874+1487204]
GetHandleVerifier [0x00C823CD+1486013]
GetHandleVerifier [0x00C8A368+1518680]
GetHandleVerifier [0x00C82F4E+1488958]
Ordinal0 [0x009EED0D+2223373]
Ordinal0 [0x009FA12B+2269483]
Ordinal0 [0x009FA26F+2269807]
Ordinal0 [0x00A0ECB8+2354360]
BaseThreadInitThunk [0x750DF989+25]
RtlGetAppContainerNamedObjectPath [0x76FC7084+228]
RtlGetAppContainerNamedObjectPath [0x76FC7054+180]
]]>
            </message>
            <full-stacktrace>
              <![CDATA[org.openqa.selenium.SessionNotCreatedException: session not created: This version of ChromeDriver only supports Chrome version 87
Current browser version is 89.0.4389.90 with binary path C:\Program Files (x86)\Google\Chrome\Application\chrome.exe
Build info: version: '3.141.59', revision: 'e82be7d358', time: '2018-11-14T08:17:03'
System info: host: '441SN13', ip: '192.168.29.207', os.name: 'Windows 10', os.arch: 'amd64', os.version: '10.0', java.version: '1.8.0_271'
Driver info: driver.version: ChromeDriver
remote stacktrace: Backtrace:
Ordinal0 [0x00AFC0C3+3326147]
Ordinal0 [0x009E0851+2164817]
Ordinal0 [0x00867298+619160]
Ordinal0 [0x007E1D92+73106]
Ordinal0 [0x007DE119+57625]
Ordinal0 [0x007DC38A+50058]
Ordinal0 [0x00805F3E+220990]
Ordinal0 [0x00805CAC+220332]
Ordinal0 [0x0080189B+202907]
Ordinal0 [0x007E3DF4+81396]
Ordinal0 [0x007E4DEE+85486]
Ordinal0 [0x007E4D79+85369]
Ordinal0 [0x009F85DC+2262492]
GetHandleVerifier [0x00C82874+1487204]
GetHandleVerifier [0x00C823CD+1486013]
GetHandleVerifier [0x00C8A368+1518680]
GetHandleVerifier [0x00C82F4E+1488958]
Ordinal0 [0x009EED0D+2223373]
Ordinal0 [0x009FA12B+2269483]
Ordinal0 [0x009FA26F+2269807]
Ordinal0 [0x00A0ECB8+2354360]
BaseThreadInitThunk [0x750DF989+25]
RtlGetAppContainerNamedObjectPath [0x76FC7084+228]
RtlGetAppContainerNamedObjectPath [0x76FC7054+180]

at sun.reflect.NativeConstructorAccessorImpl.newInstance0(Native Method)
at sun.reflect.NativeConstructorAccessorImpl.newInstance(NativeConstructorAccessorImpl.java:62)
at sun.reflect.DelegatingConstructorAccessorImpl.newInstance(DelegatingConstructorAccessorImpl.java:45)
at java.lang.reflect.Constructor.newInstance(Constructor.java:423)
at org.openqa.selenium.remote.W3CHandshakeResponse.lambda$errorHandler$0(W3CHandshakeResponse.java:62)
at org.openqa.selenium.remote.HandshakeResponse.lambda$getResponseFunction$0(HandshakeResponse.java:30)
at org.openqa.selenium.remote.ProtocolHandshake.lambda$createSession$0(ProtocolHandshake.java:126)
at java.util.stream.ReferencePipeline$3$1.accept(ReferencePipeline.java:193)
at java.util.Spliterators$ArraySpliterator.tryAdvance(Spliterators.java:958)
at java.util.stream.ReferencePipeline.forEachWithCancel(ReferencePipeline.java:126)
at java.util.stream.AbstractPipeline.copyIntoWithCancel(AbstractPipeline.java:499)
at java.util.stream.AbstractPipeline.copyInto(AbstractPipeline.java:486)
at java.util.stream.AbstractPipeline.wrapAndCopyInto(AbstractPipeline.java:472)
at java.util.stream.FindOps$FindOp.evaluateSequential(FindOps.java:152)
at java.util.stream.AbstractPipeline.evaluate(AbstractPipeline.java:234)
at java.util.stream.ReferencePipeline.findFirst(ReferencePipeline.java:464)
at org.openqa.selenium.remote.ProtocolHandshake.createSession(ProtocolHandshake.java:128)
at org.openqa.selenium.remote.ProtocolHandshake.createSession(ProtocolHandshake.java:74)
at org.openqa.selenium.remote.HttpCommandExecutor.execute(HttpCommandExecutor.java:136)
at org.openqa.selenium.remote.service.DriverCommandExecutor.execute(DriverCommandExecutor.java:83)
at org.openqa.selenium.remote.RemoteWebDriver.execute(RemoteWebDriver.java:552)
at org.openqa.selenium.remote.RemoteWebDriver.startSession(RemoteWebDriver.java:213)
at org.openqa.selenium.remote.RemoteWebDriver.<init>(RemoteWebDriver.java:131)
at org.openqa.selenium.chrome.ChromeDriver.<init>(ChromeDriver.java:181)
at org.openqa.selenium.chrome.ChromeDriver.<init>(ChromeDriver.java:168)
at org.openqa.selenium.chrome.ChromeDriver.<init>(ChromeDriver.java:123)
at one.globalenglish.testCases.BaseClass.setup(BaseClass.java:55)
at sun.reflect.NativeMethodAccessorImpl.invoke0(Native Method)
at sun.reflect.NativeMethodAccessorImpl.invoke(NativeMethodAccessorImpl.java:62)
at sun.reflect.DelegatingMethodAccessorImpl.invoke(DelegatingMethodAccessorImpl.java:43)
at java.lang.reflect.Method.invoke(Method.java:498)
at org.testng.internal.MethodInvocationHelper.invokeMethod(MethodInvocationHelper.java:134)
at org.testng.internal.MethodInvocationHelper.invokeMethodConsideringTimeout(MethodInvocationHelper.java:63)
at org.testng.internal.ConfigInvoker.invokeConfigurationMethod(ConfigInvoker.java:348)
at org.testng.internal.ConfigInvoker.invokeConfigurations(ConfigInvoker.java:302)
at org.testng.internal.TestMethodWorker.invokeBeforeClassMethods(TestMethodWorker.java:176)
at org.testng.internal.TestMethodWorker.run(TestMethodWorker.java:122)
at java.util.concurrent.ThreadPoolExecutor.runWorker(ThreadPoolExecutor.java:1149)
at java.util.concurrent.ThreadPoolExecutor$Worker.run(ThreadPoolExecutor.java:624)
at java.lang.Thread.run(Thread.java:748)
]]>
            </full-stacktrace>
          </exception> <!-- org.openqa.selenium.SessionNotCreatedException -->
          <reporter-output>
          </reporter-output>
        </test-method> <!-- setup -->
        <test-method status="SKIP" signature="SystemCheckValidation()[pri:0, instance:one.globalenglish.testCases.TC_SystemCheck_010@4493d195]" name="SystemCheckValidation" duration-ms="0" started-at="2021-03-18T21:45:55 IST" finished-at="2021-03-18T21:45:55 IST">
          <exception class="org.openqa.selenium.SessionNotCreatedException">
            <message>
              <![CDATA[session not created: This version of ChromeDriver only supports Chrome version 87
Current browser version is 89.0.4389.90 with binary path C:\Program Files (x86)\Google\Chrome\Application\chrome.exe
Build info: version: '3.141.59', revision: 'e82be7d358', time: '2018-11-14T08:17:03'
System info: host: '441SN13', ip: '192.168.29.207', os.name: 'Windows 10', os.arch: 'amd64', os.version: '10.0', java.version: '1.8.0_271'
Driver info: driver.version: ChromeDriver
remote stacktrace: Backtrace:
Ordinal0 [0x00AFC0C3+3326147]
Ordinal0 [0x009E0851+2164817]
Ordinal0 [0x00867298+619160]
Ordinal0 [0x007E1D92+73106]
Ordinal0 [0x007DE119+57625]
Ordinal0 [0x007DC38A+50058]
Ordinal0 [0x00805F3E+220990]
Ordinal0 [0x00805CAC+220332]
Ordinal0 [0x0080189B+202907]
Ordinal0 [0x007E3DF4+81396]
Ordinal0 [0x007E4DEE+85486]
Ordinal0 [0x007E4D79+85369]
Ordinal0 [0x009F85DC+2262492]
GetHandleVerifier [0x00C82874+1487204]
GetHandleVerifier [0x00C823CD+1486013]
GetHandleVerifier [0x00C8A368+1518680]
GetHandleVerifier [0x00C82F4E+1488958]
Ordinal0 [0x009EED0D+2223373]
Ordinal0 [0x009FA12B+2269483]
Ordinal0 [0x009FA26F+2269807]
Ordinal0 [0x00A0ECB8+2354360]
BaseThreadInitThunk [0x750DF989+25]
RtlGetAppContainerNamedObjectPath [0x76FC7084+228]
RtlGetAppContainerNamedObjectPath [0x76FC7054+180]
]]>
            </message>
            <full-stacktrace>
              <![CDATA[org.openqa.selenium.SessionNotCreatedException: session not created: This version of ChromeDriver only supports Chrome version 87
Current browser version is 89.0.4389.90 with binary path C:\Program Files (x86)\Google\Chrome\Application\chrome.exe
Build info: version: '3.141.59', revision: 'e82be7d358', time: '2018-11-14T08:17:03'
System info: host: '441SN13', ip: '192.168.29.207', os.name: 'Windows 10', os.arch: 'amd64', os.version: '10.0', java.version: '1.8.0_271'
Driver info: driver.version: ChromeDriver
remote stacktrace: Backtrace:
Ordinal0 [0x00AFC0C3+3326147]
Ordinal0 [0x009E0851+2164817]
Ordinal0 [0x00867298+619160]
Ordinal0 [0x007E1D92+73106]
Ordinal0 [0x007DE119+57625]
Ordinal0 [0x007DC38A+50058]
Ordinal0 [0x00805F3E+220990]
Ordinal0 [0x00805CAC+220332]
Ordinal0 [0x0080189B+202907]
Ordinal0 [0x007E3DF4+81396]
Ordinal0 [0x007E4DEE+85486]
Ordinal0 [0x007E4D79+85369]
Ordinal0 [0x009F85DC+2262492]
GetHandleVerifier [0x00C82874+1487204]
GetHandleVerifier [0x00C823CD+1486013]
GetHandleVerifier [0x00C8A368+1518680]
GetHandleVerifier [0x00C82F4E+1488958]
Ordinal0 [0x009EED0D+2223373]
Ordinal0 [0x009FA12B+2269483]
Ordinal0 [0x009FA26F+2269807]
Ordinal0 [0x00A0ECB8+2354360]
BaseThreadInitThunk [0x750DF989+25]
RtlGetAppContainerNamedObjectPath [0x76FC7084+228]
RtlGetAppContainerNamedObjectPath [0x76FC7054+180]

at sun.reflect.NativeConstructorAccessorImpl.newInstance0(Native Method)
at sun.reflect.NativeConstructorAccessorImpl.newInstance(NativeConstructorAccessorImpl.java:62)
at sun.reflect.DelegatingConstructorAccessorImpl.newInstance(DelegatingConstructorAccessorImpl.java:45)
at java.lang.reflect.Constructor.newInstance(Constructor.java:423)
at org.openqa.selenium.remote.W3CHandshakeResponse.lambda$errorHandler$0(W3CHandshakeResponse.java:62)
at org.openqa.selenium.remote.HandshakeResponse.lambda$getResponseFunction$0(HandshakeResponse.java:30)
at org.openqa.selenium.remote.ProtocolHandshake.lambda$createSession$0(ProtocolHandshake.java:126)
at java.util.stream.ReferencePipeline$3$1.accept(ReferencePipeline.java:193)
at java.util.Spliterators$ArraySpliterator.tryAdvance(Spliterators.java:958)
at java.util.stream.ReferencePipeline.forEachWithCancel(ReferencePipeline.java:126)
at java.util.stream.AbstractPipeline.copyIntoWithCancel(AbstractPipeline.java:499)
at java.util.stream.AbstractPipeline.copyInto(AbstractPipeline.java:486)
at java.util.stream.AbstractPipeline.wrapAndCopyInto(AbstractPipeline.java:472)
at java.util.stream.FindOps$FindOp.evaluateSequential(FindOps.java:152)
at java.util.stream.AbstractPipeline.evaluate(AbstractPipeline.java:234)
at java.util.stream.ReferencePipeline.findFirst(ReferencePipeline.java:464)
at org.openqa.selenium.remote.ProtocolHandshake.createSession(ProtocolHandshake.java:128)
at org.openqa.selenium.remote.ProtocolHandshake.createSession(ProtocolHandshake.java:74)
at org.openqa.selenium.remote.HttpCommandExecutor.execute(HttpCommandExecutor.java:136)
at org.openqa.selenium.remote.service.DriverCommandExecutor.execute(DriverCommandExecutor.java:83)
at org.openqa.selenium.remote.RemoteWebDriver.execute(RemoteWebDriver.java:552)
at org.openqa.selenium.remote.RemoteWebDriver.startSession(RemoteWebDriver.java:213)
at org.openqa.selenium.remote.RemoteWebDriver.<init>(RemoteWebDriver.java:131)
at org.openqa.selenium.chrome.ChromeDriver.<init>(ChromeDriver.java:181)
at org.openqa.selenium.chrome.ChromeDriver.<init>(ChromeDriver.java:168)
at org.openqa.selenium.chrome.ChromeDriver.<init>(ChromeDriver.java:123)
at one.globalenglish.testCases.BaseClass.setup(BaseClass.java:55)
at sun.reflect.NativeMethodAccessorImpl.invoke0(Native Method)
at sun.reflect.NativeMethodAccessorImpl.invoke(NativeMethodAccessorImpl.java:62)
at sun.reflect.DelegatingMethodAccessorImpl.invoke(DelegatingMethodAccessorImpl.java:43)
at java.lang.reflect.Method.invoke(Method.java:498)
at org.testng.internal.MethodInvocationHelper.invokeMethod(MethodInvocationHelper.java:134)
at org.testng.internal.MethodInvocationHelper.invokeMethodConsideringTimeout(MethodInvocationHelper.java:63)
at org.testng.internal.ConfigInvoker.invokeConfigurationMethod(ConfigInvoker.java:348)
at org.testng.internal.ConfigInvoker.invokeConfigurations(ConfigInvoker.java:302)
at org.testng.internal.TestMethodWorker.invokeBeforeClassMethods(TestMethodWorker.java:176)
at org.testng.internal.TestMethodWorker.run(TestMethodWorker.java:122)
at java.util.concurrent.ThreadPoolExecutor.runWorker(ThreadPoolExecutor.java:1149)
at java.util.concurrent.ThreadPoolExecutor$Worker.run(ThreadPoolExecutor.java:624)
at java.lang.Thread.run(Thread.java:748)
]]>
            </full-stacktrace>
          </exception> <!-- org.openqa.selenium.SessionNotCreatedException -->
          <reporter-output>
          </reporter-output>
        </test-method> <!-- SystemCheckValidation -->
        <test-method status="SKIP" signature="close()[pri:0, instance:one.globalenglish.testCases.TC_SystemCheck_010@4493d195]" name="close" is-config="true" duration-ms="-1616084155255" started-at="2021-03-18T21:45:55 IST" finished-at="1970-01-01T05:30:00 IST">
          <reporter-output>
          </reporter-output>
        </test-method> <!-- close -->
      </class> <!-- one.globalenglish.testCases.TC_SystemCheck_010 -->
    </test> <!-- Test -->
  </suite> <!-- Suite -->
</testng-results>
